"File: main.c        Assembler  Version HGASM0202      Page 1


   1  0000              ; Generated by holtek-gcc v3.19, Mon Aug 14 20:23:21 2023
   2  0000              ; 
   3  0000              ; Configuration:
   4  0000              ;       with long instruction
   5  0000              ;       Multi-ROM, Multi-RAM
   6  0000              ;       bits_per_rom_unit:16
   7  0000              ;       with mp1
   8  0000              ;       with tbhp, address(0x9)
   9  0000              ;          Use tabrd-const
  10  0000              ;       
  11  0000              ; SFR address of long-instruction arch:
  12  0000              ;    mp0 = -1,1,0
  13  0000              ;    mp1 = 4,3,2
  14  0000              ;    mp2 = 14,13,12
  15  0000              ;    tbp = 9,7,8
  16  0000              ;    acc = 5
  17  0000              ;    pcl = 6
  18  0000              ;    status = 10
  19  0000              ;    bp = 11
  20  0000              ;    intc = 16
  21  0000              ;       
  22  0000              ;       
  23  0000              ; use 'tabrdc' instead of 'tabrd'
  24  0000              ;       
  25  0000              
  26  0000              #pragma translator "holtek-gcc 4.6.4" "3.19" "build 20130711"
  27  0000              ; Rebuild 718
  28  0000              
  29  0000              ir equ [2]
  30  0000              mp equ [3]
  31  0000              sbp equ [4]
  32  0000              acc equ [5]
  33  0000              bp equ [11]
  34  0000              tblp equ [7]
  35  0000              tbhp equ [9]
  36  0000              status equ [10]
  37  0000              c equ [10].0
  38  0000              ac equ [10].1
  39  0000              z equ [10].2
  40  0000              ov equ [10].3
  41  0000              cz equ [10].6
  42  0000              sc equ [10].7
  43  0000              intc equ [16]
  44  0000              mduwr0 equ [59h]
  45  0000              mduwr1 equ [5ah]
  46  0000              mduwr2 equ [5bh]
  47  0000              mduwr3 equ [5ch]
  48  0000              mduwr4 equ [5dh]
  49  0000              mduwr5 equ [5eh]
  50  0000              mduwrctrl equ [5fh]
  51  0000              
  52  0000              extern ra:byte
  53  0000              extern rb:byte
  54  0000              extern rc:byte
  55  0000              extern rd:byte
  56  0000              extern re:byte
  57  0000              extern rf:byte
  58  0000              extern rg:byte
  59  0000              extern rh:byte
"File: main.ASM      Assembler  Version HGASM0202      Page 2

  60  0000              extern _Crom2Prom:near
  61  0000              extern _Crom2PromNext:near
  62  0000              
  63  0000              RAMBANK 0 @BITDATASEC, @BITDATASEC1
  64  0000              @HCCINIT	.section 'data'
  65  0000              @HCCINIT0	.section 'data'
  66  0000              @BITDATASEC	 .section 'data'
  67  0000              @BITDATASEC1	 .section 'data'
  68  0000              
  69  0000              #pragma debug scope 1 1
  70  0000              	extern __DELAY3:near
  71  0000              	extern __DELAYX3:near
  72  0000              	extern __DELAYX6:near
  73  0000              	extern __DELAYY5:near
  74  0000              	extern __DELAYY3:near
  75  0000              	extern _builtin_holtek_delay_2:byte
  76  0000              ___wdtc equ [62]
  77  0000              ___pb equ [24]
  78  0000              ___pbc equ [25]
  79  0000              ___pbs0 equ [335]
  80  0000              ___ph equ [42]
  81  0000              ___phc equ [43]
  82  0000              ___ptm2c0 equ [290]
  83  0000              ___ptm2c1 equ [291]
  84  0000              public _main
  85  0000              #pragma debug scope 2 1

  29  0000              #line 29 "c:\users\朝^花\desktop\mike\holtek_c\project\20230206\main.c"
  29  0000              IFDEF WITH_DEFAULT_STARTUP
  29  0000              extern _main_initial0:near
  29  0000              extern _main_startup:near
  29  0000              ENDIF
  29  0000              
  29  0000              ROMBANK 0 @start
  29  0000              @start .section com_l 'code'
  29  0000              _main_startup1:
  29  0000              @start .section com_e 'code'
  29  0000  0F00     R  	mov a,bank _main
  29  0001  008B        	mov bp,a
  29  0002  2800     R  	jmp _main
  29  0003              
  29  0000              _main .section 'code'
  29  0000              _main proc
  31  0000              #line 31 "c:\users\朝^花\desktop\mike\holtek_c\project\20230206\main.c"
  31  0000  0FA8        	mov a,168
  31  0001  00BE        	mov [62],a
  32  0002              #line 32 "c:\users\朝^花\desktop\mike\holtek_c\project\20230206\main.c"
  32  0002  1F00     E  	clr _clockSetSystemSrc_2[1]
  32  0003  1F00     E  	clr _clockSetSystemSrc_2[0]
  32  0004  0F00        	mov a,0
  32  0005              	fcall _clockSetSystemSrc
  35  000C              #line 35 "c:\users\朝^花\desktop\mike\holtek_c\project\20230206\main.c"
  35  000C  3598        	clr [24].3
  36  000D              #line 36 "c:\users\朝^花\desktop\mike\holtek_c\project\20230206\main.c"
  36  000D  3599        	clr [25].3
  37  000E              #line 37 "c:\users\朝^花\desktop\mike\holtek_c\project\20230206\main.c"
  37  000E  0FC0        	mov a,192
  37  000F  80CF 0001   	lmov [335],a
  38  0011              #line 38 "c:\users\朝^花\desktop\mike\holtek_c\project\20230206\main.c"
  38  0011  342A        	clr [42].0
"File: main.c        Assembler  Version HGASM0202      Page 3

  39  0012              #line 39 "c:\users\朝^花\desktop\mike\holtek_c\project\20230206\main.c"
  39  0012  342B        	clr [43].0
  41  0013              #line 41 "c:\users\朝^花\desktop\mike\holtek_c\project\20230206\main.c"
  41  0013  3499        	clr [25].1
  43  0014              #line 43 "c:\users\朝^花\desktop\mike\holtek_c\project\20230206\main.c"
  43  0014              ;# 43 "c:\users\朝^花\desktop\mike\holtek_c\project\20230206\main.c" 1
  43  0014              	IF 200000>263690
  43  0014              ;# 43 "c:\users\朝^花\desktop\mike\holtek_c\project\20230206\main.c" 1
  43  0014              	ERRMESSAGE 'the value 200000of the argument exceeds the maxinum 263690'
  43  0014              	ENDIF
  43  0014              ;# 43 "c:\users\朝^花\desktop\mike\holtek_c\project\20230206\main.c" 1
  43  0014              	IF 200000<0
  43  0014              ;# 43 "c:\users\朝^花\desktop\mike\holtek_c\project\20230206\main.c" 1
  43  0014              	ERRMESSAGE 'the value 200000 of the argument exceeds the mininum 0'
  43  0014              	ENDIF
  43  0014              ;# 43 "c:\users\朝^花\desktop\mike\holtek_c\project\20230206\main.c" 1
  43  0014              	IF 200000==0
  43  0014              ;# 43 "c:\users\朝^花\desktop\mike\holtek_c\project\20230206\main.c" 1
  43  0014              	JMP $
  43  0014              	ENDIF
  43  0014              ;# 43 "c:\users\朝^花\desktop\mike\holtek_c\project\20230206\main.c" 1
  43  0014              	IF (200000>=1) AND (200000<( 4 + __PBP__ * 2))
  43  0014              ;# 43 "c:\users\朝^花\desktop\mike\holtek_c\project\20230206\main.c" 1
  43  0014              	NOP
  43  0014              	ENDIF
  43  0014              ;# 43 "c:\users\朝^花\desktop\mike\holtek_c\project\20230206\main.c" 1
  43  0014              	IF (200000>=2) AND (200000<( 4 + __PBP__ * 2))
  43  0014              ;# 43 "c:\users\朝^花\desktop\mike\holtek_c\project\20230206\main.c" 1
  43  0014              	NOP
  43  0014              	ENDIF
  43  0014              ;# 43 "c:\users\朝^花\desktop\mike\holtek_c\project\20230206\main.c" 1
  43  0014              	IF (200000>=3) AND (200000<( 4 + __PBP__ * 2))
  43  0014              ;# 43 "c:\users\朝^花\desktop\mike\holtek_c\project\20230206\main.c" 1
  43  0014              	NOP
  43  0014              	ENDIF
  43  0014              ;# 43 "c:\users\朝^花\desktop\mike\holtek_c\project\20230206\main.c" 1
  43  0014              	IF (200000>=4) AND (200000<( 4 + __PBP__ * 2)) AND ( __PBP__ > 0 )
  43  0014              ;# 43 "c:\users\朝^花\desktop\mike\holtek_c\project\20230206\main.c" 1
  43  0014              	NOP
  43  0014              	ENDIF
  43  0014              ;# 43 "c:\users\朝^花\desktop\mike\holtek_c\project\20230206\main.c" 1
  43  0014              	IF (200000>=5) AND (200000<( 4 + __PBP__ * 2)) AND ( __PBP__ > 0 )
  43  0014              ;# 43 "c:\users\朝^花\desktop\mike\holtek_c\project\20230206\main.c" 1
  43  0014              	NOP
  43  0014              	ENDIF
  43  0014              ;# 43 "c:\users\朝^花\desktop\mike\holtek_c\project\20230206\main.c" 1
  43  0014              	IF (200000>=6) AND (200000<( 4 + __PBP__ * 2))  AND ( __PBP__ > 1 )
  43  0014              ;# 43 "c:\users\朝^花\desktop\mike\holtek_c\project\20230206\main.c" 1
  43  0014              	NOP
  43  0014              	ENDIF
  43  0014              ;# 43 "c:\users\朝^花\desktop\mike\holtek_c\project\20230206\main.c" 1
  43  0014              	IF (200000>=7) AND (200000<( 4 + __PBP__ * 2))  AND ( __PBP__ > 1 )
  43  0014              ;# 43 "c:\users\朝^花\desktop\mike\holtek_c\project\20230206\main.c" 1
  43  0014              	NOP
  43  0014              	ENDIF
  43  0014              ;# 43 "c:\users\朝^花\desktop\mike\holtek_c\project\20230206\main.c" 1
  43  0014              	IF (200000>=8) AND (200000<( 4 + __PBP__ * 2))  AND ( __PBP__ > 2 )
  43  0014              ;# 43 "c:\users\朝^花\desktop\mike\holtek_c\project\20230206\main.c" 1
  43  0014              	NOP
  43  0014              	ENDIF
"File: main.c        Assembler  Version HGASM0202      Page 4

  43  0014              ;# 43 "c:\users\朝^花\desktop\mike\holtek_c\project\20230206\main.c" 1
  43  0014              	IF (200000==9)  AND ( __PBP__ > 2 )
  43  0014              ;# 43 "c:\users\朝^花\desktop\mike\holtek_c\project\20230206\main.c" 1
  43  0014              	NOP
  43  0014              	ENDIF
  43  0014              ;# 43 "c:\users\朝^花\desktop\mike\holtek_c\project\20230206\main.c" 1
  43  0014              	IF (200000< ( 8 + __PBP__ * 2)) AND (200000>( 3 + __PBP__ * 2))
  43  0014              ;# 43 "c:\users\朝^花\desktop\mike\holtek_c\project\20230206\main.c" 1
  43  0014              	fcall __DELAY3 + ( 7 + __PBP__ * 2) -200000
  43  0014              	ENDIF
  43  0014              ;# 43 "c:\users\朝^花\desktop\mike\holtek_c\project\20230206\main.c" 1
  43  0014              	IF (200000< ( 0404h + __PBP__ * 2)) AND (200000>( 7 + __PBP__ * 2))
  43  0014              ;# 43 "c:\users\朝^花\desktop\mike\holtek_c\project\20230206\main.c" 1
  43  0014              	MOV A,(200000-( 4 + __PBP__ * 2))/4
  43  0014              ;# 43 "c:\users\朝^花\desktop\mike\holtek_c\project\20230206\main.c" 1
  43  0014              	fcall __DELAYX3 + 3 -((200000-( 4 + __PBP__ * 2)) MOD 4) 
  43  0014              	ENDIF
  43  0014              ;# 43 "c:\users\朝^花\desktop\mike\holtek_c\project\20230206\main.c" 1
  43  0014              	IF (200000< ( 040bh + __PBP__ * 2)) AND (200000> ( 0403h + __PBP__ * 2))
  43  0014              ;# 43 "c:\users\朝^花\desktop\mike\holtek_c\project\20230206\main.c" 1
  43  0014              	MOV A,0 
  43  0014              ;# 43 "c:\users\朝^花\desktop\mike\holtek_c\project\20230206\main.c" 1
  43  0014              	fcall __DELAYX6 + ( 040ah + __PBP__ * 2) -200000
  43  0014              	ENDIF
  43  0014              ;# 43 "c:\users\朝^花\desktop\mike\holtek_c\project\20230206\main.c" 1
  43  0014              	IF (200000 >= ( 040bh + __PBP__ * 2)) AND ((((200000-( 9 + __PBP__ * 2))%0402h)/4+1)>256)
  43  0014              ;# 43 "c:\users\朝^花\desktop\mike\holtek_c\project\20230206\main.c" 1
  43  0014              	MOV A,(200000-( 9 + __PBP__ * 2))/0402h
  43  0014              ;# 43 "c:\users\朝^花\desktop\mike\holtek_c\project\20230206\main.c" 1
  43  0014              	MOV _builtin_holtek_delay_2,A
  43  0014              ;# 43 "c:\users\朝^花\desktop\mike\holtek_c\project\20230206\main.c" 1
  43  0014              	MOV A,0
  43  0014              ;# 43 "c:\users\朝^花\desktop\mike\holtek_c\project\20230206\main.c" 1
  43  0014              	fcall __DELAYY5 +5- (((200000-( 9 + __PBP__ * 2))%0402h)%6) 
  43  0014              	ENDIF
  43  0014              ;# 43 "c:\users\朝^花\desktop\mike\holtek_c\project\20230206\main.c" 1
  43  0014              	IF (200000 >= ( 040bh + __PBP__ * 2)) AND ((((200000-( 9 + __PBP__ * 2))%0402h)/4+1)<=256)
  43  0014              ;# 43 "c:\users\朝^花\desktop\mike\holtek_c\project\20230206\main.c" 1
  43  0014  0FC2        	MOV A,(200000-( 9 + __PBP__ * 2))/0402h
  43  0015              ;# 43 "c:\users\朝^花\desktop\mike\holtek_c\project\20230206\main.c" 1
  43  0015  0080     E  	MOV _builtin_holtek_delay_2,A
  43  0016              ;# 43 "c:\users\朝^花\desktop\mike\holtek_c\project\20230206\main.c" 1
  43  0016  0FEC        	MOV A,((200000-( 9 + __PBP__ * 2))%0402h)/4+1
  43  0017              ;# 43 "c:\users\朝^花\desktop\mike\holtek_c\project\20230206\main.c" 1
  43  0017              	fcall __DELAYY3 +3-(((200000-( 9 + __PBP__ * 2))%0402h)%4) 
  43  001E              	ENDIF
  44  001E              #line 44 "c:\users\朝^花\desktop\mike\holtek_c\project\20230206\main.c"
  44  001E  0F28        	mov a,40
  44  001F  80A2 0001   	lmov [290],a
  45  0021              #line 45 "c:\users\朝^花\desktop\mike\holtek_c\project\20230206\main.c"
  45  0021  0FA8        	mov a,168
  45  0022  80A3 0001   	lmov [291],a
  45  0024              _L2:
  61  0024              #line 61 "c:\users\朝^花\desktop\mike\holtek_c\project\20230206\main.c"
  61  0024  3098        	set [24].1
  62  0025              #line 62 "c:\users\朝^花\desktop\mike\holtek_c\project\20230206\main.c"
  62  0025              ;# 62 "c:\users\朝^花\desktop\mike\holtek_c\project\20230206\main.c" 1
  62  0025              	IF 1000>263690
  62  0025              ;# 62 "c:\users\朝^花\desktop\mike\holtek_c\project\20230206\main.c" 1
  62  0025              	ERRMESSAGE 'the value 1000of the argument exceeds the maxinum 263690'
"File: main.c        Assembler  Version HGASM0202      Page 5

  62  0025              	ENDIF
  62  0025              ;# 62 "c:\users\朝^花\desktop\mike\holtek_c\project\20230206\main.c" 1
  62  0025              	IF 1000<0
  62  0025              ;# 62 "c:\users\朝^花\desktop\mike\holtek_c\project\20230206\main.c" 1
  62  0025              	ERRMESSAGE 'the value 1000 of the argument exceeds the mininum 0'
  62  0025              	ENDIF
  62  0025              ;# 62 "c:\users\朝^花\desktop\mike\holtek_c\project\20230206\main.c" 1
  62  0025              	IF 1000==0
  62  0025              ;# 62 "c:\users\朝^花\desktop\mike\holtek_c\project\20230206\main.c" 1
  62  0025              	JMP $
  62  0025              	ENDIF
  62  0025              ;# 62 "c:\users\朝^花\desktop\mike\holtek_c\project\20230206\main.c" 1
  62  0025              	IF (1000>=1) AND (1000<( 4 + __PBP__ * 2))
  62  0025              ;# 62 "c:\users\朝^花\desktop\mike\holtek_c\project\20230206\main.c" 1
  62  0025              	NOP
  62  0025              	ENDIF
  62  0025              ;# 62 "c:\users\朝^花\desktop\mike\holtek_c\project\20230206\main.c" 1
  62  0025              	IF (1000>=2) AND (1000<( 4 + __PBP__ * 2))
  62  0025              ;# 62 "c:\users\朝^花\desktop\mike\holtek_c\project\20230206\main.c" 1
  62  0025              	NOP
  62  0025              	ENDIF
  62  0025              ;# 62 "c:\users\朝^花\desktop\mike\holtek_c\project\20230206\main.c" 1
  62  0025              	IF (1000>=3) AND (1000<( 4 + __PBP__ * 2))
  62  0025              ;# 62 "c:\users\朝^花\desktop\mike\holtek_c\project\20230206\main.c" 1
  62  0025              	NOP
  62  0025              	ENDIF
  62  0025              ;# 62 "c:\users\朝^花\desktop\mike\holtek_c\project\20230206\main.c" 1
  62  0025              	IF (1000>=4) AND (1000<( 4 + __PBP__ * 2)) AND ( __PBP__ > 0 )
  62  0025              ;# 62 "c:\users\朝^花\desktop\mike\holtek_c\project\20230206\main.c" 1
  62  0025              	NOP
  62  0025              	ENDIF
  62  0025              ;# 62 "c:\users\朝^花\desktop\mike\holtek_c\project\20230206\main.c" 1
  62  0025              	IF (1000>=5) AND (1000<( 4 + __PBP__ * 2)) AND ( __PBP__ > 0 )
  62  0025              ;# 62 "c:\users\朝^花\desktop\mike\holtek_c\project\20230206\main.c" 1
  62  0025              	NOP
  62  0025              	ENDIF
  62  0025              ;# 62 "c:\users\朝^花\desktop\mike\holtek_c\project\20230206\main.c" 1
  62  0025              	IF (1000>=6) AND (1000<( 4 + __PBP__ * 2))  AND ( __PBP__ > 1 )
  62  0025              ;# 62 "c:\users\朝^花\desktop\mike\holtek_c\project\20230206\main.c" 1
  62  0025              	NOP
  62  0025              	ENDIF
  62  0025              ;# 62 "c:\users\朝^花\desktop\mike\holtek_c\project\20230206\main.c" 1
  62  0025              	IF (1000>=7) AND (1000<( 4 + __PBP__ * 2))  AND ( __PBP__ > 1 )
  62  0025              ;# 62 "c:\users\朝^花\desktop\mike\holtek_c\project\20230206\main.c" 1
  62  0025              	NOP
  62  0025              	ENDIF
  62  0025              ;# 62 "c:\users\朝^花\desktop\mike\holtek_c\project\20230206\main.c" 1
  62  0025              	IF (1000>=8) AND (1000<( 4 + __PBP__ * 2))  AND ( __PBP__ > 2 )
  62  0025              ;# 62 "c:\users\朝^花\desktop\mike\holtek_c\project\20230206\main.c" 1
  62  0025              	NOP
  62  0025              	ENDIF
  62  0025              ;# 62 "c:\users\朝^花\desktop\mike\holtek_c\project\20230206\main.c" 1
  62  0025              	IF (1000==9)  AND ( __PBP__ > 2 )
  62  0025              ;# 62 "c:\users\朝^花\desktop\mike\holtek_c\project\20230206\main.c" 1
  62  0025              	NOP
  62  0025              	ENDIF
  62  0025              ;# 62 "c:\users\朝^花\desktop\mike\holtek_c\project\20230206\main.c" 1
  62  0025              	IF (1000< ( 8 + __PBP__ * 2)) AND (1000>( 3 + __PBP__ * 2))
  62  0025              ;# 62 "c:\users\朝^花\desktop\mike\holtek_c\project\20230206\main.c" 1
  62  0025              	fcall __DELAY3 + ( 7 + __PBP__ * 2) -1000
"File: main.c        Assembler  Version HGASM0202      Page 6

  62  0025              	ENDIF
  62  0025              ;# 62 "c:\users\朝^花\desktop\mike\holtek_c\project\20230206\main.c" 1
  62  0025              	IF (1000< ( 0404h + __PBP__ * 2)) AND (1000>( 7 + __PBP__ * 2))
  62  0025              ;# 62 "c:\users\朝^花\desktop\mike\holtek_c\project\20230206\main.c" 1
  62  0025  0FF7        	MOV A,(1000-( 4 + __PBP__ * 2))/4
  62  0026              ;# 62 "c:\users\朝^花\desktop\mike\holtek_c\project\20230206\main.c" 1
  62  0026              	fcall __DELAYX3 + 3 -((1000-( 4 + __PBP__ * 2)) MOD 4) 
  62  002D              	ENDIF
  62  002D              ;# 62 "c:\users\朝^花\desktop\mike\holtek_c\project\20230206\main.c" 1
  62  002D              	IF (1000< ( 040bh + __PBP__ * 2)) AND (1000> ( 0403h + __PBP__ * 2))
  62  002D              ;# 62 "c:\users\朝^花\desktop\mike\holtek_c\project\20230206\main.c" 1
  62  002D              	MOV A,0 
  62  002D              ;# 62 "c:\users\朝^花\desktop\mike\holtek_c\project\20230206\main.c" 1
  62  002D              	fcall __DELAYX6 + ( 040ah + __PBP__ * 2) -1000
  62  002D              	ENDIF
  62  002D              ;# 62 "c:\users\朝^花\desktop\mike\holtek_c\project\20230206\main.c" 1
  62  002D              	IF (1000 >= ( 040bh + __PBP__ * 2)) AND ((((1000-( 9 + __PBP__ * 2))%0402h)/4+1)>256)
  62  002D              ;# 62 "c:\users\朝^花\desktop\mike\holtek_c\project\20230206\main.c" 1
  62  002D              	MOV A,(1000-( 9 + __PBP__ * 2))/0402h
  62  002D              ;# 62 "c:\users\朝^花\desktop\mike\holtek_c\project\20230206\main.c" 1
  62  002D              	MOV _builtin_holtek_delay_2,A
  62  002D              ;# 62 "c:\users\朝^花\desktop\mike\holtek_c\project\20230206\main.c" 1
  62  002D              	MOV A,0
  62  002D              ;# 62 "c:\users\朝^花\desktop\mike\holtek_c\project\20230206\main.c" 1
  62  002D              	fcall __DELAYY5 +5- (((1000-( 9 + __PBP__ * 2))%0402h)%6) 
  62  002D              	ENDIF
  62  002D              ;# 62 "c:\users\朝^花\desktop\mike\holtek_c\project\20230206\main.c" 1
  62  002D              	IF (1000 >= ( 040bh + __PBP__ * 2)) AND ((((1000-( 9 + __PBP__ * 2))%0402h)/4+1)<=256)
  62  002D              ;# 62 "c:\users\朝^花\desktop\mike\holtek_c\project\20230206\main.c" 1
  62  002D              	MOV A,(1000-( 9 + __PBP__ * 2))/0402h
  62  002D              ;# 62 "c:\users\朝^花\desktop\mike\holtek_c\project\20230206\main.c" 1
  62  002D              	MOV _builtin_holtek_delay_2,A
  62  002D              ;# 62 "c:\users\朝^花\desktop\mike\holtek_c\project\20230206\main.c" 1
  62  002D              	MOV A,((1000-( 9 + __PBP__ * 2))%0402h)/4+1
  62  002D              ;# 62 "c:\users\朝^花\desktop\mike\holtek_c\project\20230206\main.c" 1
  62  002D              	fcall __DELAYY3 +3-(((1000-( 9 + __PBP__ * 2))%0402h)%4) 
  62  002D              	ENDIF
  63  002D              #line 63 "c:\users\朝^花\desktop\mike\holtek_c\project\20230206\main.c"
  63  002D  3498        	clr [24].1
  64  002E              #line 64 "c:\users\朝^花\desktop\mike\holtek_c\project\20230206\main.c"
  64  002E              ;# 64 "c:\users\朝^花\desktop\mike\holtek_c\project\20230206\main.c" 1
  64  002E              	IF 35980>263690
  64  002E              ;# 64 "c:\users\朝^花\desktop\mike\holtek_c\project\20230206\main.c" 1
  64  002E              	ERRMESSAGE 'the value 35980of the argument exceeds the maxinum 263690'
  64  002E              	ENDIF
  64  002E              ;# 64 "c:\users\朝^花\desktop\mike\holtek_c\project\20230206\main.c" 1
  64  002E              	IF 35980<0
  64  002E              ;# 64 "c:\users\朝^花\desktop\mike\holtek_c\project\20230206\main.c" 1
  64  002E              	ERRMESSAGE 'the value 35980 of the argument exceeds the mininum 0'
  64  002E              	ENDIF
  64  002E              ;# 64 "c:\users\朝^花\desktop\mike\holtek_c\project\20230206\main.c" 1
  64  002E              	IF 35980==0
  64  002E              ;# 64 "c:\users\朝^花\desktop\mike\holtek_c\project\20230206\main.c" 1
  64  002E              	JMP $
  64  002E              	ENDIF
  64  002E              ;# 64 "c:\users\朝^花\desktop\mike\holtek_c\project\20230206\main.c" 1
  64  002E              	IF (35980>=1) AND (35980<( 4 + __PBP__ * 2))
  64  002E              ;# 64 "c:\users\朝^花\desktop\mike\holtek_c\project\20230206\main.c" 1
  64  002E              	NOP
  64  002E              	ENDIF
"File: main.c        Assembler  Version HGASM0202      Page 7

  64  002E              ;# 64 "c:\users\朝^花\desktop\mike\holtek_c\project\20230206\main.c" 1
  64  002E              	IF (35980>=2) AND (35980<( 4 + __PBP__ * 2))
  64  002E              ;# 64 "c:\users\朝^花\desktop\mike\holtek_c\project\20230206\main.c" 1
  64  002E              	NOP
  64  002E              	ENDIF
  64  002E              ;# 64 "c:\users\朝^花\desktop\mike\holtek_c\project\20230206\main.c" 1
  64  002E              	IF (35980>=3) AND (35980<( 4 + __PBP__ * 2))
  64  002E              ;# 64 "c:\users\朝^花\desktop\mike\holtek_c\project\20230206\main.c" 1
  64  002E              	NOP
  64  002E              	ENDIF
  64  002E              ;# 64 "c:\users\朝^花\desktop\mike\holtek_c\project\20230206\main.c" 1
  64  002E              	IF (35980>=4) AND (35980<( 4 + __PBP__ * 2)) AND ( __PBP__ > 0 )
  64  002E              ;# 64 "c:\users\朝^花\desktop\mike\holtek_c\project\20230206\main.c" 1
  64  002E              	NOP
  64  002E              	ENDIF
  64  002E              ;# 64 "c:\users\朝^花\desktop\mike\holtek_c\project\20230206\main.c" 1
  64  002E              	IF (35980>=5) AND (35980<( 4 + __PBP__ * 2)) AND ( __PBP__ > 0 )
  64  002E              ;# 64 "c:\users\朝^花\desktop\mike\holtek_c\project\20230206\main.c" 1
  64  002E              	NOP
  64  002E              	ENDIF
  64  002E              ;# 64 "c:\users\朝^花\desktop\mike\holtek_c\project\20230206\main.c" 1
  64  002E              	IF (35980>=6) AND (35980<( 4 + __PBP__ * 2))  AND ( __PBP__ > 1 )
  64  002E              ;# 64 "c:\users\朝^花\desktop\mike\holtek_c\project\20230206\main.c" 1
  64  002E              	NOP
  64  002E              	ENDIF
  64  002E              ;# 64 "c:\users\朝^花\desktop\mike\holtek_c\project\20230206\main.c" 1
  64  002E              	IF (35980>=7) AND (35980<( 4 + __PBP__ * 2))  AND ( __PBP__ > 1 )
  64  002E              ;# 64 "c:\users\朝^花\desktop\mike\holtek_c\project\20230206\main.c" 1
  64  002E              	NOP
  64  002E              	ENDIF
  64  002E              ;# 64 "c:\users\朝^花\desktop\mike\holtek_c\project\20230206\main.c" 1
  64  002E              	IF (35980>=8) AND (35980<( 4 + __PBP__ * 2))  AND ( __PBP__ > 2 )
  64  002E              ;# 64 "c:\users\朝^花\desktop\mike\holtek_c\project\20230206\main.c" 1
  64  002E              	NOP
  64  002E              	ENDIF
  64  002E              ;# 64 "c:\users\朝^花\desktop\mike\holtek_c\project\20230206\main.c" 1
  64  002E              	IF (35980==9)  AND ( __PBP__ > 2 )
  64  002E              ;# 64 "c:\users\朝^花\desktop\mike\holtek_c\project\20230206\main.c" 1
  64  002E              	NOP
  64  002E              	ENDIF
  64  002E              ;# 64 "c:\users\朝^花\desktop\mike\holtek_c\project\20230206\main.c" 1
  64  002E              	IF (35980< ( 8 + __PBP__ * 2)) AND (35980>( 3 + __PBP__ * 2))
  64  002E              ;# 64 "c:\users\朝^花\desktop\mike\holtek_c\project\20230206\main.c" 1
  64  002E              	fcall __DELAY3 + ( 7 + __PBP__ * 2) -35980
  64  002E              	ENDIF
  64  002E              ;# 64 "c:\users\朝^花\desktop\mike\holtek_c\project\20230206\main.c" 1
  64  002E              	IF (35980< ( 0404h + __PBP__ * 2)) AND (35980>( 7 + __PBP__ * 2))
  64  002E              ;# 64 "c:\users\朝^花\desktop\mike\holtek_c\project\20230206\main.c" 1
  64  002E              	MOV A,(35980-( 4 + __PBP__ * 2))/4
  64  002E              ;# 64 "c:\users\朝^花\desktop\mike\holtek_c\project\20230206\main.c" 1
  64  002E              	fcall __DELAYX3 + 3 -((35980-( 4 + __PBP__ * 2)) MOD 4) 
  64  002E              	ENDIF
  64  002E              ;# 64 "c:\users\朝^花\desktop\mike\holtek_c\project\20230206\main.c" 1
  64  002E              	IF (35980< ( 040bh + __PBP__ * 2)) AND (35980> ( 0403h + __PBP__ * 2))
  64  002E              ;# 64 "c:\users\朝^花\desktop\mike\holtek_c\project\20230206\main.c" 1
  64  002E              	MOV A,0 
  64  002E              ;# 64 "c:\users\朝^花\desktop\mike\holtek_c\project\20230206\main.c" 1
  64  002E              	fcall __DELAYX6 + ( 040ah + __PBP__ * 2) -35980
  64  002E              	ENDIF
  64  002E              ;# 64 "c:\users\朝^花\desktop\mike\holtek_c\project\20230206\main.c" 1
"File: main.c        Assembler  Version HGASM0202      Page 8

  64  002E              	IF (35980 >= ( 040bh + __PBP__ * 2)) AND ((((35980-( 9 + __PBP__ * 2))%0402h)/4+1)>256)
  64  002E              ;# 64 "c:\users\朝^花\desktop\mike\holtek_c\project\20230206\main.c" 1
  64  002E              	MOV A,(35980-( 9 + __PBP__ * 2))/0402h
  64  002E              ;# 64 "c:\users\朝^花\desktop\mike\holtek_c\project\20230206\main.c" 1
  64  002E              	MOV _builtin_holtek_delay_2,A
  64  002E              ;# 64 "c:\users\朝^花\desktop\mike\holtek_c\project\20230206\main.c" 1
  64  002E              	MOV A,0
  64  002E              ;# 64 "c:\users\朝^花\desktop\mike\holtek_c\project\20230206\main.c" 1
  64  002E              	fcall __DELAYY5 +5- (((35980-( 9 + __PBP__ * 2))%0402h)%6) 
  64  002E              	ENDIF
  64  002E              ;# 64 "c:\users\朝^花\desktop\mike\holtek_c\project\20230206\main.c" 1
  64  002E              	IF (35980 >= ( 040bh + __PBP__ * 2)) AND ((((35980-( 9 + __PBP__ * 2))%0402h)/4+1)<=256)
  64  002E              ;# 64 "c:\users\朝^花\desktop\mike\holtek_c\project\20230206\main.c" 1
  64  002E  0F23        	MOV A,(35980-( 9 + __PBP__ * 2))/0402h
  64  002F              ;# 64 "c:\users\朝^花\desktop\mike\holtek_c\project\20230206\main.c" 1
  64  002F  0080     E  	MOV _builtin_holtek_delay_2,A
  64  0030              ;# 64 "c:\users\朝^花\desktop\mike\holtek_c\project\20230206\main.c" 1
  64  0030  0F0E        	MOV A,((35980-( 9 + __PBP__ * 2))%0402h)/4+1
  64  0031              ;# 64 "c:\users\朝^花\desktop\mike\holtek_c\project\20230206\main.c" 1
  64  0031              	fcall __DELAYY3 +3-(((35980-( 9 + __PBP__ * 2))%0402h)%4) 
  64  0038              	ENDIF
  64  0038  2800     R  	jmp _L2
  64  0039  2800     R  	jmp $
  64  003A              _main endp
  64  003A              
  64  003A              @dummy endp
  64  003A              
  64  003A              #line 64 "c:\users\朝^花\desktop\mike\holtek_c\project\20230206\main.c"
  64  003A              #pragma debug scope 1 1
  64  003A              public _delay
  64  003A              #pragma debug scope 3 1
 118  003A              #line 118 "c:\users\朝^花\desktop\mike\holtek_c\project\20230206\main.c"
 118  0000              _delay .section 'code'
 118  0000              _delay proc
 118  0000  1F00     E  	clr ra
 118  0001              _L5:
 121  0001              #line 121 "c:\users\朝^花\desktop\mike\holtek_c\project\20230206\main.c"
 121  0001              ;# 121 "c:\users\朝^花\desktop\mike\holtek_c\project\20230206\main.c" 1
 121  0001              	IF 250000>263690
 121  0001              ;# 121 "c:\users\朝^花\desktop\mike\holtek_c\project\20230206\main.c" 1
 121  0001              	ERRMESSAGE 'the value 250000of the argument exceeds the maxinum 263690'
 121  0001              	ENDIF
 121  0001              ;# 121 "c:\users\朝^花\desktop\mike\holtek_c\project\20230206\main.c" 1
 121  0001              	IF 250000<0
 121  0001              ;# 121 "c:\users\朝^花\desktop\mike\holtek_c\project\20230206\main.c" 1
 121  0001              	ERRMESSAGE 'the value 250000 of the argument exceeds the mininum 0'
 121  0001              	ENDIF
 121  0001              ;# 121 "c:\users\朝^花\desktop\mike\holtek_c\project\20230206\main.c" 1
 121  0001              	IF 250000==0
 121  0001              ;# 121 "c:\users\朝^花\desktop\mike\holtek_c\project\20230206\main.c" 1
 121  0001              	JMP $
 121  0001              	ENDIF
 121  0001              ;# 121 "c:\users\朝^花\desktop\mike\holtek_c\project\20230206\main.c" 1
 121  0001              	IF (250000>=1) AND (250000<( 4 + __PBP__ * 2))
 121  0001              ;# 121 "c:\users\朝^花\desktop\mike\holtek_c\project\20230206\main.c" 1
 121  0001              	NOP
 121  0001              	ENDIF
 121  0001              ;# 121 "c:\users\朝^花\desktop\mike\holtek_c\project\20230206\main.c" 1
 121  0001              	IF (250000>=2) AND (250000<( 4 + __PBP__ * 2))
 121  0001              ;# 121 "c:\users\朝^花\desktop\mike\holtek_c\project\20230206\main.c" 1
"File: main.c        Assembler  Version HGASM0202      Page 9

 121  0001              	NOP
 121  0001              	ENDIF
 121  0001              ;# 121 "c:\users\朝^花\desktop\mike\holtek_c\project\20230206\main.c" 1
 121  0001              	IF (250000>=3) AND (250000<( 4 + __PBP__ * 2))
 121  0001              ;# 121 "c:\users\朝^花\desktop\mike\holtek_c\project\20230206\main.c" 1
 121  0001              	NOP
 121  0001              	ENDIF
 121  0001              ;# 121 "c:\users\朝^花\desktop\mike\holtek_c\project\20230206\main.c" 1
 121  0001              	IF (250000>=4) AND (250000<( 4 + __PBP__ * 2)) AND ( __PBP__ > 0 )
 121  0001              ;# 121 "c:\users\朝^花\desktop\mike\holtek_c\project\20230206\main.c" 1
 121  0001              	NOP
 121  0001              	ENDIF
 121  0001              ;# 121 "c:\users\朝^花\desktop\mike\holtek_c\project\20230206\main.c" 1
 121  0001              	IF (250000>=5) AND (250000<( 4 + __PBP__ * 2)) AND ( __PBP__ > 0 )
 121  0001              ;# 121 "c:\users\朝^花\desktop\mike\holtek_c\project\20230206\main.c" 1
 121  0001              	NOP
 121  0001              	ENDIF
 121  0001              ;# 121 "c:\users\朝^花\desktop\mike\holtek_c\project\20230206\main.c" 1
 121  0001              	IF (250000>=6) AND (250000<( 4 + __PBP__ * 2))  AND ( __PBP__ > 1 )
 121  0001              ;# 121 "c:\users\朝^花\desktop\mike\holtek_c\project\20230206\main.c" 1
 121  0001              	NOP
 121  0001              	ENDIF
 121  0001              ;# 121 "c:\users\朝^花\desktop\mike\holtek_c\project\20230206\main.c" 1
 121  0001              	IF (250000>=7) AND (250000<( 4 + __PBP__ * 2))  AND ( __PBP__ > 1 )
 121  0001              ;# 121 "c:\users\朝^花\desktop\mike\holtek_c\project\20230206\main.c" 1
 121  0001              	NOP
 121  0001              	ENDIF
 121  0001              ;# 121 "c:\users\朝^花\desktop\mike\holtek_c\project\20230206\main.c" 1
 121  0001              	IF (250000>=8) AND (250000<( 4 + __PBP__ * 2))  AND ( __PBP__ > 2 )
 121  0001              ;# 121 "c:\users\朝^花\desktop\mike\holtek_c\project\20230206\main.c" 1
 121  0001              	NOP
 121  0001              	ENDIF
 121  0001              ;# 121 "c:\users\朝^花\desktop\mike\holtek_c\project\20230206\main.c" 1
 121  0001              	IF (250000==9)  AND ( __PBP__ > 2 )
 121  0001              ;# 121 "c:\users\朝^花\desktop\mike\holtek_c\project\20230206\main.c" 1
 121  0001              	NOP
 121  0001              	ENDIF
 121  0001              ;# 121 "c:\users\朝^花\desktop\mike\holtek_c\project\20230206\main.c" 1
 121  0001              	IF (250000< ( 8 + __PBP__ * 2)) AND (250000>( 3 + __PBP__ * 2))
 121  0001              ;# 121 "c:\users\朝^花\desktop\mike\holtek_c\project\20230206\main.c" 1
 121  0001              	fcall __DELAY3 + ( 7 + __PBP__ * 2) -250000
 121  0001              	ENDIF
 121  0001              ;# 121 "c:\users\朝^花\desktop\mike\holtek_c\project\20230206\main.c" 1
 121  0001              	IF (250000< ( 0404h + __PBP__ * 2)) AND (250000>( 7 + __PBP__ * 2))
 121  0001              ;# 121 "c:\users\朝^花\desktop\mike\holtek_c\project\20230206\main.c" 1
 121  0001              	MOV A,(250000-( 4 + __PBP__ * 2))/4
 121  0001              ;# 121 "c:\users\朝^花\desktop\mike\holtek_c\project\20230206\main.c" 1
 121  0001              	fcall __DELAYX3 + 3 -((250000-( 4 + __PBP__ * 2)) MOD 4) 
 121  0001              	ENDIF
 121  0001              ;# 121 "c:\users\朝^花\desktop\mike\holtek_c\project\20230206\main.c" 1
 121  0001              	IF (250000< ( 040bh + __PBP__ * 2)) AND (250000> ( 0403h + __PBP__ * 2))
 121  0001              ;# 121 "c:\users\朝^花\desktop\mike\holtek_c\project\20230206\main.c" 1
 121  0001              	MOV A,0 
 121  0001              ;# 121 "c:\users\朝^花\desktop\mike\holtek_c\project\20230206\main.c" 1
 121  0001              	fcall __DELAYX6 + ( 040ah + __PBP__ * 2) -250000
 121  0001              	ENDIF
 121  0001              ;# 121 "c:\users\朝^花\desktop\mike\holtek_c\project\20230206\main.c" 1
 121  0001              	IF (250000 >= ( 040bh + __PBP__ * 2)) AND ((((250000-( 9 + __PBP__ * 2))%0402h)/4+1)>256)
 121  0001              ;# 121 "c:\users\朝^花\desktop\mike\holtek_c\project\20230206\main.c" 1
 121  0001              	MOV A,(250000-( 9 + __PBP__ * 2))/0402h
"File: main.c        Assembler  Version HGASM0202      Page 10

 121  0001              ;# 121 "c:\users\朝^花\desktop\mike\holtek_c\project\20230206\main.c" 1
 121  0001              	MOV _builtin_holtek_delay_2,A
 121  0001              ;# 121 "c:\users\朝^花\desktop\mike\holtek_c\project\20230206\main.c" 1
 121  0001              	MOV A,0
 121  0001              ;# 121 "c:\users\朝^花\desktop\mike\holtek_c\project\20230206\main.c" 1
 121  0001              	fcall __DELAYY5 +5- (((250000-( 9 + __PBP__ * 2))%0402h)%6) 
 121  0001              	ENDIF
 121  0001              ;# 121 "c:\users\朝^花\desktop\mike\holtek_c\project\20230206\main.c" 1
 121  0001              	IF (250000 >= ( 040bh + __PBP__ * 2)) AND ((((250000-( 9 + __PBP__ * 2))%0402h)/4+1)<=256)
 121  0001              ;# 121 "c:\users\朝^花\desktop\mike\holtek_c\project\20230206\main.c" 1
 121  0001  0FF3        	MOV A,(250000-( 9 + __PBP__ * 2))/0402h
 121  0002              ;# 121 "c:\users\朝^花\desktop\mike\holtek_c\project\20230206\main.c" 1
 121  0002  0080     E  	MOV _builtin_holtek_delay_2,A
 121  0003              ;# 121 "c:\users\朝^花\desktop\mike\holtek_c\project\20230206\main.c" 1
 121  0003  0FA7        	MOV A,((250000-( 9 + __PBP__ * 2))%0402h)/4+1
 121  0004              ;# 121 "c:\users\朝^花\desktop\mike\holtek_c\project\20230206\main.c" 1
 121  0004              	fcall __DELAYY3 +3-(((250000-( 9 + __PBP__ * 2))%0402h)%4) 
 121  000B              	ENDIF
 119  000B              #line 119 "c:\users\朝^花\desktop\mike\holtek_c\project\20230206\main.c"
 119  000B  1480     E  	inc ra
 119  000C  0F09        	mov a,9
 119  000D  0200     E  	sub a,ra
 119  000E  3C0A        	sz c
 119  000F  2800     R  	jmp _L5
 119  0010  0700     E  	mov a,ra
 119  0011  0080     R  	mov _z[0],a
 119  0012  0003        	ret
 119  0013              _delay endp
 119  0013              #line 119 "c:\users\朝^花\desktop\mike\holtek_c\project\20230206\main.c"
 119  0013              #pragma debug scope 1 1
 119  0013              public _LVD
 119  0013              #pragma debug scope 4 1
 127  0013              #line 127 "c:\users\朝^花\desktop\mike\holtek_c\project\20230206\main.c"
 127  0013              rombank 0 @LVD_code
 127  0000              @LVD_code .section at 44 'code'
 127  0000  0080     E  	mov r1,a
 127  0001  070B        	mov a,bp
 127  0002  1F0B        	clr bp
 127  0003  2800     R  	jmp _LVD
 127  0004              ROMBANK 0 _LVD
 127  0004              #pragma debug scope 1 1
 127  0004              @dummy44 endp
 127  0004              #pragma debug scope 5 1
 127  0000              _LVD .section 'code'
 127  0000              _LVD proc
 127  0000  0080     E  	mov r2,a
 127  0001  070A        	mov a, status
 127  0002  0080     E  	mov r3,a
 127  0003  0703        	mov a,mp
 127  0004  0080     E  	mov r4,a
 127  0005  0704        	mov a,sbp
 127  0006  0080     E  	mov r5,a
 127  0007  0707        	mov a,tblp
 127  0008  0080     E  	mov r6,a
 127  0009  0709        	mov a,tbhp
 127  000A  0080     E  	mov r7,a
 128  000B              #line 128 "c:\users\朝^花\desktop\mike\holtek_c\project\20230206\main.c"
 128  000B  302A        	set [42].0
 129  000C              #line 129 "c:\users\朝^花\desktop\mike\holtek_c\project\20230206\main.c"
 129  000C              	fcall _delay
"File: main.c        Assembler  Version HGASM0202      Page 11

 130  0013              #line 130 "c:\users\朝^花\desktop\mike\holtek_c\project\20230206\main.c"
 130  0013  342A        	clr [42].0
 131  0014              #line 131 "c:\users\朝^花\desktop\mike\holtek_c\project\20230206\main.c"
 131  0014              	fcall _delay
 131  001B  0700     E  	mov a,r2
 131  001C  008B        	mov bp,a
 131  001D  0700     E  	mov a,r3
 131  001E  008A        	mov status,a
 131  001F  0700     E  	mov a,r4
 131  0020  0083        	mov mp,a
 131  0021  0700     E  	mov a,r5
 131  0022  0084        	mov sbp,a
 131  0023  0700     E  	mov a,r6
 131  0024  0087        	mov tblp,a
 131  0025  0700     E  	mov a,r7
 131  0026  0089        	mov tbhp,a
 131  0027  1D05        	tabrdc acc
 131  0028  0700     E  	mov a,r1
 131  0029  0004        	reti
 131  002A              _LVD endp
 131  002A              
 131  002A              #line 131 "c:\users\朝^花\desktop\mike\holtek_c\project\20230206\main.c"
 131  002A              #pragma debug scope 1 1
  16  002A              #line 16 "c:\users\朝^花\desktop\mike\holtek_c\project\20230206\main.c"
  16  002A              public _d
  16  0000              @HCCINIT0_d .section 'data'
  16  0000  0004[       _d	db 4 dup(0)
            00
            ]
  16  0004              #pragma debug variable 14 1 _d "d"
  16  0004              
  16  0000              @HCCINIT .section 'data'
  16  0000              #line 16 "c:\users\朝^花\desktop\mike\holtek_c\project\20230206\main.c"
  16  0000              public _c
  16  0000              @HCCINIT0_c .section 'data'
  16  0000  0004[       _c	db 4 dup(0)
            00
            ]
  16  0004              #pragma debug variable 14 1 _c "c"
  16  0004              
  16  0000              @HCCINIT .section 'data'
  16  0000              #line 16 "c:\users\朝^花\desktop\mike\holtek_c\project\20230206\main.c"
  16  0000              public _b
  16  0000              @HCCINIT0_b .section 'data'
  16  0000  0004[       _b	db 4 dup(0)
            00
            ]
  16  0004              #pragma debug variable 14 1 _b "b"
  16  0004              
  16  0000              @HCCINIT .section 'data'
  16  0000              #line 16 "c:\users\朝^花\desktop\mike\holtek_c\project\20230206\main.c"
  16  0000              public _a
  16  0000              @HCCINIT0_a .section 'data'
  16  0000  0004[       _a	db 4 dup(0)
            00
            ]
  16  0004              #pragma debug variable 14 1 _a "a"
  16  0004              
  16  0000              @HCCINIT .section 'data'
  12  0000              #line 12 "c:\users\朝^花\desktop\mike\holtek_c\project\20230206\main.c"
"File: main.c        Assembler  Version HGASM0202      Page 12

  12  0000              public _X
  12  0000              @HCCINIT0_X .section 'data'
  12  0000              _X	db 0
  12  0001              #pragma debug variable 7 1 _X "X"
  12  0001              
  12  0000              @HCCINIT .section 'data'
  12  0000              #line 12 "c:\users\朝^花\desktop\mike\holtek_c\project\20230206\main.c"
  12  0000              public _i
  12  0000              @HCCINIT0_i .section 'data'
  12  0000              _i	db 0
  12  0001              #pragma debug variable 7 1 _i "i"
  12  0001              
  12  0000              @HCCINIT .section 'data'
  10  0000              #line 10 "c:\users\朝^花\desktop\mike\holtek_c\project\20230206\main.c"
  10  0000              public _z
  10  0000              @HCCINIT0_z .section 'data'
  10  0000              _z	db 0
  10  0001              #pragma debug variable 8 1 _z "z"
  10  0001              
  10  0000              @HCCINIT .section 'data'
   9  0000              #line 9 "c:\users\朝^花\desktop\mike\holtek_c\project\20230206\main.c"
   9  0000              public _data
   9  0000              @HCCINIT0_data .section 'data'
   9  0000  0014[       _data	db 20 dup(0)
            00
            ]
   9  0014              #pragma debug array 42 11 10 1
   9  0014              #pragma debug array 42 11 10 1
   9  0014              #pragma debug variable 42 1 _data "data"
   9  0014              
   9  0000              @HCCINIT .section 'data'
   9  0000              #pragma debug struct_end
   9  0000              #pragma debug struct_end
   9  0000              #pragma debug union_end
   9  0000              #pragma debug union_end
   9  0000              #pragma debug variable 44 1 ___pb "__pb" 1
   9  0000              #pragma debug struct_end
   9  0000              #pragma debug struct_end
   9  0000              #pragma debug union_end
   9  0000              #pragma debug union_end
   9  0000              #pragma debug variable 46 1 ___pbc "__pbc" 1
   9  0000              #pragma debug struct_end
   9  0000              #pragma debug struct_end
   9  0000              #pragma debug union_end
   9  0000              #pragma debug union_end
   9  0000              #pragma debug variable 48 1 ___ph "__ph" 1
   9  0000              #pragma debug struct_end
   9  0000              #pragma debug struct_end
   9  0000              #pragma debug union_end
   9  0000              #pragma debug union_end
   9  0000              #pragma debug variable 50 1 ___phc "__phc" 1
   9  0000              #pragma debug struct_end
   9  0000              #pragma debug struct_end
   9  0000              #pragma debug union_end
   9  0000              #pragma debug union_end
   9  0000              #pragma debug variable 52 1 ___wdtc "__wdtc" 1
   9  0000              #pragma debug struct_end
   9  0000              #pragma debug struct_end
   9  0000              #pragma debug union_end
   9  0000              #pragma debug union_end
"File: main.c        Assembler  Version HGASM0202      Page 13

   9  0000              #pragma debug variable 54 1 ___ptm2c0 "__ptm2c0" 1
   9  0000              #pragma debug struct_end
   9  0000              #pragma debug struct_end
   9  0000              #pragma debug union_end
   9  0000              #pragma debug union_end
   9  0000              #pragma debug variable 56 1 ___ptm2c1 "__ptm2c1" 1
   9  0000              #pragma debug struct_end
   9  0000              #pragma debug struct_end
   9  0000              #pragma debug union_end
   9  0000              #pragma debug union_end
   9  0000              #pragma debug variable 58 1 ___pbs0 "__pbs0" 1
   9  0000              extern r1:byte
   9  0000              extern r2:byte
   9  0000              extern r3:byte
   9  0000              extern r4:byte
   9  0000              extern r5:byte
   9  0000              extern r6:byte
   9  0000              extern r7:byte
  29  0000              #line 29 "c:\users\朝^花\desktop\mike\holtek_c\project\20230206\main.c"
  29  0000              @code .section at 0 'code'
  29  0000  1F0B        	clr bp
  29  0001  2800     R  	jmp _main_startup1
  29  0002              
  29  0002              extern _clockSetSystemSrc_2:byte
  29  0002              extern _clockSetSystemSrc:near
  29  0002              
  29  0002              ; 
  29  0002              ; Generated by holtek-gcc v3.19, Mon Aug 14 20:23:21 2023
  29  0002              ; Rebuild 718
  29  0002              ; end of file


        0 Errors, 0