"File: GPIO.c        Assembler  Version HGASM0202      Page 1


   1  0000              ; Generated by holtek-gcc v3.19, Wed Jun 21 19:52:36 2023
   2  0000              ; 
   3  0000              ; Configuration:
   4  0000              ;       with long instruction
   5  0000              ;       Multi-ROM, Multi-RAM
   6  0000              ;       bits_per_rom_unit:16
   7  0000              ;       with mp1
   8  0000              ;       with tbhp, address(0x9)
   9  0000              ;          Use tabrd-const
  10  0000              ;       
  11  0000              ; SFR address of long-instruction arch:
  12  0000              ;    mp0 = -1,1,0
  13  0000              ;    mp1 = 4,3,2
  14  0000              ;    mp2 = 14,13,12
  15  0000              ;    tbp = 9,7,8
  16  0000              ;    acc = 5
  17  0000              ;    pcl = 6
  18  0000              ;    status = 10
  19  0000              ;    bp = 11
  20  0000              ;    intc = 16
  21  0000              ;       
  22  0000              ;       
  23  0000              ; use 'tabrdc' instead of 'tabrd'
  24  0000              ;       
  25  0000              
  26  0000              #pragma translator "holtek-gcc 4.6.4" "3.19" "build 20130711"
  27  0000              ; Rebuild 718
  28  0000              
  29  0000              ir equ [2]
  30  0000              mp equ [3]
  31  0000              sbp equ [4]
  32  0000              acc equ [5]
  33  0000              bp equ [11]
  34  0000              tblp equ [7]
  35  0000              tbhp equ [9]
  36  0000              status equ [10]
  37  0000              c equ [10].0
  38  0000              ac equ [10].1
  39  0000              z equ [10].2
  40  0000              ov equ [10].3
  41  0000              cz equ [10].6
  42  0000              sc equ [10].7
  43  0000              intc equ [16]
  44  0000              mduwr0 equ [59h]
  45  0000              mduwr1 equ [5ah]
  46  0000              mduwr2 equ [5bh]
  47  0000              mduwr3 equ [5ch]
  48  0000              mduwr4 equ [5dh]
  49  0000              mduwr5 equ [5eh]
  50  0000              mduwrctrl equ [5fh]
  51  0000              
  52  0000              extern ra:byte
  53  0000              extern rb:byte
  54  0000              extern rc:byte
  55  0000              extern rd:byte
  56  0000              extern re:byte
  57  0000              extern rf:byte
  58  0000              extern rg:byte
  59  0000              extern rh:byte
"File: GPIO.ASM      Assembler  Version HGASM0202      Page 2

  60  0000              extern _Crom2Prom:near
  61  0000              extern _Crom2PromNext:near
  62  0000              
  63  0000              RAMBANK 0 @BITDATASEC, @BITDATASEC1
  64  0000              @HCCINIT	.section 'data'
  65  0000              @HCCINIT0	.section 'data'
  66  0000              @BITDATASEC	 .section 'data'
  67  0000              @BITDATASEC1	 .section 'data'
  68  0000              
  69  0000              #pragma debug scope 1 1
  70  0000              	extern __DELAY3:near
  71  0000              	extern __DELAYX3:near
  72  0000              	extern __DELAYX6:near
  73  0000              	extern __DELAYY5:near
  74  0000              	extern __DELAYY3:near
  75  0000              	extern _builtin_holtek_delay_2:byte
  76  0000              ___pa equ [20]
  77  0000              ___pac equ [21]
  78  0000              ___pcc equ [28]
  79  0000              ___pb equ [24]
  80  0000              ___pbc equ [25]
  81  0000              ___pc equ [27]
  82  0000              ___pd equ [30]
  83  0000              ___pdc equ [31]
  84  0000              public _gpioPinMode
  85  0000              #pragma debug scope 2 1

  12  0000              #line 12 "d:\mike\holtek_c\componets\common\GPIO.c"
  12  0000              _gpioPinMode .section 'code'
  12  0000              _gpioPinMode proc
  12  0000              public _gpioPinMode_2
  12  0000  0004[           local _gpioPinMode_2 db 4 dup(?)	; 2,2
            00
            ]
  12  0000  0080     E  	mov ra,a
  12  0001  0080     R  	mov _gpioPinMode_2[2],a
  12  0002              #pragma debug variable 8 2 _gpioPinMode_2+2 "pin"
  12  0002              #pragma debug variable 8 2 _gpioPinMode_2+0 "number"
  12  0002              #pragma debug variable 8 2 _gpioPinMode_2+1 "states"
  13  0002              #line 13 "d:\mike\holtek_c\componets\common\GPIO.c"
  13  0002  0700     E  	mov a,ra
  13  0003  0EF0        	and a,240
  13  0004  0080     R  	mov _gpioPinMode_2[3],a
  13  0005  0700     R  	mov a,_gpioPinMode_2[3]
  13  0006  0A00        	sub a,0
  13  0007  3D0A        	sz z
  13  0008  2800     R  	jmp _L3
  13  0009  0A10        	sub a,(16)-(0)
  13  000A  3D0A        	sz z
  13  000B  2800     R  	jmp _L4
  13  000C              #line 13 "d:\mike\holtek_c\componets\common\GPIO.c"
  13  000C  0700     R  	mov a,_gpioPinMode_2[3]
  13  000D  0A20        	sub a,32
  13  000E  3D0A        	sz z
  13  000F  2800     R  	jmp _L5
  13  0010  0700     R  	mov a,_gpioPinMode_2[3]
  13  0011  0A30        	sub a,48
  13  0012  390A        	snz z
  13  0013  2800     R  	jmp _L1
  13  0014  2800     R  	jmp _L14
"File: GPIO.c        Assembler  Version HGASM0202      Page 3

  13  0015              _L3:
  17  0015              #line 17 "d:\mike\holtek_c\componets\common\GPIO.c"
  17  0015  1F14        	clr [20]
  18  0016              #line 18 "d:\mike\holtek_c\componets\common\GPIO.c"
  18  0016  1080     R  	sz _gpioPinMode_2[1]
  18  0017  2800     R  	jmp _L7
  20  0018              #line 20 "d:\mike\holtek_c\componets\common\GPIO.c"
  20  0018  0F01        	mov a,1
  20  0019  0080     E  	mov rb,a
  20  001A  1F00     E  	clr rc
  20  001B  1400     R  	inca _gpioPinMode_2[0]
  20  001C  2800     R  	jmp _LI1
  20  001D              _LI2:
  20  001D  340A        	clr c
  20  001E  1A80     E  	rlc rb
  20  001F  1A80     E  	rlc rc
  20  0020              _LI1:
  20  0020  1785        	sdz acc
  20  0021  2800     R  	jmp _LI2
  20  0022  0100     E  	cpla rb
  20  0023  0080     E  	mov rb,a
  20  0024  0700     E  	mov a,rb
  20  0025  0695        	andm a,[21]
  21  0026              #line 21 "d:\mike\holtek_c\componets\common\GPIO.c"
  21  0026  071C        	mov a,[28]
  21  0027  0095        	mov [21],a
  21  0028  2800     R  	jmp _L1
  21  0029              _L7:
  24  0029              #line 24 "d:\mike\holtek_c\componets\common\GPIO.c"
  24  0029  1700     R  	sdza _gpioPinMode_2[1]
  24  002A  2800     R  	jmp _L1
  26  002B              #line 26 "d:\mike\holtek_c\componets\common\GPIO.c"
  26  002B  0F01        	mov a,1
  26  002C  0080     E  	mov rb,a
  26  002D  1F00     E  	clr rc
  26  002E  1400     R  	inca _gpioPinMode_2[0]
  26  002F  2800     R  	jmp _LI3
  26  0030              _LI4:
  26  0030  340A        	clr c
  26  0031  1A80     E  	rlc rb
  26  0032  1A80     E  	rlc rc
  26  0033              _LI3:
  26  0033  1785        	sdz acc
  26  0034  2800     R  	jmp _LI4
  26  0035  0100     E  	cpla rb
  26  0036  0080     E  	mov ra,a
  26  0037  0700     E  	mov a,ra
  26  0038  0695        	andm a,[21]
  27  0039              #line 27 "d:\mike\holtek_c\componets\common\GPIO.c"
  27  0039  0700     E  	mov a,rb
  27  003A  0595        	orm a,[21]
  27  003B  2800     R  	jmp _L1
  27  003C              _L4:
  31  003C              #line 31 "d:\mike\holtek_c\componets\common\GPIO.c"
  31  003C  1F18        	clr [24]
  32  003D              #line 32 "d:\mike\holtek_c\componets\common\GPIO.c"
  32  003D  1080     R  	sz _gpioPinMode_2[1]
  32  003E  2800     R  	jmp _L9
  34  003F              #line 34 "d:\mike\holtek_c\componets\common\GPIO.c"
  34  003F  0F01        	mov a,1
"File: GPIO.c        Assembler  Version HGASM0202      Page 4

  34  0040  0080     E  	mov rb,a
  34  0041  1F00     E  	clr rc
  34  0042  1400     R  	inca _gpioPinMode_2[0]
  34  0043  2800     R  	jmp _LI5
  34  0044              _LI6:
  34  0044  340A        	clr c
  34  0045  1A80     E  	rlc rb
  34  0046  1A80     E  	rlc rc
  34  0047              _LI5:
  34  0047  1785        	sdz acc
  34  0048  2800     R  	jmp _LI6
  34  0049  0100     E  	cpla rb
  34  004A  0080     E  	mov rb,a
  34  004B  0700     E  	mov a,rb
  34  004C  0699        	andm a,[25]
  34  004D  2800     R  	jmp _L1
  34  004E              _L9:
  38  004E              #line 38 "d:\mike\holtek_c\componets\common\GPIO.c"
  38  004E  1700     R  	sdza _gpioPinMode_2[1]
  38  004F  2800     R  	jmp _L1
  40  0050              #line 40 "d:\mike\holtek_c\componets\common\GPIO.c"
  40  0050  0F01        	mov a,1
  40  0051  0080     E  	mov rb,a
  40  0052  1F00     E  	clr rc
  40  0053  1400     R  	inca _gpioPinMode_2[0]
  40  0054  2800     R  	jmp _LI7
  40  0055              _LI8:
  40  0055  340A        	clr c
  40  0056  1A80     E  	rlc rb
  40  0057  1A80     E  	rlc rc
  40  0058              _LI7:
  40  0058  1785        	sdz acc
  40  0059  2800     R  	jmp _LI8
  40  005A  0100     E  	cpla rb
  40  005B  0080     E  	mov ra,a
  40  005C  0700     E  	mov a,ra
  40  005D  0699        	andm a,[25]
  41  005E              #line 41 "d:\mike\holtek_c\componets\common\GPIO.c"
  41  005E  0700     E  	mov a,rb
  41  005F  0599        	orm a,[25]
  41  0060  2800     R  	jmp _L1
  41  0061              _L5:
  45  0061              #line 45 "d:\mike\holtek_c\componets\common\GPIO.c"
  45  0061  1F1B        	clr [27]
  46  0062              #line 46 "d:\mike\holtek_c\componets\common\GPIO.c"
  46  0062  1080     R  	sz _gpioPinMode_2[1]
  46  0063  2800     R  	jmp _L11
  48  0064              #line 48 "d:\mike\holtek_c\componets\common\GPIO.c"
  48  0064  0F01        	mov a,1
  48  0065  0080     E  	mov rb,a
  48  0066  1F00     E  	clr rc
  48  0067  1400     R  	inca _gpioPinMode_2[0]
  48  0068  2800     R  	jmp _LI9
  48  0069              _LI10:
  48  0069  340A        	clr c
  48  006A  1A80     E  	rlc rb
  48  006B  1A80     E  	rlc rc
  48  006C              _LI9:
  48  006C  1785        	sdz acc
  48  006D  2800     R  	jmp _LI10
"File: GPIO.c        Assembler  Version HGASM0202      Page 5

  48  006E  0100     E  	cpla rb
  48  006F  0080     E  	mov rb,a
  48  0070  0700     E  	mov a,rb
  48  0071  069C        	andm a,[28]
  48  0072  2800     R  	jmp _L1
  48  0073              _L11:
  52  0073              #line 52 "d:\mike\holtek_c\componets\common\GPIO.c"
  52  0073  1700     R  	sdza _gpioPinMode_2[1]
  52  0074  2800     R  	jmp _L1
  54  0075              #line 54 "d:\mike\holtek_c\componets\common\GPIO.c"
  54  0075  0F01        	mov a,1
  54  0076  0080     E  	mov rb,a
  54  0077  1F00     E  	clr rc
  54  0078  1400     R  	inca _gpioPinMode_2[0]
  54  0079  2800     R  	jmp _LI11
  54  007A              _LI12:
  54  007A  340A        	clr c
  54  007B  1A80     E  	rlc rb
  54  007C  1A80     E  	rlc rc
  54  007D              _LI11:
  54  007D  1785        	sdz acc
  54  007E  2800     R  	jmp _LI12
  54  007F  0100     E  	cpla rb
  54  0080  0080     E  	mov ra,a
  54  0081  0700     E  	mov a,ra
  54  0082  069C        	andm a,[28]
  55  0083              #line 55 "d:\mike\holtek_c\componets\common\GPIO.c"
  55  0083  0700     E  	mov a,rb
  55  0084  059C        	orm a,[28]
  55  0085  2800     R  	jmp _L1
  55  0086              _L14:
  59  0086              #line 59 "d:\mike\holtek_c\componets\common\GPIO.c"
  59  0086  1F1E        	clr [30]
  60  0087              #line 60 "d:\mike\holtek_c\componets\common\GPIO.c"
  60  0087  1080     R  	sz _gpioPinMode_2[1]
  60  0088  2800     R  	jmp _L12
  62  0089              #line 62 "d:\mike\holtek_c\componets\common\GPIO.c"
  62  0089  0F01        	mov a,1
  62  008A  0080     E  	mov rb,a
  62  008B  1F00     E  	clr rc
  62  008C  1400     R  	inca _gpioPinMode_2[0]
  62  008D  2800     R  	jmp _LI13
  62  008E              _LI14:
  62  008E  340A        	clr c
  62  008F  1A80     E  	rlc rb
  62  0090  1A80     E  	rlc rc
  62  0091              _LI13:
  62  0091  1785        	sdz acc
  62  0092  2800     R  	jmp _LI14
  62  0093  0100     E  	cpla rb
  62  0094  0080     E  	mov rb,a
  62  0095  0700     E  	mov a,rb
  62  0096  069F        	andm a,[31]
  62  0097  2800     R  	jmp _L1
  62  0098              _L12:
  66  0098              #line 66 "d:\mike\holtek_c\componets\common\GPIO.c"
  66  0098  1700     R  	sdza _gpioPinMode_2[1]
  66  0099  2800     R  	jmp _L1
  68  009A              #line 68 "d:\mike\holtek_c\componets\common\GPIO.c"
  68  009A  0F01        	mov a,1
"File: GPIO.c        Assembler  Version HGASM0202      Page 6

  68  009B  0080     E  	mov rb,a
  68  009C  1F00     E  	clr rc
  68  009D  1400     R  	inca _gpioPinMode_2[0]
  68  009E  2800     R  	jmp _LI15
  68  009F              _LI16:
  68  009F  340A        	clr c
  68  00A0  1A80     E  	rlc rb
  68  00A1  1A80     E  	rlc rc
  68  00A2              _LI15:
  68  00A2  1785        	sdz acc
  68  00A3  2800     R  	jmp _LI16
  68  00A4  0100     E  	cpla rb
  68  00A5  0080     E  	mov ra,a
  68  00A6  0700     E  	mov a,ra
  68  00A7  069F        	andm a,[31]
  69  00A8              #line 69 "d:\mike\holtek_c\componets\common\GPIO.c"
  69  00A8  0700     E  	mov a,rb
  69  00A9  059F        	orm a,[31]
  69  00AA              _L1:
  69  00AA  0003        	ret
  69  00AB              _gpioPinMode endp
  69  00AB              #line 69 "d:\mike\holtek_c\componets\common\GPIO.c"
  69  00AB              #pragma debug scope 1 1
  69  00AB              public _gpiodigitalWrite
  69  00AB              #pragma debug scope 3 1
  76  00AB              #line 76 "d:\mike\holtek_c\componets\common\GPIO.c"
  76  0000              _gpiodigitalWrite .section 'code'
  76  0000              _gpiodigitalWrite proc
  76  0000              public _gpiodigitalWrite_2
  76  0000  0004[           local _gpiodigitalWrite_2 db 4 dup(?)	; 2,2
            00
            ]
  76  0000  0080     E  	mov ra,a
  76  0001  0080     R  	mov _gpiodigitalWrite_2[2],a
  76  0002              #pragma debug variable 8 3 _gpiodigitalWrite_2+2 "pin"
  76  0002              #pragma debug variable 8 3 _gpiodigitalWrite_2+0 "number"
  76  0002              #pragma debug variable 8 3 _gpiodigitalWrite_2+1 "mode"
  77  0002              #line 77 "d:\mike\holtek_c\componets\common\GPIO.c"
  77  0002  0700     E  	mov a,ra
  77  0003  0EF0        	and a,240
  77  0004  0080     R  	mov _gpiodigitalWrite_2[3],a
  77  0005  0700     R  	mov a,_gpiodigitalWrite_2[3]
  77  0006  0A00        	sub a,0
  77  0007  3D0A        	sz z
  77  0008  2800     R  	jmp _L17
  77  0009  0A10        	sub a,(16)-(0)
  77  000A  3D0A        	sz z
  77  000B  2800     R  	jmp _L18
  77  000C              #line 77 "d:\mike\holtek_c\componets\common\GPIO.c"
  77  000C  0700     R  	mov a,_gpiodigitalWrite_2[3]
  77  000D  0A20        	sub a,32
  77  000E  3D0A        	sz z
  77  000F  2800     R  	jmp _L19
  77  0010  0700     R  	mov a,_gpiodigitalWrite_2[3]
  77  0011  0A30        	sub a,48
  77  0012  390A        	snz z
  77  0013  2800     R  	jmp _L15
  77  0014  2800     R  	jmp _L25
  77  0015              _L17:
  80  0015              #line 80 "d:\mike\holtek_c\componets\common\GPIO.c"
"File: GPIO.c        Assembler  Version HGASM0202      Page 7

  80  0015  1700     R  	sdza _gpiodigitalWrite_2[1]
  80  0016  2800     R  	jmp _L21
  82  0017              #line 82 "d:\mike\holtek_c\componets\common\GPIO.c"
  82  0017  0F01        	mov a,1
  82  0018  0080     E  	mov rb,a
  82  0019  1F00     E  	clr rc
  82  001A  1400     R  	inca _gpiodigitalWrite_2[0]
  82  001B  2800     R  	jmp _LI17
  82  001C              _LI18:
  82  001C  340A        	clr c
  82  001D  1A80     E  	rlc rb
  82  001E  1A80     E  	rlc rc
  82  001F              _LI17:
  82  001F  1785        	sdz acc
  82  0020  2800     R  	jmp _LI18
  82  0021  0100     E  	cpla rb
  82  0022  0080     E  	mov ra,a
  82  0023  0700     E  	mov a,ra
  82  0024  0694        	andm a,[20]
  83  0025              #line 83 "d:\mike\holtek_c\componets\common\GPIO.c"
  83  0025  0700     E  	mov a,rb
  83  0026  0594        	orm a,[20]
  83  0027  2800     R  	jmp _L15
  83  0028              _L21:
  86  0028              #line 86 "d:\mike\holtek_c\componets\common\GPIO.c"
  86  0028  1080     R  	sz _gpiodigitalWrite_2[1]
  86  0029  2800     R  	jmp _L15
  88  002A              #line 88 "d:\mike\holtek_c\componets\common\GPIO.c"
  88  002A  0F01        	mov a,1
  88  002B  0080     E  	mov rb,a
  88  002C  1F00     E  	clr rc
  88  002D  1400     R  	inca _gpiodigitalWrite_2[0]
  88  002E  2800     R  	jmp _LI19
  88  002F              _LI20:
  88  002F  340A        	clr c
  88  0030  1A80     E  	rlc rb
  88  0031  1A80     E  	rlc rc
  88  0032              _LI19:
  88  0032  1785        	sdz acc
  88  0033  2800     R  	jmp _LI20
  88  0034  0100     E  	cpla rb
  88  0035  0080     E  	mov rb,a
  88  0036  0700     E  	mov a,rb
  88  0037  0694        	andm a,[20]
  88  0038  2800     R  	jmp _L15
  88  0039              _L18:
  94  0039              #line 94 "d:\mike\holtek_c\componets\common\GPIO.c"
  94  0039  1700     R  	sdza _gpiodigitalWrite_2[1]
  94  003A  2800     R  	jmp _L22
  96  003B              #line 96 "d:\mike\holtek_c\componets\common\GPIO.c"
  96  003B  0F01        	mov a,1
  96  003C  0080     E  	mov rb,a
  96  003D  1F00     E  	clr rc
  96  003E  1400     R  	inca _gpiodigitalWrite_2[0]
  96  003F  2800     R  	jmp _LI21
  96  0040              _LI22:
  96  0040  340A        	clr c
  96  0041  1A80     E  	rlc rb
  96  0042  1A80     E  	rlc rc
  96  0043              _LI21:
"File: GPIO.c        Assembler  Version HGASM0202      Page 8

  96  0043  1785        	sdz acc
  96  0044  2800     R  	jmp _LI22
  96  0045  0100     E  	cpla rb
  96  0046  0080     E  	mov ra,a
  96  0047  0700     E  	mov a,ra
  96  0048  0698        	andm a,[24]
  97  0049              #line 97 "d:\mike\holtek_c\componets\common\GPIO.c"
  97  0049  0700     E  	mov a,rb
  97  004A  0598        	orm a,[24]
  97  004B  2800     R  	jmp _L15
  97  004C              _L22:
 100  004C              #line 100 "d:\mike\holtek_c\componets\common\GPIO.c"
 100  004C  1080     R  	sz _gpiodigitalWrite_2[1]
 100  004D  2800     R  	jmp _L15
 102  004E              #line 102 "d:\mike\holtek_c\componets\common\GPIO.c"
 102  004E  0F01        	mov a,1
 102  004F  0080     E  	mov rb,a
 102  0050  1F00     E  	clr rc
 102  0051  1400     R  	inca _gpiodigitalWrite_2[0]
 102  0052  2800     R  	jmp _LI23
 102  0053              _LI24:
 102  0053  340A        	clr c
 102  0054  1A80     E  	rlc rb
 102  0055  1A80     E  	rlc rc
 102  0056              _LI23:
 102  0056  1785        	sdz acc
 102  0057  2800     R  	jmp _LI24
 102  0058  0100     E  	cpla rb
 102  0059  0080     E  	mov rb,a
 102  005A  0700     E  	mov a,rb
 102  005B  0698        	andm a,[24]
 102  005C  2800     R  	jmp _L15
 102  005D              _L19:
 109  005D              #line 109 "d:\mike\holtek_c\componets\common\GPIO.c"
 109  005D  1700     R  	sdza _gpiodigitalWrite_2[1]
 109  005E  2800     R  	jmp _L23
 111  005F              #line 111 "d:\mike\holtek_c\componets\common\GPIO.c"
 111  005F  0F01        	mov a,1
 111  0060  0080     E  	mov rb,a
 111  0061  1F00     E  	clr rc
 111  0062  1400     R  	inca _gpiodigitalWrite_2[0]
 111  0063  2800     R  	jmp _LI25
 111  0064              _LI26:
 111  0064  340A        	clr c
 111  0065  1A80     E  	rlc rb
 111  0066  1A80     E  	rlc rc
 111  0067              _LI25:
 111  0067  1785        	sdz acc
 111  0068  2800     R  	jmp _LI26
 111  0069  0100     E  	cpla rb
 111  006A  0080     E  	mov ra,a
 111  006B  0700     E  	mov a,ra
 111  006C  069B        	andm a,[27]
 112  006D              #line 112 "d:\mike\holtek_c\componets\common\GPIO.c"
 112  006D  0700     E  	mov a,rb
 112  006E  059B        	orm a,[27]
 112  006F  2800     R  	jmp _L15
 112  0070              _L23:
 115  0070              #line 115 "d:\mike\holtek_c\componets\common\GPIO.c"
 115  0070  1080     R  	sz _gpiodigitalWrite_2[1]
"File: GPIO.c        Assembler  Version HGASM0202      Page 9

 115  0071  2800     R  	jmp _L15
 117  0072              #line 117 "d:\mike\holtek_c\componets\common\GPIO.c"
 117  0072  0F01        	mov a,1
 117  0073  0080     E  	mov rb,a
 117  0074  1F00     E  	clr rc
 117  0075  1400     R  	inca _gpiodigitalWrite_2[0]
 117  0076  2800     R  	jmp _LI27
 117  0077              _LI28:
 117  0077  340A        	clr c
 117  0078  1A80     E  	rlc rb
 117  0079  1A80     E  	rlc rc
 117  007A              _LI27:
 117  007A  1785        	sdz acc
 117  007B  2800     R  	jmp _LI28
 117  007C  0100     E  	cpla rb
 117  007D  0080     E  	mov rb,a
 117  007E  0700     E  	mov a,rb
 117  007F  069B        	andm a,[27]
 117  0080  2800     R  	jmp _L15
 117  0081              _L25:
 122  0081              #line 122 "d:\mike\holtek_c\componets\common\GPIO.c"
 122  0081  1700     R  	sdza _gpiodigitalWrite_2[1]
 122  0082  2800     R  	jmp _L24
 124  0083              #line 124 "d:\mike\holtek_c\componets\common\GPIO.c"
 124  0083  0F01        	mov a,1
 124  0084  0080     E  	mov rb,a
 124  0085  1F00     E  	clr rc
 124  0086  1400     R  	inca _gpiodigitalWrite_2[0]
 124  0087  2800     R  	jmp _LI29
 124  0088              _LI30:
 124  0088  340A        	clr c
 124  0089  1A80     E  	rlc rb
 124  008A  1A80     E  	rlc rc
 124  008B              _LI29:
 124  008B  1785        	sdz acc
 124  008C  2800     R  	jmp _LI30
 124  008D  0100     E  	cpla rb
 124  008E  0080     E  	mov ra,a
 124  008F  0700     E  	mov a,ra
 124  0090  069E        	andm a,[30]
 125  0091              #line 125 "d:\mike\holtek_c\componets\common\GPIO.c"
 125  0091  0700     E  	mov a,rb
 125  0092  059E        	orm a,[30]
 125  0093  2800     R  	jmp _L15
 125  0094              _L24:
 128  0094              #line 128 "d:\mike\holtek_c\componets\common\GPIO.c"
 128  0094  1080     R  	sz _gpiodigitalWrite_2[1]
 128  0095  2800     R  	jmp _L15
 130  0096              #line 130 "d:\mike\holtek_c\componets\common\GPIO.c"
 130  0096  0F01        	mov a,1
 130  0097  0080     E  	mov rb,a
 130  0098  1F00     E  	clr rc
 130  0099  1400     R  	inca _gpiodigitalWrite_2[0]
 130  009A  2800     R  	jmp _LI31
 130  009B              _LI32:
 130  009B  340A        	clr c
 130  009C  1A80     E  	rlc rb
 130  009D  1A80     E  	rlc rc
 130  009E              _LI31:
 130  009E  1785        	sdz acc
"File: GPIO.c        Assembler  Version HGASM0202      Page 10

 130  009F  2800     R  	jmp _LI32
 130  00A0  0100     E  	cpla rb
 130  00A1  0080     E  	mov rb,a
 130  00A2  0700     E  	mov a,rb
 130  00A3  069E        	andm a,[30]
 130  00A4              _L15:
 130  00A4  0003        	ret
 130  00A5              _gpiodigitalWrite endp
 130  00A5              #line 130 "d:\mike\holtek_c\componets\common\GPIO.c"
 130  00A5              #pragma debug scope 1 1
 130  00A5              public _gpiodigitalRead
 130  00A5              #pragma debug scope 4 1
 138  00A5              #line 138 "d:\mike\holtek_c\componets\common\GPIO.c"
 138  0000              _gpiodigitalRead .section 'code'
 138  0000              _gpiodigitalRead proc
 138  0000              public _gpiodigitalRead_2
 138  0000  0003[           local _gpiodigitalRead_2 db 3 dup(?)	; 1,2
            00
            ]
 138  0000  0080     E  	mov ra,a
 138  0001  0080     R  	mov _gpiodigitalRead_2[1],a
 138  0002              #pragma debug variable 8 4 _gpiodigitalRead_2+1 "pin"
 138  0002              #pragma debug variable 8 4 _gpiodigitalRead_2+0 "number"
 142  0002              #line 142 "d:\mike\holtek_c\componets\common\GPIO.c"
 142  0002  0700     E  	mov a,ra
 142  0003  0EF0        	and a,240
 142  0004  0080     R  	mov _gpiodigitalRead_2[2],a
 142  0005  0700     R  	mov a,_gpiodigitalRead_2[2]
 142  0006  0A00        	sub a,0
 142  0007  3D0A        	sz z
 142  0008  2800     R  	jmp _L28
 142  0009  0A10        	sub a,(16)-(0)
 142  000A  3D0A        	sz z
 142  000B  2800     R  	jmp _L29
 142  000C              #line 142 "d:\mike\holtek_c\componets\common\GPIO.c"
 142  000C  0700     R  	mov a,_gpiodigitalRead_2[2]
 142  000D  0A20        	sub a,32
 142  000E  3D0A        	sz z
 142  000F  2800     R  	jmp _L30
 142  0010  0700     R  	mov a,_gpiodigitalRead_2[2]
 142  0011  0A30        	sub a,48
 142  0012  390A        	snz z
 142  0013  2800     R  	jmp _L49
 203  0014              #line 203 "d:\mike\holtek_c\componets\common\GPIO.c"
 203  0014  0F01        	mov a,1
 203  0015  0080     E  	mov rb,a
 203  0016  1F00     E  	clr rc
 203  0017  1400     R  	inca _gpiodigitalRead_2[0]
 203  0018  2800     R  	jmp _LI33
 203  0019              _LI34:
 203  0019  340A        	clr c
 203  001A  1A80     E  	rlc rb
 203  001B  1A80     E  	rlc rc
 203  001C              _LI33:
 203  001C  1785        	sdz acc
 203  001D  2800     R  	jmp _LI34
 203  001E  071E        	mov a,[30]
 203  001F  0680     E  	andm a,rb
 203  0020  0700     E  	mov a,rb
 203  0021  0080     R  	mov _value3[0],a
"File: GPIO.c        Assembler  Version HGASM0202      Page 11

 203  0022  2800     R  	jmp _L50
 203  0023              _L28:
 160  0023              #line 160 "d:\mike\holtek_c\componets\common\GPIO.c"
 160  0023  0F01        	mov a,1
 160  0024  0080     E  	mov rb,a
 160  0025  1F00     E  	clr rc
 160  0026  1400     R  	inca _gpiodigitalRead_2[0]
 160  0027  2800     R  	jmp _LI35
 160  0028              _LI36:
 160  0028  340A        	clr c
 160  0029  1A80     E  	rlc rb
 160  002A  1A80     E  	rlc rc
 160  002B              _LI35:
 160  002B  1785        	sdz acc
 160  002C  2800     R  	jmp _LI36
 160  002D  0714        	mov a,[20]
 160  002E  0680     E  	andm a,rb
 160  002F  0700     E  	mov a,rb
 160  0030  0080     R  	mov _value[0],a
 160  0031  2800     R  	jmp _L50
 160  0032              _L29:
 174  0032              #line 174 "d:\mike\holtek_c\componets\common\GPIO.c"
 174  0032  0F01        	mov a,1
 174  0033  0080     E  	mov rb,a
 174  0034  1F00     E  	clr rc
 174  0035  1400     R  	inca _gpiodigitalRead_2[0]
 174  0036  2800     R  	jmp _LI37
 174  0037              _LI38:
 174  0037  340A        	clr c
 174  0038  1A80     E  	rlc rb
 174  0039  1A80     E  	rlc rc
 174  003A              _LI37:
 174  003A  1785        	sdz acc
 174  003B  2800     R  	jmp _LI38
 174  003C  0718        	mov a,[24]
 174  003D  0680     E  	andm a,rb
 174  003E  0700     E  	mov a,rb
 174  003F  0080     R  	mov _value1[0],a
 174  0040  2800     R  	jmp _L50
 174  0041              _L30:
 188  0041              #line 188 "d:\mike\holtek_c\componets\common\GPIO.c"
 188  0041  0F01        	mov a,1
 188  0042  0080     E  	mov rb,a
 188  0043  1F00     E  	clr rc
 188  0044  1400     R  	inca _gpiodigitalRead_2[0]
 188  0045  2800     R  	jmp _LI39
 188  0046              _LI40:
 188  0046  340A        	clr c
 188  0047  1A80     E  	rlc rb
 188  0048  1A80     E  	rlc rc
 188  0049              _LI39:
 188  0049  1785        	sdz acc
 188  004A  2800     R  	jmp _LI40
 188  004B  071B        	mov a,[27]
 188  004C  0680     E  	andm a,rb
 188  004D  0700     E  	mov a,rb
 188  004E  0080     R  	mov _value2[0],a
 188  004F              _L50:
 204  004F              #line 204 "d:\mike\holtek_c\componets\common\GPIO.c"
 204  004F  0F01        	mov a,1
"File: GPIO.c        Assembler  Version HGASM0202      Page 12

 204  0050  0080     E  	mov ra,a
 204  0051  1700     E  	sdza rb
 204  0052  2800     R  	jmp _LI41
 204  0053  2800     R  	jmp _L27
 204  0054              _LI41:
 204  0054              _L49:
 214  0054              #line 214 "d:\mike\holtek_c\componets\common\GPIO.c"
 214  0054  1F00     E  	clr ra
 214  0055              _L27:
 215  0055              #line 215 "d:\mike\holtek_c\componets\common\GPIO.c"
 215  0055  0700     E  	mov a,ra
 215  0056  0003        	ret
 215  0057              _gpiodigitalRead endp
 215  0057              #line 215 "d:\mike\holtek_c\componets\common\GPIO.c"
 215  0057              #pragma debug scope 1 1
   8  0057              #line 8 "d:\mike\holtek_c\componets\common\GPIO.c"
   8  0057              public _value3
   8  0000              @HCCINIT0_value3 .section 'data'
   8  0000              _value3	db 0
   8  0001              #pragma debug variable 8 1 _value3 "value3"
   8  0001              
   8  0000              @HCCINIT .section 'data'
   7  0000              #line 7 "d:\mike\holtek_c\componets\common\GPIO.c"
   7  0000              public _value2
   7  0000              @HCCINIT0_value2 .section 'data'
   7  0000              _value2	db 0
   7  0001              #pragma debug variable 8 1 _value2 "value2"
   7  0001              
   7  0000              @HCCINIT .section 'data'
   6  0000              #line 6 "d:\mike\holtek_c\componets\common\GPIO.c"
   6  0000              public _value1
   6  0000              @HCCINIT0_value1 .section 'data'
   6  0000              _value1	db 0
   6  0001              #pragma debug variable 8 1 _value1 "value1"
   6  0001              
   6  0000              @HCCINIT .section 'data'
   5  0000              #line 5 "d:\mike\holtek_c\componets\common\GPIO.c"
   5  0000              public _value
   5  0000              @HCCINIT0_value .section 'data'
   5  0000              _value	db 0
   5  0001              #pragma debug variable 8 1 _value "value"
   5  0001              
   5  0000              @HCCINIT .section 'data'
   5  0000              #pragma debug struct_end
   5  0000              #pragma debug struct_end
   5  0000              #pragma debug union_end
   5  0000              #pragma debug union_end
   5  0000              #pragma debug variable 43 1 ___pa "__pa" 1
   5  0000              #pragma debug struct_end
   5  0000              #pragma debug struct_end
   5  0000              #pragma debug union_end
   5  0000              #pragma debug union_end
   5  0000              #pragma debug variable 45 1 ___pac "__pac" 1
   5  0000              #pragma debug struct_end
   5  0000              #pragma debug struct_end
   5  0000              #pragma debug union_end
   5  0000              #pragma debug union_end
   5  0000              #pragma debug variable 47 1 ___pb "__pb" 1
   5  0000              #pragma debug struct_end
   5  0000              #pragma debug struct_end
"File: GPIO.c        Assembler  Version HGASM0202      Page 13

   5  0000              #pragma debug union_end
   5  0000              #pragma debug union_end
   5  0000              #pragma debug variable 49 1 ___pbc "__pbc" 1
   5  0000              #pragma debug struct_end
   5  0000              #pragma debug struct_end
   5  0000              #pragma debug union_end
   5  0000              #pragma debug union_end
   5  0000              #pragma debug variable 51 1 ___pc "__pc" 1
   5  0000              #pragma debug struct_end
   5  0000              #pragma debug struct_end
   5  0000              #pragma debug union_end
   5  0000              #pragma debug union_end
   5  0000              #pragma debug variable 53 1 ___pcc "__pcc" 1
   5  0000              #pragma debug struct_end
   5  0000              #pragma debug struct_end
   5  0000              #pragma debug union_end
   5  0000              #pragma debug union_end
   5  0000              #pragma debug variable 55 1 ___pd "__pd" 1
   5  0000              #pragma debug struct_end
   5  0000              #pragma debug struct_end
   5  0000              #pragma debug union_end
   5  0000              #pragma debug union_end
   5  0000              #pragma debug variable 57 1 ___pdc "__pdc" 1
   5  0000              
   5  0000              ; 
   5  0000              ; Generated by holtek-gcc v3.19, Wed Jun 21 19:52:36 2023
   5  0000              ; Rebuild 718
   5  0000              ; end of file


        0 Errors, 0