"File: hal_clock.c   Assembler  Version HGASM0202      Page 1


   1  0000              ; Generated by holtek-gcc v3.19, Wed Jun 21 19:52:36 2023
   2  0000              ; 
   3  0000              ; Configuration:
   4  0000              ;       with long instruction
   5  0000              ;       Multi-ROM, Multi-RAM
   6  0000              ;       bits_per_rom_unit:16
   7  0000              ;       with mp1
   8  0000              ;       with tbhp, address(0x9)
   9  0000              ;          Use tabrd-const
  10  0000              ;       
  11  0000              ; SFR address of long-instruction arch:
  12  0000              ;    mp0 = -1,1,0
  13  0000              ;    mp1 = 4,3,2
  14  0000              ;    mp2 = 14,13,12
  15  0000              ;    tbp = 9,7,8
  16  0000              ;    acc = 5
  17  0000              ;    pcl = 6
  18  0000              ;    status = 10
  19  0000              ;    bp = 11
  20  0000              ;    intc = 16
  21  0000              ;       
  22  0000              ;       
  23  0000              ; use 'tabrdc' instead of 'tabrd'
  24  0000              ;       
  25  0000              
  26  0000              #pragma translator "holtek-gcc 4.6.4" "3.19" "build 20130711"
  27  0000              ; Rebuild 718
  28  0000              
  29  0000              ir equ [2]
  30  0000              mp equ [3]
  31  0000              sbp equ [4]
  32  0000              acc equ [5]
  33  0000              bp equ [11]
  34  0000              tblp equ [7]
  35  0000              tbhp equ [9]
  36  0000              status equ [10]
  37  0000              c equ [10].0
  38  0000              ac equ [10].1
  39  0000              z equ [10].2
  40  0000              ov equ [10].3
  41  0000              cz equ [10].6
  42  0000              sc equ [10].7
  43  0000              intc equ [16]
  44  0000              mduwr0 equ [59h]
  45  0000              mduwr1 equ [5ah]
  46  0000              mduwr2 equ [5bh]
  47  0000              mduwr3 equ [5ch]
  48  0000              mduwr4 equ [5dh]
  49  0000              mduwr5 equ [5eh]
  50  0000              mduwrctrl equ [5fh]
  51  0000              
  52  0000              extern ra:byte
  53  0000              extern rb:byte
  54  0000              extern rc:byte
  55  0000              extern rd:byte
  56  0000              extern re:byte
  57  0000              extern rf:byte
  58  0000              extern rg:byte
  59  0000              extern rh:byte
"File: hal_clock.ASM  Assembler  Version HGASM0202      Page 2

  60  0000              extern _Crom2Prom:near
  61  0000              extern _Crom2PromNext:near
  62  0000              
  63  0000              RAMBANK 0 @BITDATASEC, @BITDATASEC1
  64  0000              @HCCINIT	.section 'data'
  65  0000              @HCCINIT0	.section 'data'
  66  0000              @BITDATASEC	 .section 'data'
  67  0000              @BITDATASEC1	 .section 'data'
  68  0000              
  69  0000              #pragma debug scope 1 1
  70  0000              	extern __DELAY3:near
  71  0000              	extern __DELAYX3:near
  72  0000              	extern __DELAYX6:near
  73  0000              	extern __DELAYY5:near
  74  0000              	extern __DELAYY3:near
  75  0000              	extern _builtin_holtek_delay_2:byte
  76  0000              ___scc equ [58]
  77  0000              ___hircc equ [59]
  78  0000              ___hxtc equ [60]
  79  0000              public _clockSetSystemSrc
  80  0000              #pragma debug scope 2 1

   6  0000              #line 6 "d:\mike\holtek_c\componets\common\hal_clock.c"
   6  0000              _clockSetSystemSrc .section 'code'
   6  0000              _clockSetSystemSrc proc
   6  0000              public _clockSetSystemSrc_2
   6  0000  0003[           local _clockSetSystemSrc_2 db 3 dup(?)	; 2,1
            00
            ]
   6  0000  0080     E  	mov ra,a
   6  0001  0080     R  	mov _clockSetSystemSrc_2[2],a
   6  0002              #pragma debug variable 8 2 _clockSetSystemSrc_2+2 "source"
   6  0002              #pragma debug variable 8 2 _clockSetSystemSrc_2+0 "hz"
   6  0002              #pragma debug variable 8 2 _clockSetSystemSrc_2+1 "div"
   7  0002              #line 7 "d:\mike\holtek_c\componets\common\hal_clock.c"
   7  0002  1080     E  	sz ra
   7  0003  2800     R  	jmp _L2
   9  0004              #line 9 "d:\mike\holtek_c\componets\common\hal_clock.c"
   9  0004  35BA        	clr [58].3
  12  0005              #line 12 "d:\mike\holtek_c\componets\common\hal_clock.c"
  12  0005  0FF3        	mov a,243
  12  0006  06BB        	andm a,[59]
  13  0007              #line 13 "d:\mike\holtek_c\componets\common\hal_clock.c"
  13  0007  0700     R  	mov a,_clockSetSystemSrc_2[0]
  13  0008  0080     E  	mov rb,a
  13  0009  1F00     E  	clr rc
  13  000A  340A        	clr c
  13  000B  1A80     E  	rlc rb
  13  000C  1A80     E  	rlc rc
  13  000D  340A        	clr c
  13  000E  1A80     E  	rlc rb
  13  000F  1A80     E  	rlc rc
  13  0010  0700     E  	mov a,rb
  13  0011  05BB        	orm a,[59]
  13  0012  2800     R  	jmp _L4
  13  0013              _L2:
  22  0013              #line 22 "d:\mike\holtek_c\componets\common\hal_clock.c"
  22  0013  1700     R  	sdza _clockSetSystemSrc_2[2]
  22  0014  2800     R  	jmp _L1
  24  0015              #line 24 "d:\mike\holtek_c\componets\common\hal_clock.c"
"File: hal_clock.c   Assembler  Version HGASM0202      Page 3

  24  0015  35BA        	clr [58].3
  25  0016              #line 25 "d:\mike\holtek_c\componets\common\hal_clock.c"
  25  0016  31BA        	set [58].3
  27  0017              #line 27 "d:\mike\holtek_c\componets\common\hal_clock.c"
  27  0017  073B        	mov a,[59]
  27  0018  0080     E  	mov ra,a
  27  0019  3400     E  	clr ra.2
  27  001A  0700     E  	mov a,ra
  27  001B  00BC        	mov [60],a
  28  001C              #line 28 "d:\mike\holtek_c\componets\common\hal_clock.c"
  28  001C  0700     R  	mov a,_clockSetSystemSrc_2[0]
  28  001D  0080     E  	mov rb,a
  28  001E  1F00     E  	clr rc
  28  001F  340A        	clr c
  28  0020  1A80     E  	rlc rb
  28  0021  1A80     E  	rlc rc
  28  0022  340A        	clr c
  28  0023  1A80     E  	rlc rb
  28  0024  1A80     E  	rlc rc
  28  0025  073B        	mov a,[59]
  28  0026  0500     E  	or a,rb
  28  0027  00BC        	mov [60],a
  30  0028              #line 30 "d:\mike\holtek_c\componets\common\hal_clock.c"
  30  0028  343C        	clr [60].0
  31  0029              #line 31 "d:\mike\holtek_c\componets\common\hal_clock.c"
  31  0029  303C        	set [60].0
  31  002A              _L4:
  33  002A              #line 33 "d:\mike\holtek_c\componets\common\hal_clock.c"
  33  002A  0F1F        	mov a,31
  33  002B  06BA        	andm a,[58]
  34  002C              #line 34 "d:\mike\holtek_c\componets\common\hal_clock.c"
  34  002C  0700     R  	mov a,_clockSetSystemSrc_2[1]
  34  002D  0080     E  	mov rb,a
  34  002E  1F00     E  	clr rc
  34  002F  0F05        	mov a,5
  34  0030              _LI1:
  34  0030  340A        	clr c
  34  0031  1A80     E  	rlc rb
  34  0032  1A80     E  	rlc rc
  34  0033  1785        	sdz acc
  34  0034  2800     R  	jmp _LI1
  34  0035  0700     E  	mov a,rb
  34  0036  05BA        	orm a,[58]
  34  0037              _L1:
  34  0037  0003        	ret
  34  0038              _clockSetSystemSrc endp
  34  0038              #line 34 "d:\mike\holtek_c\componets\common\hal_clock.c"
  34  0038              #pragma debug scope 1 1
  34  0038              #pragma debug struct_end
  34  0038              #pragma debug struct_end
  34  0038              #pragma debug union_end
  34  0038              #pragma debug union_end
  34  0038              #pragma debug variable 43 1 ___scc "__scc" 1
  34  0038              #pragma debug struct_end
  34  0038              #pragma debug struct_end
  34  0038              #pragma debug union_end
  34  0038              #pragma debug union_end
  34  0038              #pragma debug variable 45 1 ___hircc "__hircc" 1
  34  0038              #pragma debug struct_end
  34  0038              #pragma debug struct_end
"File: hal_clock.c   Assembler  Version HGASM0202      Page 4

  34  0038              #pragma debug union_end
  34  0038              #pragma debug union_end
  34  0038              #pragma debug variable 47 1 ___hxtc "__hxtc" 1
  34  0038              
  34  0038              ; 
  34  0038              ; Generated by holtek-gcc v3.19, Wed Jun 21 19:52:36 2023
  34  0038              ; Rebuild 718
  34  0038              ; end of file


        0 Errors, 0