"File: main.c        Assembler  Version HGASM0202      Page 1


   1  0000              ; Generated by holtek-gcc v3.19, Wed Jun 21 19:52:35 2023
   2  0000              ; 
   3  0000              ; Configuration:
   4  0000              ;       with long instruction
   5  0000              ;       Multi-ROM, Multi-RAM
   6  0000              ;       bits_per_rom_unit:16
   7  0000              ;       with mp1
   8  0000              ;       with tbhp, address(0x9)
   9  0000              ;          Use tabrd-const
  10  0000              ;       
  11  0000              ; SFR address of long-instruction arch:
  12  0000              ;    mp0 = -1,1,0
  13  0000              ;    mp1 = 4,3,2
  14  0000              ;    mp2 = 14,13,12
  15  0000              ;    tbp = 9,7,8
  16  0000              ;    acc = 5
  17  0000              ;    pcl = 6
  18  0000              ;    status = 10
  19  0000              ;    bp = 11
  20  0000              ;    intc = 16
  21  0000              ;       
  22  0000              ;       
  23  0000              ; use 'tabrdc' instead of 'tabrd'
  24  0000              ;       
  25  0000              
  26  0000              #pragma translator "holtek-gcc 4.6.4" "3.19" "build 20130711"
  27  0000              ; Rebuild 718
  28  0000              
  29  0000              ir equ [2]
  30  0000              mp equ [3]
  31  0000              sbp equ [4]
  32  0000              acc equ [5]
  33  0000              bp equ [11]
  34  0000              tblp equ [7]
  35  0000              tbhp equ [9]
  36  0000              status equ [10]
  37  0000              c equ [10].0
  38  0000              ac equ [10].1
  39  0000              z equ [10].2
  40  0000              ov equ [10].3
  41  0000              cz equ [10].6
  42  0000              sc equ [10].7
  43  0000              intc equ [16]
  44  0000              mduwr0 equ [59h]
  45  0000              mduwr1 equ [5ah]
  46  0000              mduwr2 equ [5bh]
  47  0000              mduwr3 equ [5ch]
  48  0000              mduwr4 equ [5dh]
  49  0000              mduwr5 equ [5eh]
  50  0000              mduwrctrl equ [5fh]
  51  0000              
  52  0000              extern ra:byte
  53  0000              extern rb:byte
  54  0000              extern rc:byte
  55  0000              extern rd:byte
  56  0000              extern re:byte
  57  0000              extern rf:byte
  58  0000              extern rg:byte
  59  0000              extern rh:byte
"File: main.ASM      Assembler  Version HGASM0202      Page 2

  60  0000              extern _Crom2Prom:near
  61  0000              extern _Crom2PromNext:near
  62  0000              
  63  0000              RAMBANK 0 @BITDATASEC, @BITDATASEC1
  64  0000              @HCCINIT	.section 'data'
  65  0000              @HCCINIT0	.section 'data'
  66  0000              @BITDATASEC	 .section 'data'
  67  0000              @BITDATASEC1	 .section 'data'
  68  0000              
  69  0000              #pragma debug scope 1 1
  70  0000              	extern __DELAY3:near
  71  0000              	extern __DELAYX3:near
  72  0000              	extern __DELAYX6:near
  73  0000              	extern __DELAYY5:near
  74  0000              	extern __DELAYY3:near
  75  0000              	extern _builtin_holtek_delay_2:byte
  76  0000              ___wdtc equ [62]
  77  0000              ___pf equ [36]
  78  0000              public _main
  79  0000              #pragma debug scope 2 1

   8  0000              #line 8 "d:\mike\holtek_c\project\ht66f2390_spi_adxl345\main.c"
   8  0000              IFDEF WITH_DEFAULT_STARTUP
   8  0000              extern _main_initial0:near
   8  0000              extern _main_startup:near
   8  0000              ENDIF
   8  0000              
   8  0000              ROMBANK 0 @start
   8  0000              @start .section com_l 'code'
   8  0000              _main_startup1:
   8  0000              @start .section com_e 'code'
   8  0000  0F00     R  	mov a,bank _main
   8  0001  008B        	mov bp,a
   8  0002  2800     R  	jmp _main
   8  0003              
   8  0000              _main .section 'code'
   8  0000              _main proc
   9  0000              #line 9 "d:\mike\holtek_c\project\ht66f2390_spi_adxl345\main.c"
   9  0000  0FA8        	mov a,168
   9  0001  00BE        	mov [62],a
  10  0002              #line 10 "d:\mike\holtek_c\project\ht66f2390_spi_adxl345\main.c"
  10  0002  1F00     E  	clr _clockSetSystemSrc_2[1]
  10  0003  0F02        	mov a,2
  10  0004  0080     E  	mov _clockSetSystemSrc_2[0],a
  10  0005  0F00        	mov a,0
  10  0006              	fcall _clockSetSystemSrc
  11  000D              #line 11 "d:\mike\holtek_c\project\ht66f2390_spi_adxl345\main.c"
  11  000D              	fcall _SPI_init
  11  0014              _L2:
  11  0014              #pragma debug scope 3 2
  11  0014              ;begin block, line: 11.-1
  15  0014              #line 15 "d:\mike\holtek_c\project\ht66f2390_spi_adxl345\main.c"
  15  0014              ;# 15 "d:\mike\holtek_c\project\ht66f2390_spi_adxl345\main.c" 1
  15  0014              	IF 100>263690
  15  0014              ;# 15 "d:\mike\holtek_c\project\ht66f2390_spi_adxl345\main.c" 1
  15  0014              	ERRMESSAGE 'the value 100of the argument exceeds the maxinum 263690'
  15  0014              	ENDIF
  15  0014              ;# 15 "d:\mike\holtek_c\project\ht66f2390_spi_adxl345\main.c" 1
  15  0014              	IF 100<0
  15  0014              ;# 15 "d:\mike\holtek_c\project\ht66f2390_spi_adxl345\main.c" 1
"File: main.c        Assembler  Version HGASM0202      Page 3

  15  0014              	ERRMESSAGE 'the value 100 of the argument exceeds the mininum 0'
  15  0014              	ENDIF
  15  0014              ;# 15 "d:\mike\holtek_c\project\ht66f2390_spi_adxl345\main.c" 1
  15  0014              	IF 100==0
  15  0014              ;# 15 "d:\mike\holtek_c\project\ht66f2390_spi_adxl345\main.c" 1
  15  0014              	JMP $
  15  0014              	ENDIF
  15  0014              ;# 15 "d:\mike\holtek_c\project\ht66f2390_spi_adxl345\main.c" 1
  15  0014              	IF (100>=1) AND (100<( 4 + __PBP__ * 2))
  15  0014              ;# 15 "d:\mike\holtek_c\project\ht66f2390_spi_adxl345\main.c" 1
  15  0014              	NOP
  15  0014              	ENDIF
  15  0014              ;# 15 "d:\mike\holtek_c\project\ht66f2390_spi_adxl345\main.c" 1
  15  0014              	IF (100>=2) AND (100<( 4 + __PBP__ * 2))
  15  0014              ;# 15 "d:\mike\holtek_c\project\ht66f2390_spi_adxl345\main.c" 1
  15  0014              	NOP
  15  0014              	ENDIF
  15  0014              ;# 15 "d:\mike\holtek_c\project\ht66f2390_spi_adxl345\main.c" 1
  15  0014              	IF (100>=3) AND (100<( 4 + __PBP__ * 2))
  15  0014              ;# 15 "d:\mike\holtek_c\project\ht66f2390_spi_adxl345\main.c" 1
  15  0014              	NOP
  15  0014              	ENDIF
  15  0014              ;# 15 "d:\mike\holtek_c\project\ht66f2390_spi_adxl345\main.c" 1
  15  0014              	IF (100>=4) AND (100<( 4 + __PBP__ * 2)) AND ( __PBP__ > 0 )
  15  0014              ;# 15 "d:\mike\holtek_c\project\ht66f2390_spi_adxl345\main.c" 1
  15  0014              	NOP
  15  0014              	ENDIF
  15  0014              ;# 15 "d:\mike\holtek_c\project\ht66f2390_spi_adxl345\main.c" 1
  15  0014              	IF (100>=5) AND (100<( 4 + __PBP__ * 2)) AND ( __PBP__ > 0 )
  15  0014              ;# 15 "d:\mike\holtek_c\project\ht66f2390_spi_adxl345\main.c" 1
  15  0014              	NOP
  15  0014              	ENDIF
  15  0014              ;# 15 "d:\mike\holtek_c\project\ht66f2390_spi_adxl345\main.c" 1
  15  0014              	IF (100>=6) AND (100<( 4 + __PBP__ * 2))  AND ( __PBP__ > 1 )
  15  0014              ;# 15 "d:\mike\holtek_c\project\ht66f2390_spi_adxl345\main.c" 1
  15  0014              	NOP
  15  0014              	ENDIF
  15  0014              ;# 15 "d:\mike\holtek_c\project\ht66f2390_spi_adxl345\main.c" 1
  15  0014              	IF (100>=7) AND (100<( 4 + __PBP__ * 2))  AND ( __PBP__ > 1 )
  15  0014              ;# 15 "d:\mike\holtek_c\project\ht66f2390_spi_adxl345\main.c" 1
  15  0014              	NOP
  15  0014              	ENDIF
  15  0014              ;# 15 "d:\mike\holtek_c\project\ht66f2390_spi_adxl345\main.c" 1
  15  0014              	IF (100>=8) AND (100<( 4 + __PBP__ * 2))  AND ( __PBP__ > 2 )
  15  0014              ;# 15 "d:\mike\holtek_c\project\ht66f2390_spi_adxl345\main.c" 1
  15  0014              	NOP
  15  0014              	ENDIF
  15  0014              ;# 15 "d:\mike\holtek_c\project\ht66f2390_spi_adxl345\main.c" 1
  15  0014              	IF (100==9)  AND ( __PBP__ > 2 )
  15  0014              ;# 15 "d:\mike\holtek_c\project\ht66f2390_spi_adxl345\main.c" 1
  15  0014              	NOP
  15  0014              	ENDIF
  15  0014              ;# 15 "d:\mike\holtek_c\project\ht66f2390_spi_adxl345\main.c" 1
  15  0014              	IF (100< ( 8 + __PBP__ * 2)) AND (100>( 3 + __PBP__ * 2))
  15  0014              ;# 15 "d:\mike\holtek_c\project\ht66f2390_spi_adxl345\main.c" 1
  15  0014              	fcall __DELAY3 + ( 7 + __PBP__ * 2) -100
  15  0014              	ENDIF
  15  0014              ;# 15 "d:\mike\holtek_c\project\ht66f2390_spi_adxl345\main.c" 1
  15  0014              	IF (100< ( 0404h + __PBP__ * 2)) AND (100>( 7 + __PBP__ * 2))
  15  0014              ;# 15 "d:\mike\holtek_c\project\ht66f2390_spi_adxl345\main.c" 1
"File: main.c        Assembler  Version HGASM0202      Page 4

  15  0014  0F16        	MOV A,(100-( 4 + __PBP__ * 2))/4
  15  0015              ;# 15 "d:\mike\holtek_c\project\ht66f2390_spi_adxl345\main.c" 1
  15  0015              	fcall __DELAYX3 + 3 -((100-( 4 + __PBP__ * 2)) MOD 4) 
  15  001C              	ENDIF
  15  001C              ;# 15 "d:\mike\holtek_c\project\ht66f2390_spi_adxl345\main.c" 1
  15  001C              	IF (100< ( 040bh + __PBP__ * 2)) AND (100> ( 0403h + __PBP__ * 2))
  15  001C              ;# 15 "d:\mike\holtek_c\project\ht66f2390_spi_adxl345\main.c" 1
  15  001C              	MOV A,0 
  15  001C              ;# 15 "d:\mike\holtek_c\project\ht66f2390_spi_adxl345\main.c" 1
  15  001C              	fcall __DELAYX6 + ( 040ah + __PBP__ * 2) -100
  15  001C              	ENDIF
  15  001C              ;# 15 "d:\mike\holtek_c\project\ht66f2390_spi_adxl345\main.c" 1
  15  001C              	IF (100 >= ( 040bh + __PBP__ * 2)) AND ((((100-( 9 + __PBP__ * 2))%0402h)/4+1)>256)
  15  001C              ;# 15 "d:\mike\holtek_c\project\ht66f2390_spi_adxl345\main.c" 1
  15  001C              	MOV A,(100-( 9 + __PBP__ * 2))/0402h
  15  001C              ;# 15 "d:\mike\holtek_c\project\ht66f2390_spi_adxl345\main.c" 1
  15  001C              	MOV _builtin_holtek_delay_2,A
  15  001C              ;# 15 "d:\mike\holtek_c\project\ht66f2390_spi_adxl345\main.c" 1
  15  001C              	MOV A,0
  15  001C              ;# 15 "d:\mike\holtek_c\project\ht66f2390_spi_adxl345\main.c" 1
  15  001C              	fcall __DELAYY5 +5- (((100-( 9 + __PBP__ * 2))%0402h)%6) 
  15  001C              	ENDIF
  15  001C              ;# 15 "d:\mike\holtek_c\project\ht66f2390_spi_adxl345\main.c" 1
  15  001C              	IF (100 >= ( 040bh + __PBP__ * 2)) AND ((((100-( 9 + __PBP__ * 2))%0402h)/4+1)<=256)
  15  001C              ;# 15 "d:\mike\holtek_c\project\ht66f2390_spi_adxl345\main.c" 1
  15  001C              	MOV A,(100-( 9 + __PBP__ * 2))/0402h
  15  001C              ;# 15 "d:\mike\holtek_c\project\ht66f2390_spi_adxl345\main.c" 1
  15  001C              	MOV _builtin_holtek_delay_2,A
  15  001C              ;# 15 "d:\mike\holtek_c\project\ht66f2390_spi_adxl345\main.c" 1
  15  001C              	MOV A,((100-( 9 + __PBP__ * 2))%0402h)/4+1
  15  001C              ;# 15 "d:\mike\holtek_c\project\ht66f2390_spi_adxl345\main.c" 1
  15  001C              	fcall __DELAYY3 +3-(((100-( 9 + __PBP__ * 2))%0402h)%4) 
  15  001C              	ENDIF
  19  001C              #line 19 "d:\mike\holtek_c\project\ht66f2390_spi_adxl345\main.c"
  19  001C              	fcall _SPI_START
  20  0023              #line 20 "d:\mike\holtek_c\project\ht66f2390_spi_adxl345\main.c"
  20  0023  0F80        	mov a,128
  20  0024              	fcall _SPI_read_X
  22  002B              #line 22 "d:\mike\holtek_c\project\ht66f2390_spi_adxl345\main.c"
  22  002B              ;# 22 "d:\mike\holtek_c\project\ht66f2390_spi_adxl345\main.c" 1
  22  002B              	IF 120>263690
  22  002B              ;# 22 "d:\mike\holtek_c\project\ht66f2390_spi_adxl345\main.c" 1
  22  002B              	ERRMESSAGE 'the value 120of the argument exceeds the maxinum 263690'
  22  002B              	ENDIF
  22  002B              ;# 22 "d:\mike\holtek_c\project\ht66f2390_spi_adxl345\main.c" 1
  22  002B              	IF 120<0
  22  002B              ;# 22 "d:\mike\holtek_c\project\ht66f2390_spi_adxl345\main.c" 1
  22  002B              	ERRMESSAGE 'the value 120 of the argument exceeds the mininum 0'
  22  002B              	ENDIF
  22  002B              ;# 22 "d:\mike\holtek_c\project\ht66f2390_spi_adxl345\main.c" 1
  22  002B              	IF 120==0
  22  002B              ;# 22 "d:\mike\holtek_c\project\ht66f2390_spi_adxl345\main.c" 1
  22  002B              	JMP $
  22  002B              	ENDIF
  22  002B              ;# 22 "d:\mike\holtek_c\project\ht66f2390_spi_adxl345\main.c" 1
  22  002B              	IF (120>=1) AND (120<( 4 + __PBP__ * 2))
  22  002B              ;# 22 "d:\mike\holtek_c\project\ht66f2390_spi_adxl345\main.c" 1
  22  002B              	NOP
  22  002B              	ENDIF
  22  002B              ;# 22 "d:\mike\holtek_c\project\ht66f2390_spi_adxl345\main.c" 1
"File: main.c        Assembler  Version HGASM0202      Page 5

  22  002B              	IF (120>=2) AND (120<( 4 + __PBP__ * 2))
  22  002B              ;# 22 "d:\mike\holtek_c\project\ht66f2390_spi_adxl345\main.c" 1
  22  002B              	NOP
  22  002B              	ENDIF
  22  002B              ;# 22 "d:\mike\holtek_c\project\ht66f2390_spi_adxl345\main.c" 1
  22  002B              	IF (120>=3) AND (120<( 4 + __PBP__ * 2))
  22  002B              ;# 22 "d:\mike\holtek_c\project\ht66f2390_spi_adxl345\main.c" 1
  22  002B              	NOP
  22  002B              	ENDIF
  22  002B              ;# 22 "d:\mike\holtek_c\project\ht66f2390_spi_adxl345\main.c" 1
  22  002B              	IF (120>=4) AND (120<( 4 + __PBP__ * 2)) AND ( __PBP__ > 0 )
  22  002B              ;# 22 "d:\mike\holtek_c\project\ht66f2390_spi_adxl345\main.c" 1
  22  002B              	NOP
  22  002B              	ENDIF
  22  002B              ;# 22 "d:\mike\holtek_c\project\ht66f2390_spi_adxl345\main.c" 1
  22  002B              	IF (120>=5) AND (120<( 4 + __PBP__ * 2)) AND ( __PBP__ > 0 )
  22  002B              ;# 22 "d:\mike\holtek_c\project\ht66f2390_spi_adxl345\main.c" 1
  22  002B              	NOP
  22  002B              	ENDIF
  22  002B              ;# 22 "d:\mike\holtek_c\project\ht66f2390_spi_adxl345\main.c" 1
  22  002B              	IF (120>=6) AND (120<( 4 + __PBP__ * 2))  AND ( __PBP__ > 1 )
  22  002B              ;# 22 "d:\mike\holtek_c\project\ht66f2390_spi_adxl345\main.c" 1
  22  002B              	NOP
  22  002B              	ENDIF
  22  002B              ;# 22 "d:\mike\holtek_c\project\ht66f2390_spi_adxl345\main.c" 1
  22  002B              	IF (120>=7) AND (120<( 4 + __PBP__ * 2))  AND ( __PBP__ > 1 )
  22  002B              ;# 22 "d:\mike\holtek_c\project\ht66f2390_spi_adxl345\main.c" 1
  22  002B              	NOP
  22  002B              	ENDIF
  22  002B              ;# 22 "d:\mike\holtek_c\project\ht66f2390_spi_adxl345\main.c" 1
  22  002B              	IF (120>=8) AND (120<( 4 + __PBP__ * 2))  AND ( __PBP__ > 2 )
  22  002B              ;# 22 "d:\mike\holtek_c\project\ht66f2390_spi_adxl345\main.c" 1
  22  002B              	NOP
  22  002B              	ENDIF
  22  002B              ;# 22 "d:\mike\holtek_c\project\ht66f2390_spi_adxl345\main.c" 1
  22  002B              	IF (120==9)  AND ( __PBP__ > 2 )
  22  002B              ;# 22 "d:\mike\holtek_c\project\ht66f2390_spi_adxl345\main.c" 1
  22  002B              	NOP
  22  002B              	ENDIF
  22  002B              ;# 22 "d:\mike\holtek_c\project\ht66f2390_spi_adxl345\main.c" 1
  22  002B              	IF (120< ( 8 + __PBP__ * 2)) AND (120>( 3 + __PBP__ * 2))
  22  002B              ;# 22 "d:\mike\holtek_c\project\ht66f2390_spi_adxl345\main.c" 1
  22  002B              	fcall __DELAY3 + ( 7 + __PBP__ * 2) -120
  22  002B              	ENDIF
  22  002B              ;# 22 "d:\mike\holtek_c\project\ht66f2390_spi_adxl345\main.c" 1
  22  002B              	IF (120< ( 0404h + __PBP__ * 2)) AND (120>( 7 + __PBP__ * 2))
  22  002B              ;# 22 "d:\mike\holtek_c\project\ht66f2390_spi_adxl345\main.c" 1
  22  002B  0F1B        	MOV A,(120-( 4 + __PBP__ * 2))/4
  22  002C              ;# 22 "d:\mike\holtek_c\project\ht66f2390_spi_adxl345\main.c" 1
  22  002C              	fcall __DELAYX3 + 3 -((120-( 4 + __PBP__ * 2)) MOD 4) 
  22  0033              	ENDIF
  22  0033              ;# 22 "d:\mike\holtek_c\project\ht66f2390_spi_adxl345\main.c" 1
  22  0033              	IF (120< ( 040bh + __PBP__ * 2)) AND (120> ( 0403h + __PBP__ * 2))
  22  0033              ;# 22 "d:\mike\holtek_c\project\ht66f2390_spi_adxl345\main.c" 1
  22  0033              	MOV A,0 
  22  0033              ;# 22 "d:\mike\holtek_c\project\ht66f2390_spi_adxl345\main.c" 1
  22  0033              	fcall __DELAYX6 + ( 040ah + __PBP__ * 2) -120
  22  0033              	ENDIF
  22  0033              ;# 22 "d:\mike\holtek_c\project\ht66f2390_spi_adxl345\main.c" 1
  22  0033              	IF (120 >= ( 040bh + __PBP__ * 2)) AND ((((120-( 9 + __PBP__ * 2))%0402h)/4+1)>256)
"File: main.c        Assembler  Version HGASM0202      Page 6

  22  0033              ;# 22 "d:\mike\holtek_c\project\ht66f2390_spi_adxl345\main.c" 1
  22  0033              	MOV A,(120-( 9 + __PBP__ * 2))/0402h
  22  0033              ;# 22 "d:\mike\holtek_c\project\ht66f2390_spi_adxl345\main.c" 1
  22  0033              	MOV _builtin_holtek_delay_2,A
  22  0033              ;# 22 "d:\mike\holtek_c\project\ht66f2390_spi_adxl345\main.c" 1
  22  0033              	MOV A,0
  22  0033              ;# 22 "d:\mike\holtek_c\project\ht66f2390_spi_adxl345\main.c" 1
  22  0033              	fcall __DELAYY5 +5- (((120-( 9 + __PBP__ * 2))%0402h)%6) 
  22  0033              	ENDIF
  22  0033              ;# 22 "d:\mike\holtek_c\project\ht66f2390_spi_adxl345\main.c" 1
  22  0033              	IF (120 >= ( 040bh + __PBP__ * 2)) AND ((((120-( 9 + __PBP__ * 2))%0402h)/4+1)<=256)
  22  0033              ;# 22 "d:\mike\holtek_c\project\ht66f2390_spi_adxl345\main.c" 1
  22  0033              	MOV A,(120-( 9 + __PBP__ * 2))/0402h
  22  0033              ;# 22 "d:\mike\holtek_c\project\ht66f2390_spi_adxl345\main.c" 1
  22  0033              	MOV _builtin_holtek_delay_2,A
  22  0033              ;# 22 "d:\mike\holtek_c\project\ht66f2390_spi_adxl345\main.c" 1
  22  0033              	MOV A,((120-( 9 + __PBP__ * 2))%0402h)/4+1
  22  0033              ;# 22 "d:\mike\holtek_c\project\ht66f2390_spi_adxl345\main.c" 1
  22  0033              	fcall __DELAYY3 +3-(((120-( 9 + __PBP__ * 2))%0402h)%4) 
  22  0033              	ENDIF
  23  0033              #line 23 "d:\mike\holtek_c\project\ht66f2390_spi_adxl345\main.c"
  23  0033  3024        	set [36].0
  24  0034              #line 24 "d:\mike\holtek_c\project\ht66f2390_spi_adxl345\main.c"
  24  0034              ;# 24 "d:\mike\holtek_c\project\ht66f2390_spi_adxl345\main.c" 1
  24  0034              	IF 12000>263690
  24  0034              ;# 24 "d:\mike\holtek_c\project\ht66f2390_spi_adxl345\main.c" 1
  24  0034              	ERRMESSAGE 'the value 12000of the argument exceeds the maxinum 263690'
  24  0034              	ENDIF
  24  0034              ;# 24 "d:\mike\holtek_c\project\ht66f2390_spi_adxl345\main.c" 1
  24  0034              	IF 12000<0
  24  0034              ;# 24 "d:\mike\holtek_c\project\ht66f2390_spi_adxl345\main.c" 1
  24  0034              	ERRMESSAGE 'the value 12000 of the argument exceeds the mininum 0'
  24  0034              	ENDIF
  24  0034              ;# 24 "d:\mike\holtek_c\project\ht66f2390_spi_adxl345\main.c" 1
  24  0034              	IF 12000==0
  24  0034              ;# 24 "d:\mike\holtek_c\project\ht66f2390_spi_adxl345\main.c" 1
  24  0034              	JMP $
  24  0034              	ENDIF
  24  0034              ;# 24 "d:\mike\holtek_c\project\ht66f2390_spi_adxl345\main.c" 1
  24  0034              	IF (12000>=1) AND (12000<( 4 + __PBP__ * 2))
  24  0034              ;# 24 "d:\mike\holtek_c\project\ht66f2390_spi_adxl345\main.c" 1
  24  0034              	NOP
  24  0034              	ENDIF
  24  0034              ;# 24 "d:\mike\holtek_c\project\ht66f2390_spi_adxl345\main.c" 1
  24  0034              	IF (12000>=2) AND (12000<( 4 + __PBP__ * 2))
  24  0034              ;# 24 "d:\mike\holtek_c\project\ht66f2390_spi_adxl345\main.c" 1
  24  0034              	NOP
  24  0034              	ENDIF
  24  0034              ;# 24 "d:\mike\holtek_c\project\ht66f2390_spi_adxl345\main.c" 1
  24  0034              	IF (12000>=3) AND (12000<( 4 + __PBP__ * 2))
  24  0034              ;# 24 "d:\mike\holtek_c\project\ht66f2390_spi_adxl345\main.c" 1
  24  0034              	NOP
  24  0034              	ENDIF
  24  0034              ;# 24 "d:\mike\holtek_c\project\ht66f2390_spi_adxl345\main.c" 1
  24  0034              	IF (12000>=4) AND (12000<( 4 + __PBP__ * 2)) AND ( __PBP__ > 0 )
  24  0034              ;# 24 "d:\mike\holtek_c\project\ht66f2390_spi_adxl345\main.c" 1
  24  0034              	NOP
  24  0034              	ENDIF
  24  0034              ;# 24 "d:\mike\holtek_c\project\ht66f2390_spi_adxl345\main.c" 1
  24  0034              	IF (12000>=5) AND (12000<( 4 + __PBP__ * 2)) AND ( __PBP__ > 0 )
"File: main.c        Assembler  Version HGASM0202      Page 7

  24  0034              ;# 24 "d:\mike\holtek_c\project\ht66f2390_spi_adxl345\main.c" 1
  24  0034              	NOP
  24  0034              	ENDIF
  24  0034              ;# 24 "d:\mike\holtek_c\project\ht66f2390_spi_adxl345\main.c" 1
  24  0034              	IF (12000>=6) AND (12000<( 4 + __PBP__ * 2))  AND ( __PBP__ > 1 )
  24  0034              ;# 24 "d:\mike\holtek_c\project\ht66f2390_spi_adxl345\main.c" 1
  24  0034              	NOP
  24  0034              	ENDIF
  24  0034              ;# 24 "d:\mike\holtek_c\project\ht66f2390_spi_adxl345\main.c" 1
  24  0034              	IF (12000>=7) AND (12000<( 4 + __PBP__ * 2))  AND ( __PBP__ > 1 )
  24  0034              ;# 24 "d:\mike\holtek_c\project\ht66f2390_spi_adxl345\main.c" 1
  24  0034              	NOP
  24  0034              	ENDIF
  24  0034              ;# 24 "d:\mike\holtek_c\project\ht66f2390_spi_adxl345\main.c" 1
  24  0034              	IF (12000>=8) AND (12000<( 4 + __PBP__ * 2))  AND ( __PBP__ > 2 )
  24  0034              ;# 24 "d:\mike\holtek_c\project\ht66f2390_spi_adxl345\main.c" 1
  24  0034              	NOP
  24  0034              	ENDIF
  24  0034              ;# 24 "d:\mike\holtek_c\project\ht66f2390_spi_adxl345\main.c" 1
  24  0034              	IF (12000==9)  AND ( __PBP__ > 2 )
  24  0034              ;# 24 "d:\mike\holtek_c\project\ht66f2390_spi_adxl345\main.c" 1
  24  0034              	NOP
  24  0034              	ENDIF
  24  0034              ;# 24 "d:\mike\holtek_c\project\ht66f2390_spi_adxl345\main.c" 1
  24  0034              	IF (12000< ( 8 + __PBP__ * 2)) AND (12000>( 3 + __PBP__ * 2))
  24  0034              ;# 24 "d:\mike\holtek_c\project\ht66f2390_spi_adxl345\main.c" 1
  24  0034              	fcall __DELAY3 + ( 7 + __PBP__ * 2) -12000
  24  0034              	ENDIF
  24  0034              ;# 24 "d:\mike\holtek_c\project\ht66f2390_spi_adxl345\main.c" 1
  24  0034              	IF (12000< ( 0404h + __PBP__ * 2)) AND (12000>( 7 + __PBP__ * 2))
  24  0034              ;# 24 "d:\mike\holtek_c\project\ht66f2390_spi_adxl345\main.c" 1
  24  0034              	MOV A,(12000-( 4 + __PBP__ * 2))/4
  24  0034              ;# 24 "d:\mike\holtek_c\project\ht66f2390_spi_adxl345\main.c" 1
  24  0034              	fcall __DELAYX3 + 3 -((12000-( 4 + __PBP__ * 2)) MOD 4) 
  24  0034              	ENDIF
  24  0034              ;# 24 "d:\mike\holtek_c\project\ht66f2390_spi_adxl345\main.c" 1
  24  0034              	IF (12000< ( 040bh + __PBP__ * 2)) AND (12000> ( 0403h + __PBP__ * 2))
  24  0034              ;# 24 "d:\mike\holtek_c\project\ht66f2390_spi_adxl345\main.c" 1
  24  0034              	MOV A,0 
  24  0034              ;# 24 "d:\mike\holtek_c\project\ht66f2390_spi_adxl345\main.c" 1
  24  0034              	fcall __DELAYX6 + ( 040ah + __PBP__ * 2) -12000
  24  0034              	ENDIF
  24  0034              ;# 24 "d:\mike\holtek_c\project\ht66f2390_spi_adxl345\main.c" 1
  24  0034              	IF (12000 >= ( 040bh + __PBP__ * 2)) AND ((((12000-( 9 + __PBP__ * 2))%0402h)/4+1)>256)
  24  0034              ;# 24 "d:\mike\holtek_c\project\ht66f2390_spi_adxl345\main.c" 1
  24  0034              	MOV A,(12000-( 9 + __PBP__ * 2))/0402h
  24  0034              ;# 24 "d:\mike\holtek_c\project\ht66f2390_spi_adxl345\main.c" 1
  24  0034              	MOV _builtin_holtek_delay_2,A
  24  0034              ;# 24 "d:\mike\holtek_c\project\ht66f2390_spi_adxl345\main.c" 1
  24  0034              	MOV A,0
  24  0034              ;# 24 "d:\mike\holtek_c\project\ht66f2390_spi_adxl345\main.c" 1
  24  0034              	fcall __DELAYY5 +5- (((12000-( 9 + __PBP__ * 2))%0402h)%6) 
  24  0034              	ENDIF
  24  0034              ;# 24 "d:\mike\holtek_c\project\ht66f2390_spi_adxl345\main.c" 1
  24  0034              	IF (12000 >= ( 040bh + __PBP__ * 2)) AND ((((12000-( 9 + __PBP__ * 2))%0402h)/4+1)<=256)
  24  0034              ;# 24 "d:\mike\holtek_c\project\ht66f2390_spi_adxl345\main.c" 1
  24  0034  0F0B        	MOV A,(12000-( 9 + __PBP__ * 2))/0402h
  24  0035              ;# 24 "d:\mike\holtek_c\project\ht66f2390_spi_adxl345\main.c" 1
  24  0035  0080     E  	MOV _builtin_holtek_delay_2,A
  24  0036              ;# 24 "d:\mike\holtek_c\project\ht66f2390_spi_adxl345\main.c" 1
"File: main.c        Assembler  Version HGASM0202      Page 8

  24  0036  0FAF        	MOV A,((12000-( 9 + __PBP__ * 2))%0402h)/4+1
  24  0037              ;# 24 "d:\mike\holtek_c\project\ht66f2390_spi_adxl345\main.c" 1
  24  0037              	fcall __DELAYY3 +3-(((12000-( 9 + __PBP__ * 2))%0402h)%4) 
  24  003E              	ENDIF
  24  003E  2800     R  	jmp _L2
  24  003F              #pragma debug scope 2 1
  24  003F  2800     R  	jmp $
  24  0040              _main endp
  24  0040              
  24  0040              @dummy endp
  24  0040              
  24  0040              #line 24 "d:\mike\holtek_c\project\ht66f2390_spi_adxl345\main.c"
  24  0040              #pragma debug scope 1 1
  24  0040              #pragma debug struct_end
  24  0040              #pragma debug struct_end
  24  0040              #pragma debug union_end
  24  0040              #pragma debug union_end
  24  0040              #pragma debug variable 43 1 ___pf "__pf" 1
  24  0040              #pragma debug struct_end
  24  0040              #pragma debug struct_end
  24  0040              #pragma debug union_end
  24  0040              #pragma debug union_end
  24  0040              #pragma debug variable 45 1 ___wdtc "__wdtc" 1
   8  0040              #line 8 "d:\mike\holtek_c\project\ht66f2390_spi_adxl345\main.c"
   8  0000              @code .section at 0 'code'
   8  0000  1F0B        	clr bp
   8  0001  2800     R  	jmp _main_startup1
   8  0002              
   8  0002              extern _clockSetSystemSrc_2:byte
   8  0002              extern _clockSetSystemSrc:near
   8  0002              extern _SPI_init:near
   8  0002              extern _SPI_START:near
   8  0002              extern _SPI_read_X:near
   8  0002              
   8  0002              ; 
   8  0002              ; Generated by holtek-gcc v3.19, Wed Jun 21 19:52:35 2023
   8  0002              ; Rebuild 718
   8  0002              ; end of file


        0 Errors, 0