"File: SPI_ADXL345.c  Assembler  Version HGASM0202      Page 1


   1  0000              ; Generated by holtek-gcc v3.19, Wed Jun 21 19:52:36 2023
   2  0000              ; 
   3  0000              ; Configuration:
   4  0000              ;       with long instruction
   5  0000              ;       Multi-ROM, Multi-RAM
   6  0000              ;       bits_per_rom_unit:16
   7  0000              ;       with mp1
   8  0000              ;       with tbhp, address(0x9)
   9  0000              ;          Use tabrd-const
  10  0000              ;       
  11  0000              ; SFR address of long-instruction arch:
  12  0000              ;    mp0 = -1,1,0
  13  0000              ;    mp1 = 4,3,2
  14  0000              ;    mp2 = 14,13,12
  15  0000              ;    tbp = 9,7,8
  16  0000              ;    acc = 5
  17  0000              ;    pcl = 6
  18  0000              ;    status = 10
  19  0000              ;    bp = 11
  20  0000              ;    intc = 16
  21  0000              ;       
  22  0000              ;       
  23  0000              ; use 'tabrdc' instead of 'tabrd'
  24  0000              ;       
  25  0000              
  26  0000              #pragma translator "holtek-gcc 4.6.4" "3.19" "build 20130711"
  27  0000              ; Rebuild 718
  28  0000              
  29  0000              ir equ [2]
  30  0000              mp equ [3]
  31  0000              sbp equ [4]
  32  0000              acc equ [5]
  33  0000              bp equ [11]
  34  0000              tblp equ [7]
  35  0000              tbhp equ [9]
  36  0000              status equ [10]
  37  0000              c equ [10].0
  38  0000              ac equ [10].1
  39  0000              z equ [10].2
  40  0000              ov equ [10].3
  41  0000              cz equ [10].6
  42  0000              sc equ [10].7
  43  0000              intc equ [16]
  44  0000              mduwr0 equ [59h]
  45  0000              mduwr1 equ [5ah]
  46  0000              mduwr2 equ [5bh]
  47  0000              mduwr3 equ [5ch]
  48  0000              mduwr4 equ [5dh]
  49  0000              mduwr5 equ [5eh]
  50  0000              mduwrctrl equ [5fh]
  51  0000              
  52  0000              extern ra:byte
  53  0000              extern rb:byte
  54  0000              extern rc:byte
  55  0000              extern rd:byte
  56  0000              extern re:byte
  57  0000              extern rf:byte
  58  0000              extern rg:byte
  59  0000              extern rh:byte
"File: SPI_ADXL345.ASM  Assembler  Version HGASM0202      Page 2

  60  0000              extern _Crom2Prom:near
  61  0000              extern _Crom2PromNext:near
  62  0000              
  63  0000              RAMBANK 0 @BITDATASEC, @BITDATASEC1
  64  0000              @HCCINIT	.section 'data'
  65  0000              @HCCINIT0	.section 'data'
  66  0000              @BITDATASEC	 .section 'data'
  67  0000              @BITDATASEC1	 .section 'data'
  68  0000              
  69  0000              #pragma debug scope 1 1
  70  0000              	extern __DELAY3:near
  71  0000              	extern __DELAYX3:near
  72  0000              	extern __DELAYX6:near
  73  0000              	extern __DELAYY5:near
  74  0000              	extern __DELAYY3:near
  75  0000              	extern _builtin_holtek_delay_2:byte
  76  0000              ___pf equ [36]
  77  0000              ___pfc equ [37]
  78  0000              ___pfpu equ [38]
  79  0000              public _SPI_init
  80  0000              #pragma debug scope 2 1

   8  0000              #line 8 "d:\mike\holtek_c\componets\modules\SPI_ADXL345.c"
   8  0000              _SPI_init .section 'code'
   8  0000              _SPI_init proc
   9  0000              #line 9 "d:\mike\holtek_c\componets\modules\SPI_ADXL345.c"
   9  0000  3424        	clr [36].0
  10  0001              #line 10 "d:\mike\holtek_c\componets\modules\SPI_ADXL345.c"
  10  0001  35A4        	clr [36].3
  11  0002              #line 11 "d:\mike\holtek_c\componets\modules\SPI_ADXL345.c"
  11  0002  3524        	clr [36].2
  12  0003              #line 12 "d:\mike\holtek_c\componets\modules\SPI_ADXL345.c"
  12  0003  34A4        	clr [36].1
  13  0004              #line 13 "d:\mike\holtek_c\componets\modules\SPI_ADXL345.c"
  13  0004              ;# 13 "d:\mike\holtek_c\componets\modules\SPI_ADXL345.c" 1
  13  0004              	IF 120>263690
  13  0004              ;# 13 "d:\mike\holtek_c\componets\modules\SPI_ADXL345.c" 1
  13  0004              	ERRMESSAGE 'the value 120of the argument exceeds the maxinum 263690'
  13  0004              	ENDIF
  13  0004              ;# 13 "d:\mike\holtek_c\componets\modules\SPI_ADXL345.c" 1
  13  0004              	IF 120<0
  13  0004              ;# 13 "d:\mike\holtek_c\componets\modules\SPI_ADXL345.c" 1
  13  0004              	ERRMESSAGE 'the value 120 of the argument exceeds the mininum 0'
  13  0004              	ENDIF
  13  0004              ;# 13 "d:\mike\holtek_c\componets\modules\SPI_ADXL345.c" 1
  13  0004              	IF 120==0
  13  0004              ;# 13 "d:\mike\holtek_c\componets\modules\SPI_ADXL345.c" 1
  13  0004              	JMP $
  13  0004              	ENDIF
  13  0004              ;# 13 "d:\mike\holtek_c\componets\modules\SPI_ADXL345.c" 1
  13  0004              	IF (120>=1) AND (120<( 4 + __PBP__ * 2))
  13  0004              ;# 13 "d:\mike\holtek_c\componets\modules\SPI_ADXL345.c" 1
  13  0004              	NOP
  13  0004              	ENDIF
  13  0004              ;# 13 "d:\mike\holtek_c\componets\modules\SPI_ADXL345.c" 1
  13  0004              	IF (120>=2) AND (120<( 4 + __PBP__ * 2))
  13  0004              ;# 13 "d:\mike\holtek_c\componets\modules\SPI_ADXL345.c" 1
  13  0004              	NOP
  13  0004              	ENDIF
  13  0004              ;# 13 "d:\mike\holtek_c\componets\modules\SPI_ADXL345.c" 1
"File: SPI_ADXL345.c  Assembler  Version HGASM0202      Page 3

  13  0004              	IF (120>=3) AND (120<( 4 + __PBP__ * 2))
  13  0004              ;# 13 "d:\mike\holtek_c\componets\modules\SPI_ADXL345.c" 1
  13  0004              	NOP
  13  0004              	ENDIF
  13  0004              ;# 13 "d:\mike\holtek_c\componets\modules\SPI_ADXL345.c" 1
  13  0004              	IF (120>=4) AND (120<( 4 + __PBP__ * 2)) AND ( __PBP__ > 0 )
  13  0004              ;# 13 "d:\mike\holtek_c\componets\modules\SPI_ADXL345.c" 1
  13  0004              	NOP
  13  0004              	ENDIF
  13  0004              ;# 13 "d:\mike\holtek_c\componets\modules\SPI_ADXL345.c" 1
  13  0004              	IF (120>=5) AND (120<( 4 + __PBP__ * 2)) AND ( __PBP__ > 0 )
  13  0004              ;# 13 "d:\mike\holtek_c\componets\modules\SPI_ADXL345.c" 1
  13  0004              	NOP
  13  0004              	ENDIF
  13  0004              ;# 13 "d:\mike\holtek_c\componets\modules\SPI_ADXL345.c" 1
  13  0004              	IF (120>=6) AND (120<( 4 + __PBP__ * 2))  AND ( __PBP__ > 1 )
  13  0004              ;# 13 "d:\mike\holtek_c\componets\modules\SPI_ADXL345.c" 1
  13  0004              	NOP
  13  0004              	ENDIF
  13  0004              ;# 13 "d:\mike\holtek_c\componets\modules\SPI_ADXL345.c" 1
  13  0004              	IF (120>=7) AND (120<( 4 + __PBP__ * 2))  AND ( __PBP__ > 1 )
  13  0004              ;# 13 "d:\mike\holtek_c\componets\modules\SPI_ADXL345.c" 1
  13  0004              	NOP
  13  0004              	ENDIF
  13  0004              ;# 13 "d:\mike\holtek_c\componets\modules\SPI_ADXL345.c" 1
  13  0004              	IF (120>=8) AND (120<( 4 + __PBP__ * 2))  AND ( __PBP__ > 2 )
  13  0004              ;# 13 "d:\mike\holtek_c\componets\modules\SPI_ADXL345.c" 1
  13  0004              	NOP
  13  0004              	ENDIF
  13  0004              ;# 13 "d:\mike\holtek_c\componets\modules\SPI_ADXL345.c" 1
  13  0004              	IF (120==9)  AND ( __PBP__ > 2 )
  13  0004              ;# 13 "d:\mike\holtek_c\componets\modules\SPI_ADXL345.c" 1
  13  0004              	NOP
  13  0004              	ENDIF
  13  0004              ;# 13 "d:\mike\holtek_c\componets\modules\SPI_ADXL345.c" 1
  13  0004              	IF (120< ( 8 + __PBP__ * 2)) AND (120>( 3 + __PBP__ * 2))
  13  0004              ;# 13 "d:\mike\holtek_c\componets\modules\SPI_ADXL345.c" 1
  13  0004              	fcall __DELAY3 + ( 7 + __PBP__ * 2) -120
  13  0004              	ENDIF
  13  0004              ;# 13 "d:\mike\holtek_c\componets\modules\SPI_ADXL345.c" 1
  13  0004              	IF (120< ( 0404h + __PBP__ * 2)) AND (120>( 7 + __PBP__ * 2))
  13  0004              ;# 13 "d:\mike\holtek_c\componets\modules\SPI_ADXL345.c" 1
  13  0004  0F1B        	MOV A,(120-( 4 + __PBP__ * 2))/4
  13  0005              ;# 13 "d:\mike\holtek_c\componets\modules\SPI_ADXL345.c" 1
  13  0005              	fcall __DELAYX3 + 3 -((120-( 4 + __PBP__ * 2)) MOD 4) 
  13  000C              	ENDIF
  13  000C              ;# 13 "d:\mike\holtek_c\componets\modules\SPI_ADXL345.c" 1
  13  000C              	IF (120< ( 040bh + __PBP__ * 2)) AND (120> ( 0403h + __PBP__ * 2))
  13  000C              ;# 13 "d:\mike\holtek_c\componets\modules\SPI_ADXL345.c" 1
  13  000C              	MOV A,0 
  13  000C              ;# 13 "d:\mike\holtek_c\componets\modules\SPI_ADXL345.c" 1
  13  000C              	fcall __DELAYX6 + ( 040ah + __PBP__ * 2) -120
  13  000C              	ENDIF
  13  000C              ;# 13 "d:\mike\holtek_c\componets\modules\SPI_ADXL345.c" 1
  13  000C              	IF (120 >= ( 040bh + __PBP__ * 2)) AND ((((120-( 9 + __PBP__ * 2))%0402h)/4+1)>256)
  13  000C              ;# 13 "d:\mike\holtek_c\componets\modules\SPI_ADXL345.c" 1
  13  000C              	MOV A,(120-( 9 + __PBP__ * 2))/0402h
  13  000C              ;# 13 "d:\mike\holtek_c\componets\modules\SPI_ADXL345.c" 1
  13  000C              	MOV _builtin_holtek_delay_2,A
  13  000C              ;# 13 "d:\mike\holtek_c\componets\modules\SPI_ADXL345.c" 1
"File: SPI_ADXL345.c  Assembler  Version HGASM0202      Page 4

  13  000C              	MOV A,0
  13  000C              ;# 13 "d:\mike\holtek_c\componets\modules\SPI_ADXL345.c" 1
  13  000C              	fcall __DELAYY5 +5- (((120-( 9 + __PBP__ * 2))%0402h)%6) 
  13  000C              	ENDIF
  13  000C              ;# 13 "d:\mike\holtek_c\componets\modules\SPI_ADXL345.c" 1
  13  000C              	IF (120 >= ( 040bh + __PBP__ * 2)) AND ((((120-( 9 + __PBP__ * 2))%0402h)/4+1)<=256)
  13  000C              ;# 13 "d:\mike\holtek_c\componets\modules\SPI_ADXL345.c" 1
  13  000C              	MOV A,(120-( 9 + __PBP__ * 2))/0402h
  13  000C              ;# 13 "d:\mike\holtek_c\componets\modules\SPI_ADXL345.c" 1
  13  000C              	MOV _builtin_holtek_delay_2,A
  13  000C              ;# 13 "d:\mike\holtek_c\componets\modules\SPI_ADXL345.c" 1
  13  000C              	MOV A,((120-( 9 + __PBP__ * 2))%0402h)/4+1
  13  000C              ;# 13 "d:\mike\holtek_c\componets\modules\SPI_ADXL345.c" 1
  13  000C              	fcall __DELAYY3 +3-(((120-( 9 + __PBP__ * 2))%0402h)%4) 
  13  000C              	ENDIF
  15  000C              #line 15 "d:\mike\holtek_c\componets\modules\SPI_ADXL345.c"
  15  000C  3425        	clr [37].0
  16  000D              #line 16 "d:\mike\holtek_c\componets\modules\SPI_ADXL345.c"
  16  000D  35A5        	clr [37].3
  17  000E              #line 17 "d:\mike\holtek_c\componets\modules\SPI_ADXL345.c"
  17  000E  3125        	set [37].2
  18  000F              #line 18 "d:\mike\holtek_c\componets\modules\SPI_ADXL345.c"
  18  000F  34A5        	clr [37].1
  19  0010              #line 19 "d:\mike\holtek_c\componets\modules\SPI_ADXL345.c"
  19  0010              ;# 19 "d:\mike\holtek_c\componets\modules\SPI_ADXL345.c" 1
  19  0010              	IF 120>263690
  19  0010              ;# 19 "d:\mike\holtek_c\componets\modules\SPI_ADXL345.c" 1
  19  0010              	ERRMESSAGE 'the value 120of the argument exceeds the maxinum 263690'
  19  0010              	ENDIF
  19  0010              ;# 19 "d:\mike\holtek_c\componets\modules\SPI_ADXL345.c" 1
  19  0010              	IF 120<0
  19  0010              ;# 19 "d:\mike\holtek_c\componets\modules\SPI_ADXL345.c" 1
  19  0010              	ERRMESSAGE 'the value 120 of the argument exceeds the mininum 0'
  19  0010              	ENDIF
  19  0010              ;# 19 "d:\mike\holtek_c\componets\modules\SPI_ADXL345.c" 1
  19  0010              	IF 120==0
  19  0010              ;# 19 "d:\mike\holtek_c\componets\modules\SPI_ADXL345.c" 1
  19  0010              	JMP $
  19  0010              	ENDIF
  19  0010              ;# 19 "d:\mike\holtek_c\componets\modules\SPI_ADXL345.c" 1
  19  0010              	IF (120>=1) AND (120<( 4 + __PBP__ * 2))
  19  0010              ;# 19 "d:\mike\holtek_c\componets\modules\SPI_ADXL345.c" 1
  19  0010              	NOP
  19  0010              	ENDIF
  19  0010              ;# 19 "d:\mike\holtek_c\componets\modules\SPI_ADXL345.c" 1
  19  0010              	IF (120>=2) AND (120<( 4 + __PBP__ * 2))
  19  0010              ;# 19 "d:\mike\holtek_c\componets\modules\SPI_ADXL345.c" 1
  19  0010              	NOP
  19  0010              	ENDIF
  19  0010              ;# 19 "d:\mike\holtek_c\componets\modules\SPI_ADXL345.c" 1
  19  0010              	IF (120>=3) AND (120<( 4 + __PBP__ * 2))
  19  0010              ;# 19 "d:\mike\holtek_c\componets\modules\SPI_ADXL345.c" 1
  19  0010              	NOP
  19  0010              	ENDIF
  19  0010              ;# 19 "d:\mike\holtek_c\componets\modules\SPI_ADXL345.c" 1
  19  0010              	IF (120>=4) AND (120<( 4 + __PBP__ * 2)) AND ( __PBP__ > 0 )
  19  0010              ;# 19 "d:\mike\holtek_c\componets\modules\SPI_ADXL345.c" 1
  19  0010              	NOP
  19  0010              	ENDIF
  19  0010              ;# 19 "d:\mike\holtek_c\componets\modules\SPI_ADXL345.c" 1
"File: SPI_ADXL345.c  Assembler  Version HGASM0202      Page 5

  19  0010              	IF (120>=5) AND (120<( 4 + __PBP__ * 2)) AND ( __PBP__ > 0 )
  19  0010              ;# 19 "d:\mike\holtek_c\componets\modules\SPI_ADXL345.c" 1
  19  0010              	NOP
  19  0010              	ENDIF
  19  0010              ;# 19 "d:\mike\holtek_c\componets\modules\SPI_ADXL345.c" 1
  19  0010              	IF (120>=6) AND (120<( 4 + __PBP__ * 2))  AND ( __PBP__ > 1 )
  19  0010              ;# 19 "d:\mike\holtek_c\componets\modules\SPI_ADXL345.c" 1
  19  0010              	NOP
  19  0010              	ENDIF
  19  0010              ;# 19 "d:\mike\holtek_c\componets\modules\SPI_ADXL345.c" 1
  19  0010              	IF (120>=7) AND (120<( 4 + __PBP__ * 2))  AND ( __PBP__ > 1 )
  19  0010              ;# 19 "d:\mike\holtek_c\componets\modules\SPI_ADXL345.c" 1
  19  0010              	NOP
  19  0010              	ENDIF
  19  0010              ;# 19 "d:\mike\holtek_c\componets\modules\SPI_ADXL345.c" 1
  19  0010              	IF (120>=8) AND (120<( 4 + __PBP__ * 2))  AND ( __PBP__ > 2 )
  19  0010              ;# 19 "d:\mike\holtek_c\componets\modules\SPI_ADXL345.c" 1
  19  0010              	NOP
  19  0010              	ENDIF
  19  0010              ;# 19 "d:\mike\holtek_c\componets\modules\SPI_ADXL345.c" 1
  19  0010              	IF (120==9)  AND ( __PBP__ > 2 )
  19  0010              ;# 19 "d:\mike\holtek_c\componets\modules\SPI_ADXL345.c" 1
  19  0010              	NOP
  19  0010              	ENDIF
  19  0010              ;# 19 "d:\mike\holtek_c\componets\modules\SPI_ADXL345.c" 1
  19  0010              	IF (120< ( 8 + __PBP__ * 2)) AND (120>( 3 + __PBP__ * 2))
  19  0010              ;# 19 "d:\mike\holtek_c\componets\modules\SPI_ADXL345.c" 1
  19  0010              	fcall __DELAY3 + ( 7 + __PBP__ * 2) -120
  19  0010              	ENDIF
  19  0010              ;# 19 "d:\mike\holtek_c\componets\modules\SPI_ADXL345.c" 1
  19  0010              	IF (120< ( 0404h + __PBP__ * 2)) AND (120>( 7 + __PBP__ * 2))
  19  0010              ;# 19 "d:\mike\holtek_c\componets\modules\SPI_ADXL345.c" 1
  19  0010  0F1B        	MOV A,(120-( 4 + __PBP__ * 2))/4
  19  0011              ;# 19 "d:\mike\holtek_c\componets\modules\SPI_ADXL345.c" 1
  19  0011              	fcall __DELAYX3 + 3 -((120-( 4 + __PBP__ * 2)) MOD 4) 
  19  0018              	ENDIF
  19  0018              ;# 19 "d:\mike\holtek_c\componets\modules\SPI_ADXL345.c" 1
  19  0018              	IF (120< ( 040bh + __PBP__ * 2)) AND (120> ( 0403h + __PBP__ * 2))
  19  0018              ;# 19 "d:\mike\holtek_c\componets\modules\SPI_ADXL345.c" 1
  19  0018              	MOV A,0 
  19  0018              ;# 19 "d:\mike\holtek_c\componets\modules\SPI_ADXL345.c" 1
  19  0018              	fcall __DELAYX6 + ( 040ah + __PBP__ * 2) -120
  19  0018              	ENDIF
  19  0018              ;# 19 "d:\mike\holtek_c\componets\modules\SPI_ADXL345.c" 1
  19  0018              	IF (120 >= ( 040bh + __PBP__ * 2)) AND ((((120-( 9 + __PBP__ * 2))%0402h)/4+1)>256)
  19  0018              ;# 19 "d:\mike\holtek_c\componets\modules\SPI_ADXL345.c" 1
  19  0018              	MOV A,(120-( 9 + __PBP__ * 2))/0402h
  19  0018              ;# 19 "d:\mike\holtek_c\componets\modules\SPI_ADXL345.c" 1
  19  0018              	MOV _builtin_holtek_delay_2,A
  19  0018              ;# 19 "d:\mike\holtek_c\componets\modules\SPI_ADXL345.c" 1
  19  0018              	MOV A,0
  19  0018              ;# 19 "d:\mike\holtek_c\componets\modules\SPI_ADXL345.c" 1
  19  0018              	fcall __DELAYY5 +5- (((120-( 9 + __PBP__ * 2))%0402h)%6) 
  19  0018              	ENDIF
  19  0018              ;# 19 "d:\mike\holtek_c\componets\modules\SPI_ADXL345.c" 1
  19  0018              	IF (120 >= ( 040bh + __PBP__ * 2)) AND ((((120-( 9 + __PBP__ * 2))%0402h)/4+1)<=256)
  19  0018              ;# 19 "d:\mike\holtek_c\componets\modules\SPI_ADXL345.c" 1
  19  0018              	MOV A,(120-( 9 + __PBP__ * 2))/0402h
  19  0018              ;# 19 "d:\mike\holtek_c\componets\modules\SPI_ADXL345.c" 1
  19  0018              	MOV _builtin_holtek_delay_2,A
"File: SPI_ADXL345.c  Assembler  Version HGASM0202      Page 6

  19  0018              ;# 19 "d:\mike\holtek_c\componets\modules\SPI_ADXL345.c" 1
  19  0018              	MOV A,((120-( 9 + __PBP__ * 2))%0402h)/4+1
  19  0018              ;# 19 "d:\mike\holtek_c\componets\modules\SPI_ADXL345.c" 1
  19  0018              	fcall __DELAYY3 +3-(((120-( 9 + __PBP__ * 2))%0402h)%4) 
  19  0018              	ENDIF
  22  0018              #line 22 "d:\mike\holtek_c\componets\modules\SPI_ADXL345.c"
  22  0018  3126        	set [38].2
  22  0019  0003        	ret
  22  001A              _SPI_init endp
  22  001A              #line 22 "d:\mike\holtek_c\componets\modules\SPI_ADXL345.c"
  22  001A              #pragma debug scope 1 1
  22  001A              public _SPI_START
  22  001A              #pragma debug scope 3 1
  27  001A              #line 27 "d:\mike\holtek_c\componets\modules\SPI_ADXL345.c"
  27  0000              _SPI_START .section 'code'
  27  0000              _SPI_START proc
  28  0000              #line 28 "d:\mike\holtek_c\componets\modules\SPI_ADXL345.c"
  28  0000  3024        	set [36].0
  29  0001              #line 29 "d:\mike\holtek_c\componets\modules\SPI_ADXL345.c"
  29  0001  31A4        	set [36].3
  30  0002              #line 30 "d:\mike\holtek_c\componets\modules\SPI_ADXL345.c"
  30  0002              ;# 30 "d:\mike\holtek_c\componets\modules\SPI_ADXL345.c" 1
  30  0002              	IF 120>263690
  30  0002              ;# 30 "d:\mike\holtek_c\componets\modules\SPI_ADXL345.c" 1
  30  0002              	ERRMESSAGE 'the value 120of the argument exceeds the maxinum 263690'
  30  0002              	ENDIF
  30  0002              ;# 30 "d:\mike\holtek_c\componets\modules\SPI_ADXL345.c" 1
  30  0002              	IF 120<0
  30  0002              ;# 30 "d:\mike\holtek_c\componets\modules\SPI_ADXL345.c" 1
  30  0002              	ERRMESSAGE 'the value 120 of the argument exceeds the mininum 0'
  30  0002              	ENDIF
  30  0002              ;# 30 "d:\mike\holtek_c\componets\modules\SPI_ADXL345.c" 1
  30  0002              	IF 120==0
  30  0002              ;# 30 "d:\mike\holtek_c\componets\modules\SPI_ADXL345.c" 1
  30  0002              	JMP $
  30  0002              	ENDIF
  30  0002              ;# 30 "d:\mike\holtek_c\componets\modules\SPI_ADXL345.c" 1
  30  0002              	IF (120>=1) AND (120<( 4 + __PBP__ * 2))
  30  0002              ;# 30 "d:\mike\holtek_c\componets\modules\SPI_ADXL345.c" 1
  30  0002              	NOP
  30  0002              	ENDIF
  30  0002              ;# 30 "d:\mike\holtek_c\componets\modules\SPI_ADXL345.c" 1
  30  0002              	IF (120>=2) AND (120<( 4 + __PBP__ * 2))
  30  0002              ;# 30 "d:\mike\holtek_c\componets\modules\SPI_ADXL345.c" 1
  30  0002              	NOP
  30  0002              	ENDIF
  30  0002              ;# 30 "d:\mike\holtek_c\componets\modules\SPI_ADXL345.c" 1
  30  0002              	IF (120>=3) AND (120<( 4 + __PBP__ * 2))
  30  0002              ;# 30 "d:\mike\holtek_c\componets\modules\SPI_ADXL345.c" 1
  30  0002              	NOP
  30  0002              	ENDIF
  30  0002              ;# 30 "d:\mike\holtek_c\componets\modules\SPI_ADXL345.c" 1
  30  0002              	IF (120>=4) AND (120<( 4 + __PBP__ * 2)) AND ( __PBP__ > 0 )
  30  0002              ;# 30 "d:\mike\holtek_c\componets\modules\SPI_ADXL345.c" 1
  30  0002              	NOP
  30  0002              	ENDIF
  30  0002              ;# 30 "d:\mike\holtek_c\componets\modules\SPI_ADXL345.c" 1
  30  0002              	IF (120>=5) AND (120<( 4 + __PBP__ * 2)) AND ( __PBP__ > 0 )
  30  0002              ;# 30 "d:\mike\holtek_c\componets\modules\SPI_ADXL345.c" 1
  30  0002              	NOP
"File: SPI_ADXL345.c  Assembler  Version HGASM0202      Page 7

  30  0002              	ENDIF
  30  0002              ;# 30 "d:\mike\holtek_c\componets\modules\SPI_ADXL345.c" 1
  30  0002              	IF (120>=6) AND (120<( 4 + __PBP__ * 2))  AND ( __PBP__ > 1 )
  30  0002              ;# 30 "d:\mike\holtek_c\componets\modules\SPI_ADXL345.c" 1
  30  0002              	NOP
  30  0002              	ENDIF
  30  0002              ;# 30 "d:\mike\holtek_c\componets\modules\SPI_ADXL345.c" 1
  30  0002              	IF (120>=7) AND (120<( 4 + __PBP__ * 2))  AND ( __PBP__ > 1 )
  30  0002              ;# 30 "d:\mike\holtek_c\componets\modules\SPI_ADXL345.c" 1
  30  0002              	NOP
  30  0002              	ENDIF
  30  0002              ;# 30 "d:\mike\holtek_c\componets\modules\SPI_ADXL345.c" 1
  30  0002              	IF (120>=8) AND (120<( 4 + __PBP__ * 2))  AND ( __PBP__ > 2 )
  30  0002              ;# 30 "d:\mike\holtek_c\componets\modules\SPI_ADXL345.c" 1
  30  0002              	NOP
  30  0002              	ENDIF
  30  0002              ;# 30 "d:\mike\holtek_c\componets\modules\SPI_ADXL345.c" 1
  30  0002              	IF (120==9)  AND ( __PBP__ > 2 )
  30  0002              ;# 30 "d:\mike\holtek_c\componets\modules\SPI_ADXL345.c" 1
  30  0002              	NOP
  30  0002              	ENDIF
  30  0002              ;# 30 "d:\mike\holtek_c\componets\modules\SPI_ADXL345.c" 1
  30  0002              	IF (120< ( 8 + __PBP__ * 2)) AND (120>( 3 + __PBP__ * 2))
  30  0002              ;# 30 "d:\mike\holtek_c\componets\modules\SPI_ADXL345.c" 1
  30  0002              	fcall __DELAY3 + ( 7 + __PBP__ * 2) -120
  30  0002              	ENDIF
  30  0002              ;# 30 "d:\mike\holtek_c\componets\modules\SPI_ADXL345.c" 1
  30  0002              	IF (120< ( 0404h + __PBP__ * 2)) AND (120>( 7 + __PBP__ * 2))
  30  0002              ;# 30 "d:\mike\holtek_c\componets\modules\SPI_ADXL345.c" 1
  30  0002  0F1B        	MOV A,(120-( 4 + __PBP__ * 2))/4
  30  0003              ;# 30 "d:\mike\holtek_c\componets\modules\SPI_ADXL345.c" 1
  30  0003              	fcall __DELAYX3 + 3 -((120-( 4 + __PBP__ * 2)) MOD 4) 
  30  000A              	ENDIF
  30  000A              ;# 30 "d:\mike\holtek_c\componets\modules\SPI_ADXL345.c" 1
  30  000A              	IF (120< ( 040bh + __PBP__ * 2)) AND (120> ( 0403h + __PBP__ * 2))
  30  000A              ;# 30 "d:\mike\holtek_c\componets\modules\SPI_ADXL345.c" 1
  30  000A              	MOV A,0 
  30  000A              ;# 30 "d:\mike\holtek_c\componets\modules\SPI_ADXL345.c" 1
  30  000A              	fcall __DELAYX6 + ( 040ah + __PBP__ * 2) -120
  30  000A              	ENDIF
  30  000A              ;# 30 "d:\mike\holtek_c\componets\modules\SPI_ADXL345.c" 1
  30  000A              	IF (120 >= ( 040bh + __PBP__ * 2)) AND ((((120-( 9 + __PBP__ * 2))%0402h)/4+1)>256)
  30  000A              ;# 30 "d:\mike\holtek_c\componets\modules\SPI_ADXL345.c" 1
  30  000A              	MOV A,(120-( 9 + __PBP__ * 2))/0402h
  30  000A              ;# 30 "d:\mike\holtek_c\componets\modules\SPI_ADXL345.c" 1
  30  000A              	MOV _builtin_holtek_delay_2,A
  30  000A              ;# 30 "d:\mike\holtek_c\componets\modules\SPI_ADXL345.c" 1
  30  000A              	MOV A,0
  30  000A              ;# 30 "d:\mike\holtek_c\componets\modules\SPI_ADXL345.c" 1
  30  000A              	fcall __DELAYY5 +5- (((120-( 9 + __PBP__ * 2))%0402h)%6) 
  30  000A              	ENDIF
  30  000A              ;# 30 "d:\mike\holtek_c\componets\modules\SPI_ADXL345.c" 1
  30  000A              	IF (120 >= ( 040bh + __PBP__ * 2)) AND ((((120-( 9 + __PBP__ * 2))%0402h)/4+1)<=256)
  30  000A              ;# 30 "d:\mike\holtek_c\componets\modules\SPI_ADXL345.c" 1
  30  000A              	MOV A,(120-( 9 + __PBP__ * 2))/0402h
  30  000A              ;# 30 "d:\mike\holtek_c\componets\modules\SPI_ADXL345.c" 1
  30  000A              	MOV _builtin_holtek_delay_2,A
  30  000A              ;# 30 "d:\mike\holtek_c\componets\modules\SPI_ADXL345.c" 1
  30  000A              	MOV A,((120-( 9 + __PBP__ * 2))%0402h)/4+1
  30  000A              ;# 30 "d:\mike\holtek_c\componets\modules\SPI_ADXL345.c" 1
"File: SPI_ADXL345.c  Assembler  Version HGASM0202      Page 8

  30  000A              	fcall __DELAYY3 +3-(((120-( 9 + __PBP__ * 2))%0402h)%4) 
  30  000A              	ENDIF
  31  000A              #line 31 "d:\mike\holtek_c\componets\modules\SPI_ADXL345.c"
  31  000A  3424        	clr [36].0
  32  000B              #line 32 "d:\mike\holtek_c\componets\modules\SPI_ADXL345.c"
  32  000B              ;# 32 "d:\mike\holtek_c\componets\modules\SPI_ADXL345.c" 1
  32  000B              	IF 120>263690
  32  000B              ;# 32 "d:\mike\holtek_c\componets\modules\SPI_ADXL345.c" 1
  32  000B              	ERRMESSAGE 'the value 120of the argument exceeds the maxinum 263690'
  32  000B              	ENDIF
  32  000B              ;# 32 "d:\mike\holtek_c\componets\modules\SPI_ADXL345.c" 1
  32  000B              	IF 120<0
  32  000B              ;# 32 "d:\mike\holtek_c\componets\modules\SPI_ADXL345.c" 1
  32  000B              	ERRMESSAGE 'the value 120 of the argument exceeds the mininum 0'
  32  000B              	ENDIF
  32  000B              ;# 32 "d:\mike\holtek_c\componets\modules\SPI_ADXL345.c" 1
  32  000B              	IF 120==0
  32  000B              ;# 32 "d:\mike\holtek_c\componets\modules\SPI_ADXL345.c" 1
  32  000B              	JMP $
  32  000B              	ENDIF
  32  000B              ;# 32 "d:\mike\holtek_c\componets\modules\SPI_ADXL345.c" 1
  32  000B              	IF (120>=1) AND (120<( 4 + __PBP__ * 2))
  32  000B              ;# 32 "d:\mike\holtek_c\componets\modules\SPI_ADXL345.c" 1
  32  000B              	NOP
  32  000B              	ENDIF
  32  000B              ;# 32 "d:\mike\holtek_c\componets\modules\SPI_ADXL345.c" 1
  32  000B              	IF (120>=2) AND (120<( 4 + __PBP__ * 2))
  32  000B              ;# 32 "d:\mike\holtek_c\componets\modules\SPI_ADXL345.c" 1
  32  000B              	NOP
  32  000B              	ENDIF
  32  000B              ;# 32 "d:\mike\holtek_c\componets\modules\SPI_ADXL345.c" 1
  32  000B              	IF (120>=3) AND (120<( 4 + __PBP__ * 2))
  32  000B              ;# 32 "d:\mike\holtek_c\componets\modules\SPI_ADXL345.c" 1
  32  000B              	NOP
  32  000B              	ENDIF
  32  000B              ;# 32 "d:\mike\holtek_c\componets\modules\SPI_ADXL345.c" 1
  32  000B              	IF (120>=4) AND (120<( 4 + __PBP__ * 2)) AND ( __PBP__ > 0 )
  32  000B              ;# 32 "d:\mike\holtek_c\componets\modules\SPI_ADXL345.c" 1
  32  000B              	NOP
  32  000B              	ENDIF
  32  000B              ;# 32 "d:\mike\holtek_c\componets\modules\SPI_ADXL345.c" 1
  32  000B              	IF (120>=5) AND (120<( 4 + __PBP__ * 2)) AND ( __PBP__ > 0 )
  32  000B              ;# 32 "d:\mike\holtek_c\componets\modules\SPI_ADXL345.c" 1
  32  000B              	NOP
  32  000B              	ENDIF
  32  000B              ;# 32 "d:\mike\holtek_c\componets\modules\SPI_ADXL345.c" 1
  32  000B              	IF (120>=6) AND (120<( 4 + __PBP__ * 2))  AND ( __PBP__ > 1 )
  32  000B              ;# 32 "d:\mike\holtek_c\componets\modules\SPI_ADXL345.c" 1
  32  000B              	NOP
  32  000B              	ENDIF
  32  000B              ;# 32 "d:\mike\holtek_c\componets\modules\SPI_ADXL345.c" 1
  32  000B              	IF (120>=7) AND (120<( 4 + __PBP__ * 2))  AND ( __PBP__ > 1 )
  32  000B              ;# 32 "d:\mike\holtek_c\componets\modules\SPI_ADXL345.c" 1
  32  000B              	NOP
  32  000B              	ENDIF
  32  000B              ;# 32 "d:\mike\holtek_c\componets\modules\SPI_ADXL345.c" 1
  32  000B              	IF (120>=8) AND (120<( 4 + __PBP__ * 2))  AND ( __PBP__ > 2 )
  32  000B              ;# 32 "d:\mike\holtek_c\componets\modules\SPI_ADXL345.c" 1
  32  000B              	NOP
  32  000B              	ENDIF
"File: SPI_ADXL345.c  Assembler  Version HGASM0202      Page 9

  32  000B              ;# 32 "d:\mike\holtek_c\componets\modules\SPI_ADXL345.c" 1
  32  000B              	IF (120==9)  AND ( __PBP__ > 2 )
  32  000B              ;# 32 "d:\mike\holtek_c\componets\modules\SPI_ADXL345.c" 1
  32  000B              	NOP
  32  000B              	ENDIF
  32  000B              ;# 32 "d:\mike\holtek_c\componets\modules\SPI_ADXL345.c" 1
  32  000B              	IF (120< ( 8 + __PBP__ * 2)) AND (120>( 3 + __PBP__ * 2))
  32  000B              ;# 32 "d:\mike\holtek_c\componets\modules\SPI_ADXL345.c" 1
  32  000B              	fcall __DELAY3 + ( 7 + __PBP__ * 2) -120
  32  000B              	ENDIF
  32  000B              ;# 32 "d:\mike\holtek_c\componets\modules\SPI_ADXL345.c" 1
  32  000B              	IF (120< ( 0404h + __PBP__ * 2)) AND (120>( 7 + __PBP__ * 2))
  32  000B              ;# 32 "d:\mike\holtek_c\componets\modules\SPI_ADXL345.c" 1
  32  000B  0F1B        	MOV A,(120-( 4 + __PBP__ * 2))/4
  32  000C              ;# 32 "d:\mike\holtek_c\componets\modules\SPI_ADXL345.c" 1
  32  000C              	fcall __DELAYX3 + 3 -((120-( 4 + __PBP__ * 2)) MOD 4) 
  32  0013              	ENDIF
  32  0013              ;# 32 "d:\mike\holtek_c\componets\modules\SPI_ADXL345.c" 1
  32  0013              	IF (120< ( 040bh + __PBP__ * 2)) AND (120> ( 0403h + __PBP__ * 2))
  32  0013              ;# 32 "d:\mike\holtek_c\componets\modules\SPI_ADXL345.c" 1
  32  0013              	MOV A,0 
  32  0013              ;# 32 "d:\mike\holtek_c\componets\modules\SPI_ADXL345.c" 1
  32  0013              	fcall __DELAYX6 + ( 040ah + __PBP__ * 2) -120
  32  0013              	ENDIF
  32  0013              ;# 32 "d:\mike\holtek_c\componets\modules\SPI_ADXL345.c" 1
  32  0013              	IF (120 >= ( 040bh + __PBP__ * 2)) AND ((((120-( 9 + __PBP__ * 2))%0402h)/4+1)>256)
  32  0013              ;# 32 "d:\mike\holtek_c\componets\modules\SPI_ADXL345.c" 1
  32  0013              	MOV A,(120-( 9 + __PBP__ * 2))/0402h
  32  0013              ;# 32 "d:\mike\holtek_c\componets\modules\SPI_ADXL345.c" 1
  32  0013              	MOV _builtin_holtek_delay_2,A
  32  0013              ;# 32 "d:\mike\holtek_c\componets\modules\SPI_ADXL345.c" 1
  32  0013              	MOV A,0
  32  0013              ;# 32 "d:\mike\holtek_c\componets\modules\SPI_ADXL345.c" 1
  32  0013              	fcall __DELAYY5 +5- (((120-( 9 + __PBP__ * 2))%0402h)%6) 
  32  0013              	ENDIF
  32  0013              ;# 32 "d:\mike\holtek_c\componets\modules\SPI_ADXL345.c" 1
  32  0013              	IF (120 >= ( 040bh + __PBP__ * 2)) AND ((((120-( 9 + __PBP__ * 2))%0402h)/4+1)<=256)
  32  0013              ;# 32 "d:\mike\holtek_c\componets\modules\SPI_ADXL345.c" 1
  32  0013              	MOV A,(120-( 9 + __PBP__ * 2))/0402h
  32  0013              ;# 32 "d:\mike\holtek_c\componets\modules\SPI_ADXL345.c" 1
  32  0013              	MOV _builtin_holtek_delay_2,A
  32  0013              ;# 32 "d:\mike\holtek_c\componets\modules\SPI_ADXL345.c" 1
  32  0013              	MOV A,((120-( 9 + __PBP__ * 2))%0402h)/4+1
  32  0013              ;# 32 "d:\mike\holtek_c\componets\modules\SPI_ADXL345.c" 1
  32  0013              	fcall __DELAYY3 +3-(((120-( 9 + __PBP__ * 2))%0402h)%4) 
  32  0013              	ENDIF
  33  0013              #line 33 "d:\mike\holtek_c\componets\modules\SPI_ADXL345.c"
  33  0013  35A4        	clr [36].3
  34  0014              #line 34 "d:\mike\holtek_c\componets\modules\SPI_ADXL345.c"
  34  0014              ;# 34 "d:\mike\holtek_c\componets\modules\SPI_ADXL345.c" 1
  34  0014              	IF 120>263690
  34  0014              ;# 34 "d:\mike\holtek_c\componets\modules\SPI_ADXL345.c" 1
  34  0014              	ERRMESSAGE 'the value 120of the argument exceeds the maxinum 263690'
  34  0014              	ENDIF
  34  0014              ;# 34 "d:\mike\holtek_c\componets\modules\SPI_ADXL345.c" 1
  34  0014              	IF 120<0
  34  0014              ;# 34 "d:\mike\holtek_c\componets\modules\SPI_ADXL345.c" 1
  34  0014              	ERRMESSAGE 'the value 120 of the argument exceeds the mininum 0'
  34  0014              	ENDIF
  34  0014              ;# 34 "d:\mike\holtek_c\componets\modules\SPI_ADXL345.c" 1
"File: SPI_ADXL345.c  Assembler  Version HGASM0202      Page 10

  34  0014              	IF 120==0
  34  0014              ;# 34 "d:\mike\holtek_c\componets\modules\SPI_ADXL345.c" 1
  34  0014              	JMP $
  34  0014              	ENDIF
  34  0014              ;# 34 "d:\mike\holtek_c\componets\modules\SPI_ADXL345.c" 1
  34  0014              	IF (120>=1) AND (120<( 4 + __PBP__ * 2))
  34  0014              ;# 34 "d:\mike\holtek_c\componets\modules\SPI_ADXL345.c" 1
  34  0014              	NOP
  34  0014              	ENDIF
  34  0014              ;# 34 "d:\mike\holtek_c\componets\modules\SPI_ADXL345.c" 1
  34  0014              	IF (120>=2) AND (120<( 4 + __PBP__ * 2))
  34  0014              ;# 34 "d:\mike\holtek_c\componets\modules\SPI_ADXL345.c" 1
  34  0014              	NOP
  34  0014              	ENDIF
  34  0014              ;# 34 "d:\mike\holtek_c\componets\modules\SPI_ADXL345.c" 1
  34  0014              	IF (120>=3) AND (120<( 4 + __PBP__ * 2))
  34  0014              ;# 34 "d:\mike\holtek_c\componets\modules\SPI_ADXL345.c" 1
  34  0014              	NOP
  34  0014              	ENDIF
  34  0014              ;# 34 "d:\mike\holtek_c\componets\modules\SPI_ADXL345.c" 1
  34  0014              	IF (120>=4) AND (120<( 4 + __PBP__ * 2)) AND ( __PBP__ > 0 )
  34  0014              ;# 34 "d:\mike\holtek_c\componets\modules\SPI_ADXL345.c" 1
  34  0014              	NOP
  34  0014              	ENDIF
  34  0014              ;# 34 "d:\mike\holtek_c\componets\modules\SPI_ADXL345.c" 1
  34  0014              	IF (120>=5) AND (120<( 4 + __PBP__ * 2)) AND ( __PBP__ > 0 )
  34  0014              ;# 34 "d:\mike\holtek_c\componets\modules\SPI_ADXL345.c" 1
  34  0014              	NOP
  34  0014              	ENDIF
  34  0014              ;# 34 "d:\mike\holtek_c\componets\modules\SPI_ADXL345.c" 1
  34  0014              	IF (120>=6) AND (120<( 4 + __PBP__ * 2))  AND ( __PBP__ > 1 )
  34  0014              ;# 34 "d:\mike\holtek_c\componets\modules\SPI_ADXL345.c" 1
  34  0014              	NOP
  34  0014              	ENDIF
  34  0014              ;# 34 "d:\mike\holtek_c\componets\modules\SPI_ADXL345.c" 1
  34  0014              	IF (120>=7) AND (120<( 4 + __PBP__ * 2))  AND ( __PBP__ > 1 )
  34  0014              ;# 34 "d:\mike\holtek_c\componets\modules\SPI_ADXL345.c" 1
  34  0014              	NOP
  34  0014              	ENDIF
  34  0014              ;# 34 "d:\mike\holtek_c\componets\modules\SPI_ADXL345.c" 1
  34  0014              	IF (120>=8) AND (120<( 4 + __PBP__ * 2))  AND ( __PBP__ > 2 )
  34  0014              ;# 34 "d:\mike\holtek_c\componets\modules\SPI_ADXL345.c" 1
  34  0014              	NOP
  34  0014              	ENDIF
  34  0014              ;# 34 "d:\mike\holtek_c\componets\modules\SPI_ADXL345.c" 1
  34  0014              	IF (120==9)  AND ( __PBP__ > 2 )
  34  0014              ;# 34 "d:\mike\holtek_c\componets\modules\SPI_ADXL345.c" 1
  34  0014              	NOP
  34  0014              	ENDIF
  34  0014              ;# 34 "d:\mike\holtek_c\componets\modules\SPI_ADXL345.c" 1
  34  0014              	IF (120< ( 8 + __PBP__ * 2)) AND (120>( 3 + __PBP__ * 2))
  34  0014              ;# 34 "d:\mike\holtek_c\componets\modules\SPI_ADXL345.c" 1
  34  0014              	fcall __DELAY3 + ( 7 + __PBP__ * 2) -120
  34  0014              	ENDIF
  34  0014              ;# 34 "d:\mike\holtek_c\componets\modules\SPI_ADXL345.c" 1
  34  0014              	IF (120< ( 0404h + __PBP__ * 2)) AND (120>( 7 + __PBP__ * 2))
  34  0014              ;# 34 "d:\mike\holtek_c\componets\modules\SPI_ADXL345.c" 1
  34  0014  0F1B        	MOV A,(120-( 4 + __PBP__ * 2))/4
  34  0015              ;# 34 "d:\mike\holtek_c\componets\modules\SPI_ADXL345.c" 1
  34  0015              	fcall __DELAYX3 + 3 -((120-( 4 + __PBP__ * 2)) MOD 4) 
"File: SPI_ADXL345.c  Assembler  Version HGASM0202      Page 11

  34  001C              	ENDIF
  34  001C              ;# 34 "d:\mike\holtek_c\componets\modules\SPI_ADXL345.c" 1
  34  001C              	IF (120< ( 040bh + __PBP__ * 2)) AND (120> ( 0403h + __PBP__ * 2))
  34  001C              ;# 34 "d:\mike\holtek_c\componets\modules\SPI_ADXL345.c" 1
  34  001C              	MOV A,0 
  34  001C              ;# 34 "d:\mike\holtek_c\componets\modules\SPI_ADXL345.c" 1
  34  001C              	fcall __DELAYX6 + ( 040ah + __PBP__ * 2) -120
  34  001C              	ENDIF
  34  001C              ;# 34 "d:\mike\holtek_c\componets\modules\SPI_ADXL345.c" 1
  34  001C              	IF (120 >= ( 040bh + __PBP__ * 2)) AND ((((120-( 9 + __PBP__ * 2))%0402h)/4+1)>256)
  34  001C              ;# 34 "d:\mike\holtek_c\componets\modules\SPI_ADXL345.c" 1
  34  001C              	MOV A,(120-( 9 + __PBP__ * 2))/0402h
  34  001C              ;# 34 "d:\mike\holtek_c\componets\modules\SPI_ADXL345.c" 1
  34  001C              	MOV _builtin_holtek_delay_2,A
  34  001C              ;# 34 "d:\mike\holtek_c\componets\modules\SPI_ADXL345.c" 1
  34  001C              	MOV A,0
  34  001C              ;# 34 "d:\mike\holtek_c\componets\modules\SPI_ADXL345.c" 1
  34  001C              	fcall __DELAYY5 +5- (((120-( 9 + __PBP__ * 2))%0402h)%6) 
  34  001C              	ENDIF
  34  001C              ;# 34 "d:\mike\holtek_c\componets\modules\SPI_ADXL345.c" 1
  34  001C              	IF (120 >= ( 040bh + __PBP__ * 2)) AND ((((120-( 9 + __PBP__ * 2))%0402h)/4+1)<=256)
  34  001C              ;# 34 "d:\mike\holtek_c\componets\modules\SPI_ADXL345.c" 1
  34  001C              	MOV A,(120-( 9 + __PBP__ * 2))/0402h
  34  001C              ;# 34 "d:\mike\holtek_c\componets\modules\SPI_ADXL345.c" 1
  34  001C              	MOV _builtin_holtek_delay_2,A
  34  001C              ;# 34 "d:\mike\holtek_c\componets\modules\SPI_ADXL345.c" 1
  34  001C              	MOV A,((120-( 9 + __PBP__ * 2))%0402h)/4+1
  34  001C              ;# 34 "d:\mike\holtek_c\componets\modules\SPI_ADXL345.c" 1
  34  001C              	fcall __DELAYY3 +3-(((120-( 9 + __PBP__ * 2))%0402h)%4) 
  34  001C              	ENDIF
  34  001C  0003        	ret
  34  001D              _SPI_START endp
  34  001D              #line 34 "d:\mike\holtek_c\componets\modules\SPI_ADXL345.c"
  34  001D              #pragma debug scope 1 1
  34  001D              public _SPI_read_X
  34  001D              #pragma debug scope 4 1
  38  001D              #line 38 "d:\mike\holtek_c\componets\modules\SPI_ADXL345.c"
  38  0000              _SPI_read_X .section 'code'
  38  0000              _SPI_read_X proc
  38  0000  00              local _SPI_read_X_2 db 1 dup(?)	; 0,1
  38  0000  0080     R  	mov _SPI_read_X_2[0],a
  38  0001              #pragma debug variable 8 4 _SPI_read_X_2+0 "data"
  38  0001  0F08        	mov a,8
  38  0002  0080     E  	mov ra,a
  41  0003              #line 41 "d:\mike\holtek_c\componets\modules\SPI_ADXL345.c"
  41  0003  0F01        	mov a,1
  41  0004  0080     E  	mov rd,a
  41  0005              _L7:
  43  0005              #line 43 "d:\mike\holtek_c\componets\modules\SPI_ADXL345.c"
  43  0005  35A4        	clr [36].3
  45  0006              #line 45 "d:\mike\holtek_c\componets\modules\SPI_ADXL345.c"
  45  0006  0700     R  	mov a,_SPI_read_X_2[0]
  45  0007  0080     E  	mov rb,a
  45  0008  1F00     E  	clr rc
  45  0009  0F08        	mov a,8
  45  000A  0200     E  	sub a,rd
  45  000B  0080     E  	mov re,a
  45  000C  1400     E  	inca re
  45  000D  2800     R  	jmp _LI1
  45  000E              _LI2:
"File: SPI_ADXL345.c  Assembler  Version HGASM0202      Page 12

  45  000E  340A        	clr c
  45  000F  3C00     E  	sz rc.7
  45  0010  300A        	set c
  45  0011  1B80     E  	rrc rc
  45  0012  1B80     E  	rrc rb
  45  0013              _LI1:
  45  0013  1785        	sdz acc
  45  0014  2800     R  	jmp _LI2
  45  0015  3800     E  	snz rb.0
  45  0016  2800     R  	jmp _L4
  47  0017              #line 47 "d:\mike\holtek_c\componets\modules\SPI_ADXL345.c"
  47  0017  30A4        	set [36].1
  47  0018  2800     R  	jmp _L5
  47  0019              _L4:
  50  0019              #line 50 "d:\mike\holtek_c\componets\modules\SPI_ADXL345.c"
  50  0019  34A4        	clr [36].1
  50  001A              _L5:
  52  001A              #line 52 "d:\mike\holtek_c\componets\modules\SPI_ADXL345.c"
  52  001A              ;# 52 "d:\mike\holtek_c\componets\modules\SPI_ADXL345.c" 1
  52  001A              	IF 120>263690
  52  001A              ;# 52 "d:\mike\holtek_c\componets\modules\SPI_ADXL345.c" 1
  52  001A              	ERRMESSAGE 'the value 120of the argument exceeds the maxinum 263690'
  52  001A              	ENDIF
  52  001A              ;# 52 "d:\mike\holtek_c\componets\modules\SPI_ADXL345.c" 1
  52  001A              	IF 120<0
  52  001A              ;# 52 "d:\mike\holtek_c\componets\modules\SPI_ADXL345.c" 1
  52  001A              	ERRMESSAGE 'the value 120 of the argument exceeds the mininum 0'
  52  001A              	ENDIF
  52  001A              ;# 52 "d:\mike\holtek_c\componets\modules\SPI_ADXL345.c" 1
  52  001A              	IF 120==0
  52  001A              ;# 52 "d:\mike\holtek_c\componets\modules\SPI_ADXL345.c" 1
  52  001A              	JMP $
  52  001A              	ENDIF
  52  001A              ;# 52 "d:\mike\holtek_c\componets\modules\SPI_ADXL345.c" 1
  52  001A              	IF (120>=1) AND (120<( 4 + __PBP__ * 2))
  52  001A              ;# 52 "d:\mike\holtek_c\componets\modules\SPI_ADXL345.c" 1
  52  001A              	NOP
  52  001A              	ENDIF
  52  001A              ;# 52 "d:\mike\holtek_c\componets\modules\SPI_ADXL345.c" 1
  52  001A              	IF (120>=2) AND (120<( 4 + __PBP__ * 2))
  52  001A              ;# 52 "d:\mike\holtek_c\componets\modules\SPI_ADXL345.c" 1
  52  001A              	NOP
  52  001A              	ENDIF
  52  001A              ;# 52 "d:\mike\holtek_c\componets\modules\SPI_ADXL345.c" 1
  52  001A              	IF (120>=3) AND (120<( 4 + __PBP__ * 2))
  52  001A              ;# 52 "d:\mike\holtek_c\componets\modules\SPI_ADXL345.c" 1
  52  001A              	NOP
  52  001A              	ENDIF
  52  001A              ;# 52 "d:\mike\holtek_c\componets\modules\SPI_ADXL345.c" 1
  52  001A              	IF (120>=4) AND (120<( 4 + __PBP__ * 2)) AND ( __PBP__ > 0 )
  52  001A              ;# 52 "d:\mike\holtek_c\componets\modules\SPI_ADXL345.c" 1
  52  001A              	NOP
  52  001A              	ENDIF
  52  001A              ;# 52 "d:\mike\holtek_c\componets\modules\SPI_ADXL345.c" 1
  52  001A              	IF (120>=5) AND (120<( 4 + __PBP__ * 2)) AND ( __PBP__ > 0 )
  52  001A              ;# 52 "d:\mike\holtek_c\componets\modules\SPI_ADXL345.c" 1
  52  001A              	NOP
  52  001A              	ENDIF
  52  001A              ;# 52 "d:\mike\holtek_c\componets\modules\SPI_ADXL345.c" 1
  52  001A              	IF (120>=6) AND (120<( 4 + __PBP__ * 2))  AND ( __PBP__ > 1 )
"File: SPI_ADXL345.c  Assembler  Version HGASM0202      Page 13

  52  001A              ;# 52 "d:\mike\holtek_c\componets\modules\SPI_ADXL345.c" 1
  52  001A              	NOP
  52  001A              	ENDIF
  52  001A              ;# 52 "d:\mike\holtek_c\componets\modules\SPI_ADXL345.c" 1
  52  001A              	IF (120>=7) AND (120<( 4 + __PBP__ * 2))  AND ( __PBP__ > 1 )
  52  001A              ;# 52 "d:\mike\holtek_c\componets\modules\SPI_ADXL345.c" 1
  52  001A              	NOP
  52  001A              	ENDIF
  52  001A              ;# 52 "d:\mike\holtek_c\componets\modules\SPI_ADXL345.c" 1
  52  001A              	IF (120>=8) AND (120<( 4 + __PBP__ * 2))  AND ( __PBP__ > 2 )
  52  001A              ;# 52 "d:\mike\holtek_c\componets\modules\SPI_ADXL345.c" 1
  52  001A              	NOP
  52  001A              	ENDIF
  52  001A              ;# 52 "d:\mike\holtek_c\componets\modules\SPI_ADXL345.c" 1
  52  001A              	IF (120==9)  AND ( __PBP__ > 2 )
  52  001A              ;# 52 "d:\mike\holtek_c\componets\modules\SPI_ADXL345.c" 1
  52  001A              	NOP
  52  001A              	ENDIF
  52  001A              ;# 52 "d:\mike\holtek_c\componets\modules\SPI_ADXL345.c" 1
  52  001A              	IF (120< ( 8 + __PBP__ * 2)) AND (120>( 3 + __PBP__ * 2))
  52  001A              ;# 52 "d:\mike\holtek_c\componets\modules\SPI_ADXL345.c" 1
  52  001A              	fcall __DELAY3 + ( 7 + __PBP__ * 2) -120
  52  001A              	ENDIF
  52  001A              ;# 52 "d:\mike\holtek_c\componets\modules\SPI_ADXL345.c" 1
  52  001A              	IF (120< ( 0404h + __PBP__ * 2)) AND (120>( 7 + __PBP__ * 2))
  52  001A              ;# 52 "d:\mike\holtek_c\componets\modules\SPI_ADXL345.c" 1
  52  001A  0F1B        	MOV A,(120-( 4 + __PBP__ * 2))/4
  52  001B              ;# 52 "d:\mike\holtek_c\componets\modules\SPI_ADXL345.c" 1
  52  001B              	fcall __DELAYX3 + 3 -((120-( 4 + __PBP__ * 2)) MOD 4) 
  52  0022              	ENDIF
  52  0022              ;# 52 "d:\mike\holtek_c\componets\modules\SPI_ADXL345.c" 1
  52  0022              	IF (120< ( 040bh + __PBP__ * 2)) AND (120> ( 0403h + __PBP__ * 2))
  52  0022              ;# 52 "d:\mike\holtek_c\componets\modules\SPI_ADXL345.c" 1
  52  0022              	MOV A,0 
  52  0022              ;# 52 "d:\mike\holtek_c\componets\modules\SPI_ADXL345.c" 1
  52  0022              	fcall __DELAYX6 + ( 040ah + __PBP__ * 2) -120
  52  0022              	ENDIF
  52  0022              ;# 52 "d:\mike\holtek_c\componets\modules\SPI_ADXL345.c" 1
  52  0022              	IF (120 >= ( 040bh + __PBP__ * 2)) AND ((((120-( 9 + __PBP__ * 2))%0402h)/4+1)>256)
  52  0022              ;# 52 "d:\mike\holtek_c\componets\modules\SPI_ADXL345.c" 1
  52  0022              	MOV A,(120-( 9 + __PBP__ * 2))/0402h
  52  0022              ;# 52 "d:\mike\holtek_c\componets\modules\SPI_ADXL345.c" 1
  52  0022              	MOV _builtin_holtek_delay_2,A
  52  0022              ;# 52 "d:\mike\holtek_c\componets\modules\SPI_ADXL345.c" 1
  52  0022              	MOV A,0
  52  0022              ;# 52 "d:\mike\holtek_c\componets\modules\SPI_ADXL345.c" 1
  52  0022              	fcall __DELAYY5 +5- (((120-( 9 + __PBP__ * 2))%0402h)%6) 
  52  0022              	ENDIF
  52  0022              ;# 52 "d:\mike\holtek_c\componets\modules\SPI_ADXL345.c" 1
  52  0022              	IF (120 >= ( 040bh + __PBP__ * 2)) AND ((((120-( 9 + __PBP__ * 2))%0402h)/4+1)<=256)
  52  0022              ;# 52 "d:\mike\holtek_c\componets\modules\SPI_ADXL345.c" 1
  52  0022              	MOV A,(120-( 9 + __PBP__ * 2))/0402h
  52  0022              ;# 52 "d:\mike\holtek_c\componets\modules\SPI_ADXL345.c" 1
  52  0022              	MOV _builtin_holtek_delay_2,A
  52  0022              ;# 52 "d:\mike\holtek_c\componets\modules\SPI_ADXL345.c" 1
  52  0022              	MOV A,((120-( 9 + __PBP__ * 2))%0402h)/4+1
  52  0022              ;# 52 "d:\mike\holtek_c\componets\modules\SPI_ADXL345.c" 1
  52  0022              	fcall __DELAYY3 +3-(((120-( 9 + __PBP__ * 2))%0402h)%4) 
  52  0022              	ENDIF
  53  0022              #line 53 "d:\mike\holtek_c\componets\modules\SPI_ADXL345.c"
"File: SPI_ADXL345.c  Assembler  Version HGASM0202      Page 14

  53  0022  31A4        	set [36].3
  54  0023              #line 54 "d:\mike\holtek_c\componets\modules\SPI_ADXL345.c"
  54  0023              ;# 54 "d:\mike\holtek_c\componets\modules\SPI_ADXL345.c" 1
  54  0023              	IF 120>263690
  54  0023              ;# 54 "d:\mike\holtek_c\componets\modules\SPI_ADXL345.c" 1
  54  0023              	ERRMESSAGE 'the value 120of the argument exceeds the maxinum 263690'
  54  0023              	ENDIF
  54  0023              ;# 54 "d:\mike\holtek_c\componets\modules\SPI_ADXL345.c" 1
  54  0023              	IF 120<0
  54  0023              ;# 54 "d:\mike\holtek_c\componets\modules\SPI_ADXL345.c" 1
  54  0023              	ERRMESSAGE 'the value 120 of the argument exceeds the mininum 0'
  54  0023              	ENDIF
  54  0023              ;# 54 "d:\mike\holtek_c\componets\modules\SPI_ADXL345.c" 1
  54  0023              	IF 120==0
  54  0023              ;# 54 "d:\mike\holtek_c\componets\modules\SPI_ADXL345.c" 1
  54  0023              	JMP $
  54  0023              	ENDIF
  54  0023              ;# 54 "d:\mike\holtek_c\componets\modules\SPI_ADXL345.c" 1
  54  0023              	IF (120>=1) AND (120<( 4 + __PBP__ * 2))
  54  0023              ;# 54 "d:\mike\holtek_c\componets\modules\SPI_ADXL345.c" 1
  54  0023              	NOP
  54  0023              	ENDIF
  54  0023              ;# 54 "d:\mike\holtek_c\componets\modules\SPI_ADXL345.c" 1
  54  0023              	IF (120>=2) AND (120<( 4 + __PBP__ * 2))
  54  0023              ;# 54 "d:\mike\holtek_c\componets\modules\SPI_ADXL345.c" 1
  54  0023              	NOP
  54  0023              	ENDIF
  54  0023              ;# 54 "d:\mike\holtek_c\componets\modules\SPI_ADXL345.c" 1
  54  0023              	IF (120>=3) AND (120<( 4 + __PBP__ * 2))
  54  0023              ;# 54 "d:\mike\holtek_c\componets\modules\SPI_ADXL345.c" 1
  54  0023              	NOP
  54  0023              	ENDIF
  54  0023              ;# 54 "d:\mike\holtek_c\componets\modules\SPI_ADXL345.c" 1
  54  0023              	IF (120>=4) AND (120<( 4 + __PBP__ * 2)) AND ( __PBP__ > 0 )
  54  0023              ;# 54 "d:\mike\holtek_c\componets\modules\SPI_ADXL345.c" 1
  54  0023              	NOP
  54  0023              	ENDIF
  54  0023              ;# 54 "d:\mike\holtek_c\componets\modules\SPI_ADXL345.c" 1
  54  0023              	IF (120>=5) AND (120<( 4 + __PBP__ * 2)) AND ( __PBP__ > 0 )
  54  0023              ;# 54 "d:\mike\holtek_c\componets\modules\SPI_ADXL345.c" 1
  54  0023              	NOP
  54  0023              	ENDIF
  54  0023              ;# 54 "d:\mike\holtek_c\componets\modules\SPI_ADXL345.c" 1
  54  0023              	IF (120>=6) AND (120<( 4 + __PBP__ * 2))  AND ( __PBP__ > 1 )
  54  0023              ;# 54 "d:\mike\holtek_c\componets\modules\SPI_ADXL345.c" 1
  54  0023              	NOP
  54  0023              	ENDIF
  54  0023              ;# 54 "d:\mike\holtek_c\componets\modules\SPI_ADXL345.c" 1
  54  0023              	IF (120>=7) AND (120<( 4 + __PBP__ * 2))  AND ( __PBP__ > 1 )
  54  0023              ;# 54 "d:\mike\holtek_c\componets\modules\SPI_ADXL345.c" 1
  54  0023              	NOP
  54  0023              	ENDIF
  54  0023              ;# 54 "d:\mike\holtek_c\componets\modules\SPI_ADXL345.c" 1
  54  0023              	IF (120>=8) AND (120<( 4 + __PBP__ * 2))  AND ( __PBP__ > 2 )
  54  0023              ;# 54 "d:\mike\holtek_c\componets\modules\SPI_ADXL345.c" 1
  54  0023              	NOP
  54  0023              	ENDIF
  54  0023              ;# 54 "d:\mike\holtek_c\componets\modules\SPI_ADXL345.c" 1
  54  0023              	IF (120==9)  AND ( __PBP__ > 2 )
  54  0023              ;# 54 "d:\mike\holtek_c\componets\modules\SPI_ADXL345.c" 1
"File: SPI_ADXL345.c  Assembler  Version HGASM0202      Page 15

  54  0023              	NOP
  54  0023              	ENDIF
  54  0023              ;# 54 "d:\mike\holtek_c\componets\modules\SPI_ADXL345.c" 1
  54  0023              	IF (120< ( 8 + __PBP__ * 2)) AND (120>( 3 + __PBP__ * 2))
  54  0023              ;# 54 "d:\mike\holtek_c\componets\modules\SPI_ADXL345.c" 1
  54  0023              	fcall __DELAY3 + ( 7 + __PBP__ * 2) -120
  54  0023              	ENDIF
  54  0023              ;# 54 "d:\mike\holtek_c\componets\modules\SPI_ADXL345.c" 1
  54  0023              	IF (120< ( 0404h + __PBP__ * 2)) AND (120>( 7 + __PBP__ * 2))
  54  0023              ;# 54 "d:\mike\holtek_c\componets\modules\SPI_ADXL345.c" 1
  54  0023  0F1B        	MOV A,(120-( 4 + __PBP__ * 2))/4
  54  0024              ;# 54 "d:\mike\holtek_c\componets\modules\SPI_ADXL345.c" 1
  54  0024              	fcall __DELAYX3 + 3 -((120-( 4 + __PBP__ * 2)) MOD 4) 
  54  002B              	ENDIF
  54  002B              ;# 54 "d:\mike\holtek_c\componets\modules\SPI_ADXL345.c" 1
  54  002B              	IF (120< ( 040bh + __PBP__ * 2)) AND (120> ( 0403h + __PBP__ * 2))
  54  002B              ;# 54 "d:\mike\holtek_c\componets\modules\SPI_ADXL345.c" 1
  54  002B              	MOV A,0 
  54  002B              ;# 54 "d:\mike\holtek_c\componets\modules\SPI_ADXL345.c" 1
  54  002B              	fcall __DELAYX6 + ( 040ah + __PBP__ * 2) -120
  54  002B              	ENDIF
  54  002B              ;# 54 "d:\mike\holtek_c\componets\modules\SPI_ADXL345.c" 1
  54  002B              	IF (120 >= ( 040bh + __PBP__ * 2)) AND ((((120-( 9 + __PBP__ * 2))%0402h)/4+1)>256)
  54  002B              ;# 54 "d:\mike\holtek_c\componets\modules\SPI_ADXL345.c" 1
  54  002B              	MOV A,(120-( 9 + __PBP__ * 2))/0402h
  54  002B              ;# 54 "d:\mike\holtek_c\componets\modules\SPI_ADXL345.c" 1
  54  002B              	MOV _builtin_holtek_delay_2,A
  54  002B              ;# 54 "d:\mike\holtek_c\componets\modules\SPI_ADXL345.c" 1
  54  002B              	MOV A,0
  54  002B              ;# 54 "d:\mike\holtek_c\componets\modules\SPI_ADXL345.c" 1
  54  002B              	fcall __DELAYY5 +5- (((120-( 9 + __PBP__ * 2))%0402h)%6) 
  54  002B              	ENDIF
  54  002B              ;# 54 "d:\mike\holtek_c\componets\modules\SPI_ADXL345.c" 1
  54  002B              	IF (120 >= ( 040bh + __PBP__ * 2)) AND ((((120-( 9 + __PBP__ * 2))%0402h)/4+1)<=256)
  54  002B              ;# 54 "d:\mike\holtek_c\componets\modules\SPI_ADXL345.c" 1
  54  002B              	MOV A,(120-( 9 + __PBP__ * 2))/0402h
  54  002B              ;# 54 "d:\mike\holtek_c\componets\modules\SPI_ADXL345.c" 1
  54  002B              	MOV _builtin_holtek_delay_2,A
  54  002B              ;# 54 "d:\mike\holtek_c\componets\modules\SPI_ADXL345.c" 1
  54  002B              	MOV A,((120-( 9 + __PBP__ * 2))%0402h)/4+1
  54  002B              ;# 54 "d:\mike\holtek_c\componets\modules\SPI_ADXL345.c" 1
  54  002B              	fcall __DELAYY3 +3-(((120-( 9 + __PBP__ * 2))%0402h)%4) 
  54  002B              	ENDIF
  41  002B              #line 41 "d:\mike\holtek_c\componets\modules\SPI_ADXL345.c"
  41  002B  1480     E  	inc rd
  41  002C  1780     E  	sdz ra
  41  002D  2800     R  	jmp _L7
  57  002E              #line 57 "d:\mike\holtek_c\componets\modules\SPI_ADXL345.c"
  57  002E  30A4        	set [36].1
  58  002F              #line 58 "d:\mike\holtek_c\componets\modules\SPI_ADXL345.c"
  58  002F              ;# 58 "d:\mike\holtek_c\componets\modules\SPI_ADXL345.c" 1
  58  002F              	IF 120>263690
  58  002F              ;# 58 "d:\mike\holtek_c\componets\modules\SPI_ADXL345.c" 1
  58  002F              	ERRMESSAGE 'the value 120of the argument exceeds the maxinum 263690'
  58  002F              	ENDIF
  58  002F              ;# 58 "d:\mike\holtek_c\componets\modules\SPI_ADXL345.c" 1
  58  002F              	IF 120<0
  58  002F              ;# 58 "d:\mike\holtek_c\componets\modules\SPI_ADXL345.c" 1
  58  002F              	ERRMESSAGE 'the value 120 of the argument exceeds the mininum 0'
  58  002F              	ENDIF
"File: SPI_ADXL345.c  Assembler  Version HGASM0202      Page 16

  58  002F              ;# 58 "d:\mike\holtek_c\componets\modules\SPI_ADXL345.c" 1
  58  002F              	IF 120==0
  58  002F              ;# 58 "d:\mike\holtek_c\componets\modules\SPI_ADXL345.c" 1
  58  002F              	JMP $
  58  002F              	ENDIF
  58  002F              ;# 58 "d:\mike\holtek_c\componets\modules\SPI_ADXL345.c" 1
  58  002F              	IF (120>=1) AND (120<( 4 + __PBP__ * 2))
  58  002F              ;# 58 "d:\mike\holtek_c\componets\modules\SPI_ADXL345.c" 1
  58  002F              	NOP
  58  002F              	ENDIF
  58  002F              ;# 58 "d:\mike\holtek_c\componets\modules\SPI_ADXL345.c" 1
  58  002F              	IF (120>=2) AND (120<( 4 + __PBP__ * 2))
  58  002F              ;# 58 "d:\mike\holtek_c\componets\modules\SPI_ADXL345.c" 1
  58  002F              	NOP
  58  002F              	ENDIF
  58  002F              ;# 58 "d:\mike\holtek_c\componets\modules\SPI_ADXL345.c" 1
  58  002F              	IF (120>=3) AND (120<( 4 + __PBP__ * 2))
  58  002F              ;# 58 "d:\mike\holtek_c\componets\modules\SPI_ADXL345.c" 1
  58  002F              	NOP
  58  002F              	ENDIF
  58  002F              ;# 58 "d:\mike\holtek_c\componets\modules\SPI_ADXL345.c" 1
  58  002F              	IF (120>=4) AND (120<( 4 + __PBP__ * 2)) AND ( __PBP__ > 0 )
  58  002F              ;# 58 "d:\mike\holtek_c\componets\modules\SPI_ADXL345.c" 1
  58  002F              	NOP
  58  002F              	ENDIF
  58  002F              ;# 58 "d:\mike\holtek_c\componets\modules\SPI_ADXL345.c" 1
  58  002F              	IF (120>=5) AND (120<( 4 + __PBP__ * 2)) AND ( __PBP__ > 0 )
  58  002F              ;# 58 "d:\mike\holtek_c\componets\modules\SPI_ADXL345.c" 1
  58  002F              	NOP
  58  002F              	ENDIF
  58  002F              ;# 58 "d:\mike\holtek_c\componets\modules\SPI_ADXL345.c" 1
  58  002F              	IF (120>=6) AND (120<( 4 + __PBP__ * 2))  AND ( __PBP__ > 1 )
  58  002F              ;# 58 "d:\mike\holtek_c\componets\modules\SPI_ADXL345.c" 1
  58  002F              	NOP
  58  002F              	ENDIF
  58  002F              ;# 58 "d:\mike\holtek_c\componets\modules\SPI_ADXL345.c" 1
  58  002F              	IF (120>=7) AND (120<( 4 + __PBP__ * 2))  AND ( __PBP__ > 1 )
  58  002F              ;# 58 "d:\mike\holtek_c\componets\modules\SPI_ADXL345.c" 1
  58  002F              	NOP
  58  002F              	ENDIF
  58  002F              ;# 58 "d:\mike\holtek_c\componets\modules\SPI_ADXL345.c" 1
  58  002F              	IF (120>=8) AND (120<( 4 + __PBP__ * 2))  AND ( __PBP__ > 2 )
  58  002F              ;# 58 "d:\mike\holtek_c\componets\modules\SPI_ADXL345.c" 1
  58  002F              	NOP
  58  002F              	ENDIF
  58  002F              ;# 58 "d:\mike\holtek_c\componets\modules\SPI_ADXL345.c" 1
  58  002F              	IF (120==9)  AND ( __PBP__ > 2 )
  58  002F              ;# 58 "d:\mike\holtek_c\componets\modules\SPI_ADXL345.c" 1
  58  002F              	NOP
  58  002F              	ENDIF
  58  002F              ;# 58 "d:\mike\holtek_c\componets\modules\SPI_ADXL345.c" 1
  58  002F              	IF (120< ( 8 + __PBP__ * 2)) AND (120>( 3 + __PBP__ * 2))
  58  002F              ;# 58 "d:\mike\holtek_c\componets\modules\SPI_ADXL345.c" 1
  58  002F              	fcall __DELAY3 + ( 7 + __PBP__ * 2) -120
  58  002F              	ENDIF
  58  002F              ;# 58 "d:\mike\holtek_c\componets\modules\SPI_ADXL345.c" 1
  58  002F              	IF (120< ( 0404h + __PBP__ * 2)) AND (120>( 7 + __PBP__ * 2))
  58  002F              ;# 58 "d:\mike\holtek_c\componets\modules\SPI_ADXL345.c" 1
  58  002F  0F1B        	MOV A,(120-( 4 + __PBP__ * 2))/4
  58  0030              ;# 58 "d:\mike\holtek_c\componets\modules\SPI_ADXL345.c" 1
"File: SPI_ADXL345.c  Assembler  Version HGASM0202      Page 17

  58  0030              	fcall __DELAYX3 + 3 -((120-( 4 + __PBP__ * 2)) MOD 4) 
  58  0037              	ENDIF
  58  0037              ;# 58 "d:\mike\holtek_c\componets\modules\SPI_ADXL345.c" 1
  58  0037              	IF (120< ( 040bh + __PBP__ * 2)) AND (120> ( 0403h + __PBP__ * 2))
  58  0037              ;# 58 "d:\mike\holtek_c\componets\modules\SPI_ADXL345.c" 1
  58  0037              	MOV A,0 
  58  0037              ;# 58 "d:\mike\holtek_c\componets\modules\SPI_ADXL345.c" 1
  58  0037              	fcall __DELAYX6 + ( 040ah + __PBP__ * 2) -120
  58  0037              	ENDIF
  58  0037              ;# 58 "d:\mike\holtek_c\componets\modules\SPI_ADXL345.c" 1
  58  0037              	IF (120 >= ( 040bh + __PBP__ * 2)) AND ((((120-( 9 + __PBP__ * 2))%0402h)/4+1)>256)
  58  0037              ;# 58 "d:\mike\holtek_c\componets\modules\SPI_ADXL345.c" 1
  58  0037              	MOV A,(120-( 9 + __PBP__ * 2))/0402h
  58  0037              ;# 58 "d:\mike\holtek_c\componets\modules\SPI_ADXL345.c" 1
  58  0037              	MOV _builtin_holtek_delay_2,A
  58  0037              ;# 58 "d:\mike\holtek_c\componets\modules\SPI_ADXL345.c" 1
  58  0037              	MOV A,0
  58  0037              ;# 58 "d:\mike\holtek_c\componets\modules\SPI_ADXL345.c" 1
  58  0037              	fcall __DELAYY5 +5- (((120-( 9 + __PBP__ * 2))%0402h)%6) 
  58  0037              	ENDIF
  58  0037              ;# 58 "d:\mike\holtek_c\componets\modules\SPI_ADXL345.c" 1
  58  0037              	IF (120 >= ( 040bh + __PBP__ * 2)) AND ((((120-( 9 + __PBP__ * 2))%0402h)/4+1)<=256)
  58  0037              ;# 58 "d:\mike\holtek_c\componets\modules\SPI_ADXL345.c" 1
  58  0037              	MOV A,(120-( 9 + __PBP__ * 2))/0402h
  58  0037              ;# 58 "d:\mike\holtek_c\componets\modules\SPI_ADXL345.c" 1
  58  0037              	MOV _builtin_holtek_delay_2,A
  58  0037              ;# 58 "d:\mike\holtek_c\componets\modules\SPI_ADXL345.c" 1
  58  0037              	MOV A,((120-( 9 + __PBP__ * 2))%0402h)/4+1
  58  0037              ;# 58 "d:\mike\holtek_c\componets\modules\SPI_ADXL345.c" 1
  58  0037              	fcall __DELAYY3 +3-(((120-( 9 + __PBP__ * 2))%0402h)%4) 
  58  0037              	ENDIF
  58  0037  0F08        	mov a,8
  58  0038  0080     E  	mov ra,a
  58  0039              _L9:
  64  0039              #line 64 "d:\mike\holtek_c\componets\modules\SPI_ADXL345.c"
  64  0039  35A4        	clr [36].3
  65  003A              #line 65 "d:\mike\holtek_c\componets\modules\SPI_ADXL345.c"
  65  003A              ;# 65 "d:\mike\holtek_c\componets\modules\SPI_ADXL345.c" 1
  65  003A              	IF 60>263690
  65  003A              ;# 65 "d:\mike\holtek_c\componets\modules\SPI_ADXL345.c" 1
  65  003A              	ERRMESSAGE 'the value 60of the argument exceeds the maxinum 263690'
  65  003A              	ENDIF
  65  003A              ;# 65 "d:\mike\holtek_c\componets\modules\SPI_ADXL345.c" 1
  65  003A              	IF 60<0
  65  003A              ;# 65 "d:\mike\holtek_c\componets\modules\SPI_ADXL345.c" 1
  65  003A              	ERRMESSAGE 'the value 60 of the argument exceeds the mininum 0'
  65  003A              	ENDIF
  65  003A              ;# 65 "d:\mike\holtek_c\componets\modules\SPI_ADXL345.c" 1
  65  003A              	IF 60==0
  65  003A              ;# 65 "d:\mike\holtek_c\componets\modules\SPI_ADXL345.c" 1
  65  003A              	JMP $
  65  003A              	ENDIF
  65  003A              ;# 65 "d:\mike\holtek_c\componets\modules\SPI_ADXL345.c" 1
  65  003A              	IF (60>=1) AND (60<( 4 + __PBP__ * 2))
  65  003A              ;# 65 "d:\mike\holtek_c\componets\modules\SPI_ADXL345.c" 1
  65  003A              	NOP
  65  003A              	ENDIF
  65  003A              ;# 65 "d:\mike\holtek_c\componets\modules\SPI_ADXL345.c" 1
  65  003A              	IF (60>=2) AND (60<( 4 + __PBP__ * 2))
  65  003A              ;# 65 "d:\mike\holtek_c\componets\modules\SPI_ADXL345.c" 1
"File: SPI_ADXL345.c  Assembler  Version HGASM0202      Page 18

  65  003A              	NOP
  65  003A              	ENDIF
  65  003A              ;# 65 "d:\mike\holtek_c\componets\modules\SPI_ADXL345.c" 1
  65  003A              	IF (60>=3) AND (60<( 4 + __PBP__ * 2))
  65  003A              ;# 65 "d:\mike\holtek_c\componets\modules\SPI_ADXL345.c" 1
  65  003A              	NOP
  65  003A              	ENDIF
  65  003A              ;# 65 "d:\mike\holtek_c\componets\modules\SPI_ADXL345.c" 1
  65  003A              	IF (60>=4) AND (60<( 4 + __PBP__ * 2)) AND ( __PBP__ > 0 )
  65  003A              ;# 65 "d:\mike\holtek_c\componets\modules\SPI_ADXL345.c" 1
  65  003A              	NOP
  65  003A              	ENDIF
  65  003A              ;# 65 "d:\mike\holtek_c\componets\modules\SPI_ADXL345.c" 1
  65  003A              	IF (60>=5) AND (60<( 4 + __PBP__ * 2)) AND ( __PBP__ > 0 )
  65  003A              ;# 65 "d:\mike\holtek_c\componets\modules\SPI_ADXL345.c" 1
  65  003A              	NOP
  65  003A              	ENDIF
  65  003A              ;# 65 "d:\mike\holtek_c\componets\modules\SPI_ADXL345.c" 1
  65  003A              	IF (60>=6) AND (60<( 4 + __PBP__ * 2))  AND ( __PBP__ > 1 )
  65  003A              ;# 65 "d:\mike\holtek_c\componets\modules\SPI_ADXL345.c" 1
  65  003A              	NOP
  65  003A              	ENDIF
  65  003A              ;# 65 "d:\mike\holtek_c\componets\modules\SPI_ADXL345.c" 1
  65  003A              	IF (60>=7) AND (60<( 4 + __PBP__ * 2))  AND ( __PBP__ > 1 )
  65  003A              ;# 65 "d:\mike\holtek_c\componets\modules\SPI_ADXL345.c" 1
  65  003A              	NOP
  65  003A              	ENDIF
  65  003A              ;# 65 "d:\mike\holtek_c\componets\modules\SPI_ADXL345.c" 1
  65  003A              	IF (60>=8) AND (60<( 4 + __PBP__ * 2))  AND ( __PBP__ > 2 )
  65  003A              ;# 65 "d:\mike\holtek_c\componets\modules\SPI_ADXL345.c" 1
  65  003A              	NOP
  65  003A              	ENDIF
  65  003A              ;# 65 "d:\mike\holtek_c\componets\modules\SPI_ADXL345.c" 1
  65  003A              	IF (60==9)  AND ( __PBP__ > 2 )
  65  003A              ;# 65 "d:\mike\holtek_c\componets\modules\SPI_ADXL345.c" 1
  65  003A              	NOP
  65  003A              	ENDIF
  65  003A              ;# 65 "d:\mike\holtek_c\componets\modules\SPI_ADXL345.c" 1
  65  003A              	IF (60< ( 8 + __PBP__ * 2)) AND (60>( 3 + __PBP__ * 2))
  65  003A              ;# 65 "d:\mike\holtek_c\componets\modules\SPI_ADXL345.c" 1
  65  003A              	fcall __DELAY3 + ( 7 + __PBP__ * 2) -60
  65  003A              	ENDIF
  65  003A              ;# 65 "d:\mike\holtek_c\componets\modules\SPI_ADXL345.c" 1
  65  003A              	IF (60< ( 0404h + __PBP__ * 2)) AND (60>( 7 + __PBP__ * 2))
  65  003A              ;# 65 "d:\mike\holtek_c\componets\modules\SPI_ADXL345.c" 1
  65  003A  0F0C        	MOV A,(60-( 4 + __PBP__ * 2))/4
  65  003B              ;# 65 "d:\mike\holtek_c\componets\modules\SPI_ADXL345.c" 1
  65  003B              	fcall __DELAYX3 + 3 -((60-( 4 + __PBP__ * 2)) MOD 4) 
  65  0042              	ENDIF
  65  0042              ;# 65 "d:\mike\holtek_c\componets\modules\SPI_ADXL345.c" 1
  65  0042              	IF (60< ( 040bh + __PBP__ * 2)) AND (60> ( 0403h + __PBP__ * 2))
  65  0042              ;# 65 "d:\mike\holtek_c\componets\modules\SPI_ADXL345.c" 1
  65  0042              	MOV A,0 
  65  0042              ;# 65 "d:\mike\holtek_c\componets\modules\SPI_ADXL345.c" 1
  65  0042              	fcall __DELAYX6 + ( 040ah + __PBP__ * 2) -60
  65  0042              	ENDIF
  65  0042              ;# 65 "d:\mike\holtek_c\componets\modules\SPI_ADXL345.c" 1
  65  0042              	IF (60 >= ( 040bh + __PBP__ * 2)) AND ((((60-( 9 + __PBP__ * 2))%0402h)/4+1)>256)
  65  0042              ;# 65 "d:\mike\holtek_c\componets\modules\SPI_ADXL345.c" 1
  65  0042              	MOV A,(60-( 9 + __PBP__ * 2))/0402h
"File: SPI_ADXL345.c  Assembler  Version HGASM0202      Page 19

  65  0042              ;# 65 "d:\mike\holtek_c\componets\modules\SPI_ADXL345.c" 1
  65  0042              	MOV _builtin_holtek_delay_2,A
  65  0042              ;# 65 "d:\mike\holtek_c\componets\modules\SPI_ADXL345.c" 1
  65  0042              	MOV A,0
  65  0042              ;# 65 "d:\mike\holtek_c\componets\modules\SPI_ADXL345.c" 1
  65  0042              	fcall __DELAYY5 +5- (((60-( 9 + __PBP__ * 2))%0402h)%6) 
  65  0042              	ENDIF
  65  0042              ;# 65 "d:\mike\holtek_c\componets\modules\SPI_ADXL345.c" 1
  65  0042              	IF (60 >= ( 040bh + __PBP__ * 2)) AND ((((60-( 9 + __PBP__ * 2))%0402h)/4+1)<=256)
  65  0042              ;# 65 "d:\mike\holtek_c\componets\modules\SPI_ADXL345.c" 1
  65  0042              	MOV A,(60-( 9 + __PBP__ * 2))/0402h
  65  0042              ;# 65 "d:\mike\holtek_c\componets\modules\SPI_ADXL345.c" 1
  65  0042              	MOV _builtin_holtek_delay_2,A
  65  0042              ;# 65 "d:\mike\holtek_c\componets\modules\SPI_ADXL345.c" 1
  65  0042              	MOV A,((60-( 9 + __PBP__ * 2))%0402h)/4+1
  65  0042              ;# 65 "d:\mike\holtek_c\componets\modules\SPI_ADXL345.c" 1
  65  0042              	fcall __DELAYY3 +3-(((60-( 9 + __PBP__ * 2))%0402h)%4) 
  65  0042              	ENDIF
  66  0042              #line 66 "d:\mike\holtek_c\componets\modules\SPI_ADXL345.c"
  66  0042  34A4        	clr [36].1
  67  0043              #line 67 "d:\mike\holtek_c\componets\modules\SPI_ADXL345.c"
  67  0043              ;# 67 "d:\mike\holtek_c\componets\modules\SPI_ADXL345.c" 1
  67  0043              	IF 60>263690
  67  0043              ;# 67 "d:\mike\holtek_c\componets\modules\SPI_ADXL345.c" 1
  67  0043              	ERRMESSAGE 'the value 60of the argument exceeds the maxinum 263690'
  67  0043              	ENDIF
  67  0043              ;# 67 "d:\mike\holtek_c\componets\modules\SPI_ADXL345.c" 1
  67  0043              	IF 60<0
  67  0043              ;# 67 "d:\mike\holtek_c\componets\modules\SPI_ADXL345.c" 1
  67  0043              	ERRMESSAGE 'the value 60 of the argument exceeds the mininum 0'
  67  0043              	ENDIF
  67  0043              ;# 67 "d:\mike\holtek_c\componets\modules\SPI_ADXL345.c" 1
  67  0043              	IF 60==0
  67  0043              ;# 67 "d:\mike\holtek_c\componets\modules\SPI_ADXL345.c" 1
  67  0043              	JMP $
  67  0043              	ENDIF
  67  0043              ;# 67 "d:\mike\holtek_c\componets\modules\SPI_ADXL345.c" 1
  67  0043              	IF (60>=1) AND (60<( 4 + __PBP__ * 2))
  67  0043              ;# 67 "d:\mike\holtek_c\componets\modules\SPI_ADXL345.c" 1
  67  0043              	NOP
  67  0043              	ENDIF
  67  0043              ;# 67 "d:\mike\holtek_c\componets\modules\SPI_ADXL345.c" 1
  67  0043              	IF (60>=2) AND (60<( 4 + __PBP__ * 2))
  67  0043              ;# 67 "d:\mike\holtek_c\componets\modules\SPI_ADXL345.c" 1
  67  0043              	NOP
  67  0043              	ENDIF
  67  0043              ;# 67 "d:\mike\holtek_c\componets\modules\SPI_ADXL345.c" 1
  67  0043              	IF (60>=3) AND (60<( 4 + __PBP__ * 2))
  67  0043              ;# 67 "d:\mike\holtek_c\componets\modules\SPI_ADXL345.c" 1
  67  0043              	NOP
  67  0043              	ENDIF
  67  0043              ;# 67 "d:\mike\holtek_c\componets\modules\SPI_ADXL345.c" 1
  67  0043              	IF (60>=4) AND (60<( 4 + __PBP__ * 2)) AND ( __PBP__ > 0 )
  67  0043              ;# 67 "d:\mike\holtek_c\componets\modules\SPI_ADXL345.c" 1
  67  0043              	NOP
  67  0043              	ENDIF
  67  0043              ;# 67 "d:\mike\holtek_c\componets\modules\SPI_ADXL345.c" 1
  67  0043              	IF (60>=5) AND (60<( 4 + __PBP__ * 2)) AND ( __PBP__ > 0 )
  67  0043              ;# 67 "d:\mike\holtek_c\componets\modules\SPI_ADXL345.c" 1
  67  0043              	NOP
"File: SPI_ADXL345.c  Assembler  Version HGASM0202      Page 20

  67  0043              	ENDIF
  67  0043              ;# 67 "d:\mike\holtek_c\componets\modules\SPI_ADXL345.c" 1
  67  0043              	IF (60>=6) AND (60<( 4 + __PBP__ * 2))  AND ( __PBP__ > 1 )
  67  0043              ;# 67 "d:\mike\holtek_c\componets\modules\SPI_ADXL345.c" 1
  67  0043              	NOP
  67  0043              	ENDIF
  67  0043              ;# 67 "d:\mike\holtek_c\componets\modules\SPI_ADXL345.c" 1
  67  0043              	IF (60>=7) AND (60<( 4 + __PBP__ * 2))  AND ( __PBP__ > 1 )
  67  0043              ;# 67 "d:\mike\holtek_c\componets\modules\SPI_ADXL345.c" 1
  67  0043              	NOP
  67  0043              	ENDIF
  67  0043              ;# 67 "d:\mike\holtek_c\componets\modules\SPI_ADXL345.c" 1
  67  0043              	IF (60>=8) AND (60<( 4 + __PBP__ * 2))  AND ( __PBP__ > 2 )
  67  0043              ;# 67 "d:\mike\holtek_c\componets\modules\SPI_ADXL345.c" 1
  67  0043              	NOP
  67  0043              	ENDIF
  67  0043              ;# 67 "d:\mike\holtek_c\componets\modules\SPI_ADXL345.c" 1
  67  0043              	IF (60==9)  AND ( __PBP__ > 2 )
  67  0043              ;# 67 "d:\mike\holtek_c\componets\modules\SPI_ADXL345.c" 1
  67  0043              	NOP
  67  0043              	ENDIF
  67  0043              ;# 67 "d:\mike\holtek_c\componets\modules\SPI_ADXL345.c" 1
  67  0043              	IF (60< ( 8 + __PBP__ * 2)) AND (60>( 3 + __PBP__ * 2))
  67  0043              ;# 67 "d:\mike\holtek_c\componets\modules\SPI_ADXL345.c" 1
  67  0043              	fcall __DELAY3 + ( 7 + __PBP__ * 2) -60
  67  0043              	ENDIF
  67  0043              ;# 67 "d:\mike\holtek_c\componets\modules\SPI_ADXL345.c" 1
  67  0043              	IF (60< ( 0404h + __PBP__ * 2)) AND (60>( 7 + __PBP__ * 2))
  67  0043              ;# 67 "d:\mike\holtek_c\componets\modules\SPI_ADXL345.c" 1
  67  0043  0F0C        	MOV A,(60-( 4 + __PBP__ * 2))/4
  67  0044              ;# 67 "d:\mike\holtek_c\componets\modules\SPI_ADXL345.c" 1
  67  0044              	fcall __DELAYX3 + 3 -((60-( 4 + __PBP__ * 2)) MOD 4) 
  67  004B              	ENDIF
  67  004B              ;# 67 "d:\mike\holtek_c\componets\modules\SPI_ADXL345.c" 1
  67  004B              	IF (60< ( 040bh + __PBP__ * 2)) AND (60> ( 0403h + __PBP__ * 2))
  67  004B              ;# 67 "d:\mike\holtek_c\componets\modules\SPI_ADXL345.c" 1
  67  004B              	MOV A,0 
  67  004B              ;# 67 "d:\mike\holtek_c\componets\modules\SPI_ADXL345.c" 1
  67  004B              	fcall __DELAYX6 + ( 040ah + __PBP__ * 2) -60
  67  004B              	ENDIF
  67  004B              ;# 67 "d:\mike\holtek_c\componets\modules\SPI_ADXL345.c" 1
  67  004B              	IF (60 >= ( 040bh + __PBP__ * 2)) AND ((((60-( 9 + __PBP__ * 2))%0402h)/4+1)>256)
  67  004B              ;# 67 "d:\mike\holtek_c\componets\modules\SPI_ADXL345.c" 1
  67  004B              	MOV A,(60-( 9 + __PBP__ * 2))/0402h
  67  004B              ;# 67 "d:\mike\holtek_c\componets\modules\SPI_ADXL345.c" 1
  67  004B              	MOV _builtin_holtek_delay_2,A
  67  004B              ;# 67 "d:\mike\holtek_c\componets\modules\SPI_ADXL345.c" 1
  67  004B              	MOV A,0
  67  004B              ;# 67 "d:\mike\holtek_c\componets\modules\SPI_ADXL345.c" 1
  67  004B              	fcall __DELAYY5 +5- (((60-( 9 + __PBP__ * 2))%0402h)%6) 
  67  004B              	ENDIF
  67  004B              ;# 67 "d:\mike\holtek_c\componets\modules\SPI_ADXL345.c" 1
  67  004B              	IF (60 >= ( 040bh + __PBP__ * 2)) AND ((((60-( 9 + __PBP__ * 2))%0402h)/4+1)<=256)
  67  004B              ;# 67 "d:\mike\holtek_c\componets\modules\SPI_ADXL345.c" 1
  67  004B              	MOV A,(60-( 9 + __PBP__ * 2))/0402h
  67  004B              ;# 67 "d:\mike\holtek_c\componets\modules\SPI_ADXL345.c" 1
  67  004B              	MOV _builtin_holtek_delay_2,A
  67  004B              ;# 67 "d:\mike\holtek_c\componets\modules\SPI_ADXL345.c" 1
  67  004B              	MOV A,((60-( 9 + __PBP__ * 2))%0402h)/4+1
  67  004B              ;# 67 "d:\mike\holtek_c\componets\modules\SPI_ADXL345.c" 1
"File: SPI_ADXL345.c  Assembler  Version HGASM0202      Page 21

  67  004B              	fcall __DELAYY3 +3-(((60-( 9 + __PBP__ * 2))%0402h)%4) 
  67  004B              	ENDIF
  68  004B              #line 68 "d:\mike\holtek_c\componets\modules\SPI_ADXL345.c"
  68  004B  31A4        	set [36].3
  69  004C              #line 69 "d:\mike\holtek_c\componets\modules\SPI_ADXL345.c"
  69  004C              ;# 69 "d:\mike\holtek_c\componets\modules\SPI_ADXL345.c" 1
  69  004C              	IF 120>263690
  69  004C              ;# 69 "d:\mike\holtek_c\componets\modules\SPI_ADXL345.c" 1
  69  004C              	ERRMESSAGE 'the value 120of the argument exceeds the maxinum 263690'
  69  004C              	ENDIF
  69  004C              ;# 69 "d:\mike\holtek_c\componets\modules\SPI_ADXL345.c" 1
  69  004C              	IF 120<0
  69  004C              ;# 69 "d:\mike\holtek_c\componets\modules\SPI_ADXL345.c" 1
  69  004C              	ERRMESSAGE 'the value 120 of the argument exceeds the mininum 0'
  69  004C              	ENDIF
  69  004C              ;# 69 "d:\mike\holtek_c\componets\modules\SPI_ADXL345.c" 1
  69  004C              	IF 120==0
  69  004C              ;# 69 "d:\mike\holtek_c\componets\modules\SPI_ADXL345.c" 1
  69  004C              	JMP $
  69  004C              	ENDIF
  69  004C              ;# 69 "d:\mike\holtek_c\componets\modules\SPI_ADXL345.c" 1
  69  004C              	IF (120>=1) AND (120<( 4 + __PBP__ * 2))
  69  004C              ;# 69 "d:\mike\holtek_c\componets\modules\SPI_ADXL345.c" 1
  69  004C              	NOP
  69  004C              	ENDIF
  69  004C              ;# 69 "d:\mike\holtek_c\componets\modules\SPI_ADXL345.c" 1
  69  004C              	IF (120>=2) AND (120<( 4 + __PBP__ * 2))
  69  004C              ;# 69 "d:\mike\holtek_c\componets\modules\SPI_ADXL345.c" 1
  69  004C              	NOP
  69  004C              	ENDIF
  69  004C              ;# 69 "d:\mike\holtek_c\componets\modules\SPI_ADXL345.c" 1
  69  004C              	IF (120>=3) AND (120<( 4 + __PBP__ * 2))
  69  004C              ;# 69 "d:\mike\holtek_c\componets\modules\SPI_ADXL345.c" 1
  69  004C              	NOP
  69  004C              	ENDIF
  69  004C              ;# 69 "d:\mike\holtek_c\componets\modules\SPI_ADXL345.c" 1
  69  004C              	IF (120>=4) AND (120<( 4 + __PBP__ * 2)) AND ( __PBP__ > 0 )
  69  004C              ;# 69 "d:\mike\holtek_c\componets\modules\SPI_ADXL345.c" 1
  69  004C              	NOP
  69  004C              	ENDIF
  69  004C              ;# 69 "d:\mike\holtek_c\componets\modules\SPI_ADXL345.c" 1
  69  004C              	IF (120>=5) AND (120<( 4 + __PBP__ * 2)) AND ( __PBP__ > 0 )
  69  004C              ;# 69 "d:\mike\holtek_c\componets\modules\SPI_ADXL345.c" 1
  69  004C              	NOP
  69  004C              	ENDIF
  69  004C              ;# 69 "d:\mike\holtek_c\componets\modules\SPI_ADXL345.c" 1
  69  004C              	IF (120>=6) AND (120<( 4 + __PBP__ * 2))  AND ( __PBP__ > 1 )
  69  004C              ;# 69 "d:\mike\holtek_c\componets\modules\SPI_ADXL345.c" 1
  69  004C              	NOP
  69  004C              	ENDIF
  69  004C              ;# 69 "d:\mike\holtek_c\componets\modules\SPI_ADXL345.c" 1
  69  004C              	IF (120>=7) AND (120<( 4 + __PBP__ * 2))  AND ( __PBP__ > 1 )
  69  004C              ;# 69 "d:\mike\holtek_c\componets\modules\SPI_ADXL345.c" 1
  69  004C              	NOP
  69  004C              	ENDIF
  69  004C              ;# 69 "d:\mike\holtek_c\componets\modules\SPI_ADXL345.c" 1
  69  004C              	IF (120>=8) AND (120<( 4 + __PBP__ * 2))  AND ( __PBP__ > 2 )
  69  004C              ;# 69 "d:\mike\holtek_c\componets\modules\SPI_ADXL345.c" 1
  69  004C              	NOP
  69  004C              	ENDIF
"File: SPI_ADXL345.c  Assembler  Version HGASM0202      Page 22

  69  004C              ;# 69 "d:\mike\holtek_c\componets\modules\SPI_ADXL345.c" 1
  69  004C              	IF (120==9)  AND ( __PBP__ > 2 )
  69  004C              ;# 69 "d:\mike\holtek_c\componets\modules\SPI_ADXL345.c" 1
  69  004C              	NOP
  69  004C              	ENDIF
  69  004C              ;# 69 "d:\mike\holtek_c\componets\modules\SPI_ADXL345.c" 1
  69  004C              	IF (120< ( 8 + __PBP__ * 2)) AND (120>( 3 + __PBP__ * 2))
  69  004C              ;# 69 "d:\mike\holtek_c\componets\modules\SPI_ADXL345.c" 1
  69  004C              	fcall __DELAY3 + ( 7 + __PBP__ * 2) -120
  69  004C              	ENDIF
  69  004C              ;# 69 "d:\mike\holtek_c\componets\modules\SPI_ADXL345.c" 1
  69  004C              	IF (120< ( 0404h + __PBP__ * 2)) AND (120>( 7 + __PBP__ * 2))
  69  004C              ;# 69 "d:\mike\holtek_c\componets\modules\SPI_ADXL345.c" 1
  69  004C  0F1B        	MOV A,(120-( 4 + __PBP__ * 2))/4
  69  004D              ;# 69 "d:\mike\holtek_c\componets\modules\SPI_ADXL345.c" 1
  69  004D              	fcall __DELAYX3 + 3 -((120-( 4 + __PBP__ * 2)) MOD 4) 
  69  0054              	ENDIF
  69  0054              ;# 69 "d:\mike\holtek_c\componets\modules\SPI_ADXL345.c" 1
  69  0054              	IF (120< ( 040bh + __PBP__ * 2)) AND (120> ( 0403h + __PBP__ * 2))
  69  0054              ;# 69 "d:\mike\holtek_c\componets\modules\SPI_ADXL345.c" 1
  69  0054              	MOV A,0 
  69  0054              ;# 69 "d:\mike\holtek_c\componets\modules\SPI_ADXL345.c" 1
  69  0054              	fcall __DELAYX6 + ( 040ah + __PBP__ * 2) -120
  69  0054              	ENDIF
  69  0054              ;# 69 "d:\mike\holtek_c\componets\modules\SPI_ADXL345.c" 1
  69  0054              	IF (120 >= ( 040bh + __PBP__ * 2)) AND ((((120-( 9 + __PBP__ * 2))%0402h)/4+1)>256)
  69  0054              ;# 69 "d:\mike\holtek_c\componets\modules\SPI_ADXL345.c" 1
  69  0054              	MOV A,(120-( 9 + __PBP__ * 2))/0402h
  69  0054              ;# 69 "d:\mike\holtek_c\componets\modules\SPI_ADXL345.c" 1
  69  0054              	MOV _builtin_holtek_delay_2,A
  69  0054              ;# 69 "d:\mike\holtek_c\componets\modules\SPI_ADXL345.c" 1
  69  0054              	MOV A,0
  69  0054              ;# 69 "d:\mike\holtek_c\componets\modules\SPI_ADXL345.c" 1
  69  0054              	fcall __DELAYY5 +5- (((120-( 9 + __PBP__ * 2))%0402h)%6) 
  69  0054              	ENDIF
  69  0054              ;# 69 "d:\mike\holtek_c\componets\modules\SPI_ADXL345.c" 1
  69  0054              	IF (120 >= ( 040bh + __PBP__ * 2)) AND ((((120-( 9 + __PBP__ * 2))%0402h)/4+1)<=256)
  69  0054              ;# 69 "d:\mike\holtek_c\componets\modules\SPI_ADXL345.c" 1
  69  0054              	MOV A,(120-( 9 + __PBP__ * 2))/0402h
  69  0054              ;# 69 "d:\mike\holtek_c\componets\modules\SPI_ADXL345.c" 1
  69  0054              	MOV _builtin_holtek_delay_2,A
  69  0054              ;# 69 "d:\mike\holtek_c\componets\modules\SPI_ADXL345.c" 1
  69  0054              	MOV A,((120-( 9 + __PBP__ * 2))%0402h)/4+1
  69  0054              ;# 69 "d:\mike\holtek_c\componets\modules\SPI_ADXL345.c" 1
  69  0054              	fcall __DELAYY3 +3-(((120-( 9 + __PBP__ * 2))%0402h)%4) 
  69  0054              	ENDIF
  69  0054  1780     E  	sdz ra
  69  0055  2800     R  	jmp _L9
  71  0056              #line 71 "d:\mike\holtek_c\componets\modules\SPI_ADXL345.c"
  71  0056  30A4        	set [36].1
  72  0057              #line 72 "d:\mike\holtek_c\componets\modules\SPI_ADXL345.c"
  72  0057              ;# 72 "d:\mike\holtek_c\componets\modules\SPI_ADXL345.c" 1
  72  0057              	IF 120>263690
  72  0057              ;# 72 "d:\mike\holtek_c\componets\modules\SPI_ADXL345.c" 1
  72  0057              	ERRMESSAGE 'the value 120of the argument exceeds the maxinum 263690'
  72  0057              	ENDIF
  72  0057              ;# 72 "d:\mike\holtek_c\componets\modules\SPI_ADXL345.c" 1
  72  0057              	IF 120<0
  72  0057              ;# 72 "d:\mike\holtek_c\componets\modules\SPI_ADXL345.c" 1
  72  0057              	ERRMESSAGE 'the value 120 of the argument exceeds the mininum 0'
"File: SPI_ADXL345.c  Assembler  Version HGASM0202      Page 23

  72  0057              	ENDIF
  72  0057              ;# 72 "d:\mike\holtek_c\componets\modules\SPI_ADXL345.c" 1
  72  0057              	IF 120==0
  72  0057              ;# 72 "d:\mike\holtek_c\componets\modules\SPI_ADXL345.c" 1
  72  0057              	JMP $
  72  0057              	ENDIF
  72  0057              ;# 72 "d:\mike\holtek_c\componets\modules\SPI_ADXL345.c" 1
  72  0057              	IF (120>=1) AND (120<( 4 + __PBP__ * 2))
  72  0057              ;# 72 "d:\mike\holtek_c\componets\modules\SPI_ADXL345.c" 1
  72  0057              	NOP
  72  0057              	ENDIF
  72  0057              ;# 72 "d:\mike\holtek_c\componets\modules\SPI_ADXL345.c" 1
  72  0057              	IF (120>=2) AND (120<( 4 + __PBP__ * 2))
  72  0057              ;# 72 "d:\mike\holtek_c\componets\modules\SPI_ADXL345.c" 1
  72  0057              	NOP
  72  0057              	ENDIF
  72  0057              ;# 72 "d:\mike\holtek_c\componets\modules\SPI_ADXL345.c" 1
  72  0057              	IF (120>=3) AND (120<( 4 + __PBP__ * 2))
  72  0057              ;# 72 "d:\mike\holtek_c\componets\modules\SPI_ADXL345.c" 1
  72  0057              	NOP
  72  0057              	ENDIF
  72  0057              ;# 72 "d:\mike\holtek_c\componets\modules\SPI_ADXL345.c" 1
  72  0057              	IF (120>=4) AND (120<( 4 + __PBP__ * 2)) AND ( __PBP__ > 0 )
  72  0057              ;# 72 "d:\mike\holtek_c\componets\modules\SPI_ADXL345.c" 1
  72  0057              	NOP
  72  0057              	ENDIF
  72  0057              ;# 72 "d:\mike\holtek_c\componets\modules\SPI_ADXL345.c" 1
  72  0057              	IF (120>=5) AND (120<( 4 + __PBP__ * 2)) AND ( __PBP__ > 0 )
  72  0057              ;# 72 "d:\mike\holtek_c\componets\modules\SPI_ADXL345.c" 1
  72  0057              	NOP
  72  0057              	ENDIF
  72  0057              ;# 72 "d:\mike\holtek_c\componets\modules\SPI_ADXL345.c" 1
  72  0057              	IF (120>=6) AND (120<( 4 + __PBP__ * 2))  AND ( __PBP__ > 1 )
  72  0057              ;# 72 "d:\mike\holtek_c\componets\modules\SPI_ADXL345.c" 1
  72  0057              	NOP
  72  0057              	ENDIF
  72  0057              ;# 72 "d:\mike\holtek_c\componets\modules\SPI_ADXL345.c" 1
  72  0057              	IF (120>=7) AND (120<( 4 + __PBP__ * 2))  AND ( __PBP__ > 1 )
  72  0057              ;# 72 "d:\mike\holtek_c\componets\modules\SPI_ADXL345.c" 1
  72  0057              	NOP
  72  0057              	ENDIF
  72  0057              ;# 72 "d:\mike\holtek_c\componets\modules\SPI_ADXL345.c" 1
  72  0057              	IF (120>=8) AND (120<( 4 + __PBP__ * 2))  AND ( __PBP__ > 2 )
  72  0057              ;# 72 "d:\mike\holtek_c\componets\modules\SPI_ADXL345.c" 1
  72  0057              	NOP
  72  0057              	ENDIF
  72  0057              ;# 72 "d:\mike\holtek_c\componets\modules\SPI_ADXL345.c" 1
  72  0057              	IF (120==9)  AND ( __PBP__ > 2 )
  72  0057              ;# 72 "d:\mike\holtek_c\componets\modules\SPI_ADXL345.c" 1
  72  0057              	NOP
  72  0057              	ENDIF
  72  0057              ;# 72 "d:\mike\holtek_c\componets\modules\SPI_ADXL345.c" 1
  72  0057              	IF (120< ( 8 + __PBP__ * 2)) AND (120>( 3 + __PBP__ * 2))
  72  0057              ;# 72 "d:\mike\holtek_c\componets\modules\SPI_ADXL345.c" 1
  72  0057              	fcall __DELAY3 + ( 7 + __PBP__ * 2) -120
  72  0057              	ENDIF
  72  0057              ;# 72 "d:\mike\holtek_c\componets\modules\SPI_ADXL345.c" 1
  72  0057              	IF (120< ( 0404h + __PBP__ * 2)) AND (120>( 7 + __PBP__ * 2))
  72  0057              ;# 72 "d:\mike\holtek_c\componets\modules\SPI_ADXL345.c" 1
  72  0057  0F1B        	MOV A,(120-( 4 + __PBP__ * 2))/4
"File: SPI_ADXL345.c  Assembler  Version HGASM0202      Page 24

  72  0058              ;# 72 "d:\mike\holtek_c\componets\modules\SPI_ADXL345.c" 1
  72  0058              	fcall __DELAYX3 + 3 -((120-( 4 + __PBP__ * 2)) MOD 4) 
  72  005F              	ENDIF
  72  005F              ;# 72 "d:\mike\holtek_c\componets\modules\SPI_ADXL345.c" 1
  72  005F              	IF (120< ( 040bh + __PBP__ * 2)) AND (120> ( 0403h + __PBP__ * 2))
  72  005F              ;# 72 "d:\mike\holtek_c\componets\modules\SPI_ADXL345.c" 1
  72  005F              	MOV A,0 
  72  005F              ;# 72 "d:\mike\holtek_c\componets\modules\SPI_ADXL345.c" 1
  72  005F              	fcall __DELAYX6 + ( 040ah + __PBP__ * 2) -120
  72  005F              	ENDIF
  72  005F              ;# 72 "d:\mike\holtek_c\componets\modules\SPI_ADXL345.c" 1
  72  005F              	IF (120 >= ( 040bh + __PBP__ * 2)) AND ((((120-( 9 + __PBP__ * 2))%0402h)/4+1)>256)
  72  005F              ;# 72 "d:\mike\holtek_c\componets\modules\SPI_ADXL345.c" 1
  72  005F              	MOV A,(120-( 9 + __PBP__ * 2))/0402h
  72  005F              ;# 72 "d:\mike\holtek_c\componets\modules\SPI_ADXL345.c" 1
  72  005F              	MOV _builtin_holtek_delay_2,A
  72  005F              ;# 72 "d:\mike\holtek_c\componets\modules\SPI_ADXL345.c" 1
  72  005F              	MOV A,0
  72  005F              ;# 72 "d:\mike\holtek_c\componets\modules\SPI_ADXL345.c" 1
  72  005F              	fcall __DELAYY5 +5- (((120-( 9 + __PBP__ * 2))%0402h)%6) 
  72  005F              	ENDIF
  72  005F              ;# 72 "d:\mike\holtek_c\componets\modules\SPI_ADXL345.c" 1
  72  005F              	IF (120 >= ( 040bh + __PBP__ * 2)) AND ((((120-( 9 + __PBP__ * 2))%0402h)/4+1)<=256)
  72  005F              ;# 72 "d:\mike\holtek_c\componets\modules\SPI_ADXL345.c" 1
  72  005F              	MOV A,(120-( 9 + __PBP__ * 2))/0402h
  72  005F              ;# 72 "d:\mike\holtek_c\componets\modules\SPI_ADXL345.c" 1
  72  005F              	MOV _builtin_holtek_delay_2,A
  72  005F              ;# 72 "d:\mike\holtek_c\componets\modules\SPI_ADXL345.c" 1
  72  005F              	MOV A,((120-( 9 + __PBP__ * 2))%0402h)/4+1
  72  005F              ;# 72 "d:\mike\holtek_c\componets\modules\SPI_ADXL345.c" 1
  72  005F              	fcall __DELAYY3 +3-(((120-( 9 + __PBP__ * 2))%0402h)%4) 
  72  005F              	ENDIF
  74  005F              #line 74 "d:\mike\holtek_c\componets\modules\SPI_ADXL345.c"
  74  005F  0F00        	mov a,0
  74  0060  0003        	ret
  74  0061              _SPI_read_X endp
  74  0061              #line 74 "d:\mike\holtek_c\componets\modules\SPI_ADXL345.c"
  74  0061              #pragma debug scope 1 1
  74  0061              #pragma debug struct_end
  74  0061              #pragma debug struct_end
  74  0061              #pragma debug union_end
  74  0061              #pragma debug union_end
  74  0061              #pragma debug variable 43 1 ___pf "__pf" 1
  74  0061              #pragma debug struct_end
  74  0061              #pragma debug struct_end
  74  0061              #pragma debug union_end
  74  0061              #pragma debug union_end
  74  0061              #pragma debug variable 45 1 ___pfc "__pfc" 1
  74  0061              #pragma debug struct_end
  74  0061              #pragma debug struct_end
  74  0061              #pragma debug union_end
  74  0061              #pragma debug union_end
  74  0061              #pragma debug variable 47 1 ___pfpu "__pfpu" 1
  74  0061              
  74  0061              ; 
  74  0061              ; Generated by holtek-gcc v3.19, Wed Jun 21 19:52:36 2023
  74  0061              ; Rebuild 718
  74  0061              ; end of file


"File: SPI_ADXL345.c  Assembler  Version HGASM0202      Page 25

        0 Errors, 0