"File: main.c        Assembler  Version HGASM0202      Page 1


   1  0000              ; Generated by holtek-gcc v3.19, Wed May 17 16:10:07 2023
   2  0000              ; 
   3  0000              ; Configuration:
   4  0000              ;       with long instruction
   5  0000              ;       Multi-ROM, Multi-RAM
   6  0000              ;       bits_per_rom_unit:16
   7  0000              ;       with mp1
   8  0000              ;       with tbhp, address(0x9)
   9  0000              ;          Use tabrd-const
  10  0000              ;       
  11  0000              ; SFR address of long-instruction arch:
  12  0000              ;    mp0 = -1,1,0
  13  0000              ;    mp1 = 4,3,2
  14  0000              ;    mp2 = 14,13,12
  15  0000              ;    tbp = 9,7,8
  16  0000              ;    acc = 5
  17  0000              ;    pcl = 6
  18  0000              ;    status = 10
  19  0000              ;    bp = 11
  20  0000              ;    intc = 16
  21  0000              ;       
  22  0000              ;       
  23  0000              ; use 'tabrdc' instead of 'tabrd'
  24  0000              ;       
  25  0000              
  26  0000              #pragma translator "holtek-gcc 4.6.4" "3.19" "build 20130711"
  27  0000              ; Rebuild 718
  28  0000              
  29  0000              ir equ [2]
  30  0000              mp equ [3]
  31  0000              sbp equ [4]
  32  0000              acc equ [5]
  33  0000              bp equ [11]
  34  0000              tblp equ [7]
  35  0000              tbhp equ [9]
  36  0000              status equ [10]
  37  0000              c equ [10].0
  38  0000              ac equ [10].1
  39  0000              z equ [10].2
  40  0000              ov equ [10].3
  41  0000              cz equ [10].6
  42  0000              sc equ [10].7
  43  0000              intc equ [16]
  44  0000              mduwr0 equ [59h]
  45  0000              mduwr1 equ [5ah]
  46  0000              mduwr2 equ [5bh]
  47  0000              mduwr3 equ [5ch]
  48  0000              mduwr4 equ [5dh]
  49  0000              mduwr5 equ [5eh]
  50  0000              mduwrctrl equ [5fh]
  51  0000              
  52  0000              extern ra:byte
  53  0000              extern rb:byte
  54  0000              extern rc:byte
  55  0000              extern rd:byte
  56  0000              extern re:byte
  57  0000              extern rf:byte
  58  0000              extern rg:byte
  59  0000              extern rh:byte
"File: main.ASM      Assembler  Version HGASM0202      Page 2

  60  0000              extern _Crom2Prom:near
  61  0000              extern _Crom2PromNext:near
  62  0000              
  63  0000              RAMBANK 0 @BITDATASEC, @BITDATASEC1
  64  0000              @HCCINIT	.section 'data'
  65  0000              @HCCINIT0	.section 'data'
  66  0000              @BITDATASEC	 .section 'data'
  67  0000              @BITDATASEC1	 .section 'data'
  68  0000              
  69  0000              #pragma debug scope 1 1
  70  0000              	extern __DELAY3:near
  71  0000              	extern __DELAYX3:near
  72  0000              	extern __DELAYX6:near
  73  0000              	extern __DELAYY5:near
  74  0000              	extern __DELAYY3:near
  75  0000              	extern _builtin_holtek_delay_2:byte
  76  0000              ___wdtc equ [62]
  77  0000              public _main
  78  0000              #pragma debug scope 2 1

   7  0000              #line 7 "d:\mike\holtek_c\project\ht66f2690_i2c_ht24lc64\main.c"
   7  0000              IFDEF WITH_DEFAULT_STARTUP
   7  0000              extern _main_initial0:near
   7  0000              extern _main_startup:near
   7  0000              ENDIF
   7  0000              
   7  0000              ROMBANK 0 @start
   7  0000              @start .section com_l 'code'
   7  0000              _main_startup1:
   7  0000              @start .section com_e 'code'
   7  0000  0F00     R  	mov a,bank _main
   7  0001  008B        	mov bp,a
   7  0002  2800     R  	jmp _main
   7  0003              
   7  0000              _main .section 'code'
   7  0000              _main proc
   8  0000              #line 8 "d:\mike\holtek_c\project\ht66f2690_i2c_ht24lc64\main.c"
   8  0000  0FA8        	mov a,168
   8  0001  00BE        	mov [62],a
   9  0002              #line 9 "d:\mike\holtek_c\project\ht66f2690_i2c_ht24lc64\main.c"
   9  0002  1F00     E  	clr _clockSetSystemSrc_2[1]
   9  0003  0F02        	mov a,2
   9  0004  0080     E  	mov _clockSetSystemSrc_2[0],a
   9  0005  0F00        	mov a,0
   9  0006              	fcall _clockSetSystemSrc
  11  000D              #line 11 "d:\mike\holtek_c\project\ht66f2690_i2c_ht24lc64\main.c"
  11  000D              ;# 11 "d:\mike\holtek_c\project\ht66f2690_i2c_ht24lc64\main.c" 1
  11  000D              	IF 200000>263690
  11  000D              ;# 11 "d:\mike\holtek_c\project\ht66f2690_i2c_ht24lc64\main.c" 1
  11  000D              	ERRMESSAGE 'the value 200000of the argument exceeds the maxinum 263690'
  11  000D              	ENDIF
  11  000D              ;# 11 "d:\mike\holtek_c\project\ht66f2690_i2c_ht24lc64\main.c" 1
  11  000D              	IF 200000<0
  11  000D              ;# 11 "d:\mike\holtek_c\project\ht66f2690_i2c_ht24lc64\main.c" 1
  11  000D              	ERRMESSAGE 'the value 200000 of the argument exceeds the mininum 0'
  11  000D              	ENDIF
  11  000D              ;# 11 "d:\mike\holtek_c\project\ht66f2690_i2c_ht24lc64\main.c" 1
  11  000D              	IF 200000==0
  11  000D              ;# 11 "d:\mike\holtek_c\project\ht66f2690_i2c_ht24lc64\main.c" 1
  11  000D              	JMP $
"File: main.c        Assembler  Version HGASM0202      Page 3

  11  000D              	ENDIF
  11  000D              ;# 11 "d:\mike\holtek_c\project\ht66f2690_i2c_ht24lc64\main.c" 1
  11  000D              	IF (200000>=1) AND (200000<( 4 + __PBP__ * 2))
  11  000D              ;# 11 "d:\mike\holtek_c\project\ht66f2690_i2c_ht24lc64\main.c" 1
  11  000D              	NOP
  11  000D              	ENDIF
  11  000D              ;# 11 "d:\mike\holtek_c\project\ht66f2690_i2c_ht24lc64\main.c" 1
  11  000D              	IF (200000>=2) AND (200000<( 4 + __PBP__ * 2))
  11  000D              ;# 11 "d:\mike\holtek_c\project\ht66f2690_i2c_ht24lc64\main.c" 1
  11  000D              	NOP
  11  000D              	ENDIF
  11  000D              ;# 11 "d:\mike\holtek_c\project\ht66f2690_i2c_ht24lc64\main.c" 1
  11  000D              	IF (200000>=3) AND (200000<( 4 + __PBP__ * 2))
  11  000D              ;# 11 "d:\mike\holtek_c\project\ht66f2690_i2c_ht24lc64\main.c" 1
  11  000D              	NOP
  11  000D              	ENDIF
  11  000D              ;# 11 "d:\mike\holtek_c\project\ht66f2690_i2c_ht24lc64\main.c" 1
  11  000D              	IF (200000>=4) AND (200000<( 4 + __PBP__ * 2)) AND ( __PBP__ > 0 )
  11  000D              ;# 11 "d:\mike\holtek_c\project\ht66f2690_i2c_ht24lc64\main.c" 1
  11  000D              	NOP
  11  000D              	ENDIF
  11  000D              ;# 11 "d:\mike\holtek_c\project\ht66f2690_i2c_ht24lc64\main.c" 1
  11  000D              	IF (200000>=5) AND (200000<( 4 + __PBP__ * 2)) AND ( __PBP__ > 0 )
  11  000D              ;# 11 "d:\mike\holtek_c\project\ht66f2690_i2c_ht24lc64\main.c" 1
  11  000D              	NOP
  11  000D              	ENDIF
  11  000D              ;# 11 "d:\mike\holtek_c\project\ht66f2690_i2c_ht24lc64\main.c" 1
  11  000D              	IF (200000>=6) AND (200000<( 4 + __PBP__ * 2))  AND ( __PBP__ > 1 )
  11  000D              ;# 11 "d:\mike\holtek_c\project\ht66f2690_i2c_ht24lc64\main.c" 1
  11  000D              	NOP
  11  000D              	ENDIF
  11  000D              ;# 11 "d:\mike\holtek_c\project\ht66f2690_i2c_ht24lc64\main.c" 1
  11  000D              	IF (200000>=7) AND (200000<( 4 + __PBP__ * 2))  AND ( __PBP__ > 1 )
  11  000D              ;# 11 "d:\mike\holtek_c\project\ht66f2690_i2c_ht24lc64\main.c" 1
  11  000D              	NOP
  11  000D              	ENDIF
  11  000D              ;# 11 "d:\mike\holtek_c\project\ht66f2690_i2c_ht24lc64\main.c" 1
  11  000D              	IF (200000>=8) AND (200000<( 4 + __PBP__ * 2))  AND ( __PBP__ > 2 )
  11  000D              ;# 11 "d:\mike\holtek_c\project\ht66f2690_i2c_ht24lc64\main.c" 1
  11  000D              	NOP
  11  000D              	ENDIF
  11  000D              ;# 11 "d:\mike\holtek_c\project\ht66f2690_i2c_ht24lc64\main.c" 1
  11  000D              	IF (200000==9)  AND ( __PBP__ > 2 )
  11  000D              ;# 11 "d:\mike\holtek_c\project\ht66f2690_i2c_ht24lc64\main.c" 1
  11  000D              	NOP
  11  000D              	ENDIF
  11  000D              ;# 11 "d:\mike\holtek_c\project\ht66f2690_i2c_ht24lc64\main.c" 1
  11  000D              	IF (200000< ( 8 + __PBP__ * 2)) AND (200000>( 3 + __PBP__ * 2))
  11  000D              ;# 11 "d:\mike\holtek_c\project\ht66f2690_i2c_ht24lc64\main.c" 1
  11  000D              	fcall __DELAY3 + ( 7 + __PBP__ * 2) -200000
  11  000D              	ENDIF
  11  000D              ;# 11 "d:\mike\holtek_c\project\ht66f2690_i2c_ht24lc64\main.c" 1
  11  000D              	IF (200000< ( 0404h + __PBP__ * 2)) AND (200000>( 7 + __PBP__ * 2))
  11  000D              ;# 11 "d:\mike\holtek_c\project\ht66f2690_i2c_ht24lc64\main.c" 1
  11  000D              	MOV A,(200000-( 4 + __PBP__ * 2))/4
  11  000D              ;# 11 "d:\mike\holtek_c\project\ht66f2690_i2c_ht24lc64\main.c" 1
  11  000D              	fcall __DELAYX3 + 3 -((200000-( 4 + __PBP__ * 2)) MOD 4) 
  11  000D              	ENDIF
  11  000D              ;# 11 "d:\mike\holtek_c\project\ht66f2690_i2c_ht24lc64\main.c" 1
  11  000D              	IF (200000< ( 040bh + __PBP__ * 2)) AND (200000> ( 0403h + __PBP__ * 2))
"File: main.c        Assembler  Version HGASM0202      Page 4

  11  000D              ;# 11 "d:\mike\holtek_c\project\ht66f2690_i2c_ht24lc64\main.c" 1
  11  000D              	MOV A,0 
  11  000D              ;# 11 "d:\mike\holtek_c\project\ht66f2690_i2c_ht24lc64\main.c" 1
  11  000D              	fcall __DELAYX6 + ( 040ah + __PBP__ * 2) -200000
  11  000D              	ENDIF
  11  000D              ;# 11 "d:\mike\holtek_c\project\ht66f2690_i2c_ht24lc64\main.c" 1
  11  000D              	IF (200000 >= ( 040bh + __PBP__ * 2)) AND ((((200000-( 9 + __PBP__ * 2))%0402h)/4+1)>256)
  11  000D              ;# 11 "d:\mike\holtek_c\project\ht66f2690_i2c_ht24lc64\main.c" 1
  11  000D              	MOV A,(200000-( 9 + __PBP__ * 2))/0402h
  11  000D              ;# 11 "d:\mike\holtek_c\project\ht66f2690_i2c_ht24lc64\main.c" 1
  11  000D              	MOV _builtin_holtek_delay_2,A
  11  000D              ;# 11 "d:\mike\holtek_c\project\ht66f2690_i2c_ht24lc64\main.c" 1
  11  000D              	MOV A,0
  11  000D              ;# 11 "d:\mike\holtek_c\project\ht66f2690_i2c_ht24lc64\main.c" 1
  11  000D              	fcall __DELAYY5 +5- (((200000-( 9 + __PBP__ * 2))%0402h)%6) 
  11  000D              	ENDIF
  11  000D              ;# 11 "d:\mike\holtek_c\project\ht66f2690_i2c_ht24lc64\main.c" 1
  11  000D              	IF (200000 >= ( 040bh + __PBP__ * 2)) AND ((((200000-( 9 + __PBP__ * 2))%0402h)/4+1)<=256)
  11  000D              ;# 11 "d:\mike\holtek_c\project\ht66f2690_i2c_ht24lc64\main.c" 1
  11  000D  0FC2        	MOV A,(200000-( 9 + __PBP__ * 2))/0402h
  11  000E              ;# 11 "d:\mike\holtek_c\project\ht66f2690_i2c_ht24lc64\main.c" 1
  11  000E  0080     E  	MOV _builtin_holtek_delay_2,A
  11  000F              ;# 11 "d:\mike\holtek_c\project\ht66f2690_i2c_ht24lc64\main.c" 1
  11  000F  0FEC        	MOV A,((200000-( 9 + __PBP__ * 2))%0402h)/4+1
  11  0010              ;# 11 "d:\mike\holtek_c\project\ht66f2690_i2c_ht24lc64\main.c" 1
  11  0010              	fcall __DELAYY3 +3-(((200000-( 9 + __PBP__ * 2))%0402h)%4) 
  11  0017              	ENDIF
  13  0017              #line 13 "d:\mike\holtek_c\project\ht66f2690_i2c_ht24lc64\main.c"
  13  0017              	fcall _I2C_init
  13  001E              _L2:
  19  001E              #line 19 "d:\mike\holtek_c\project\ht66f2690_i2c_ht24lc64\main.c"
  19  001E  0F50        	mov a,80
  19  001F  0080     E  	mov _I2C_HT24LC64_read_2[2],a
  19  0020  0F08        	mov a,8
  19  0021  0080     E  	mov _I2C_HT24LC64_read_2[1],a
  19  0022  1F00     E  	clr _I2C_HT24LC64_read_2[0]
  19  0023  0F50        	mov a,80
  19  0024              	fcall _I2C_HT24LC64_read
  20  002B              #line 20 "d:\mike\holtek_c\project\ht66f2690_i2c_ht24lc64\main.c"
  20  002B              ;# 20 "d:\mike\holtek_c\project\ht66f2690_i2c_ht24lc64\main.c" 1
  20  002B              	IF 200000>263690
  20  002B              ;# 20 "d:\mike\holtek_c\project\ht66f2690_i2c_ht24lc64\main.c" 1
  20  002B              	ERRMESSAGE 'the value 200000of the argument exceeds the maxinum 263690'
  20  002B              	ENDIF
  20  002B              ;# 20 "d:\mike\holtek_c\project\ht66f2690_i2c_ht24lc64\main.c" 1
  20  002B              	IF 200000<0
  20  002B              ;# 20 "d:\mike\holtek_c\project\ht66f2690_i2c_ht24lc64\main.c" 1
  20  002B              	ERRMESSAGE 'the value 200000 of the argument exceeds the mininum 0'
  20  002B              	ENDIF
  20  002B              ;# 20 "d:\mike\holtek_c\project\ht66f2690_i2c_ht24lc64\main.c" 1
  20  002B              	IF 200000==0
  20  002B              ;# 20 "d:\mike\holtek_c\project\ht66f2690_i2c_ht24lc64\main.c" 1
  20  002B              	JMP $
  20  002B              	ENDIF
  20  002B              ;# 20 "d:\mike\holtek_c\project\ht66f2690_i2c_ht24lc64\main.c" 1
  20  002B              	IF (200000>=1) AND (200000<( 4 + __PBP__ * 2))
  20  002B              ;# 20 "d:\mike\holtek_c\project\ht66f2690_i2c_ht24lc64\main.c" 1
  20  002B              	NOP
  20  002B              	ENDIF
  20  002B              ;# 20 "d:\mike\holtek_c\project\ht66f2690_i2c_ht24lc64\main.c" 1
"File: main.c        Assembler  Version HGASM0202      Page 5

  20  002B              	IF (200000>=2) AND (200000<( 4 + __PBP__ * 2))
  20  002B              ;# 20 "d:\mike\holtek_c\project\ht66f2690_i2c_ht24lc64\main.c" 1
  20  002B              	NOP
  20  002B              	ENDIF
  20  002B              ;# 20 "d:\mike\holtek_c\project\ht66f2690_i2c_ht24lc64\main.c" 1
  20  002B              	IF (200000>=3) AND (200000<( 4 + __PBP__ * 2))
  20  002B              ;# 20 "d:\mike\holtek_c\project\ht66f2690_i2c_ht24lc64\main.c" 1
  20  002B              	NOP
  20  002B              	ENDIF
  20  002B              ;# 20 "d:\mike\holtek_c\project\ht66f2690_i2c_ht24lc64\main.c" 1
  20  002B              	IF (200000>=4) AND (200000<( 4 + __PBP__ * 2)) AND ( __PBP__ > 0 )
  20  002B              ;# 20 "d:\mike\holtek_c\project\ht66f2690_i2c_ht24lc64\main.c" 1
  20  002B              	NOP
  20  002B              	ENDIF
  20  002B              ;# 20 "d:\mike\holtek_c\project\ht66f2690_i2c_ht24lc64\main.c" 1
  20  002B              	IF (200000>=5) AND (200000<( 4 + __PBP__ * 2)) AND ( __PBP__ > 0 )
  20  002B              ;# 20 "d:\mike\holtek_c\project\ht66f2690_i2c_ht24lc64\main.c" 1
  20  002B              	NOP
  20  002B              	ENDIF
  20  002B              ;# 20 "d:\mike\holtek_c\project\ht66f2690_i2c_ht24lc64\main.c" 1
  20  002B              	IF (200000>=6) AND (200000<( 4 + __PBP__ * 2))  AND ( __PBP__ > 1 )
  20  002B              ;# 20 "d:\mike\holtek_c\project\ht66f2690_i2c_ht24lc64\main.c" 1
  20  002B              	NOP
  20  002B              	ENDIF
  20  002B              ;# 20 "d:\mike\holtek_c\project\ht66f2690_i2c_ht24lc64\main.c" 1
  20  002B              	IF (200000>=7) AND (200000<( 4 + __PBP__ * 2))  AND ( __PBP__ > 1 )
  20  002B              ;# 20 "d:\mike\holtek_c\project\ht66f2690_i2c_ht24lc64\main.c" 1
  20  002B              	NOP
  20  002B              	ENDIF
  20  002B              ;# 20 "d:\mike\holtek_c\project\ht66f2690_i2c_ht24lc64\main.c" 1
  20  002B              	IF (200000>=8) AND (200000<( 4 + __PBP__ * 2))  AND ( __PBP__ > 2 )
  20  002B              ;# 20 "d:\mike\holtek_c\project\ht66f2690_i2c_ht24lc64\main.c" 1
  20  002B              	NOP
  20  002B              	ENDIF
  20  002B              ;# 20 "d:\mike\holtek_c\project\ht66f2690_i2c_ht24lc64\main.c" 1
  20  002B              	IF (200000==9)  AND ( __PBP__ > 2 )
  20  002B              ;# 20 "d:\mike\holtek_c\project\ht66f2690_i2c_ht24lc64\main.c" 1
  20  002B              	NOP
  20  002B              	ENDIF
  20  002B              ;# 20 "d:\mike\holtek_c\project\ht66f2690_i2c_ht24lc64\main.c" 1
  20  002B              	IF (200000< ( 8 + __PBP__ * 2)) AND (200000>( 3 + __PBP__ * 2))
  20  002B              ;# 20 "d:\mike\holtek_c\project\ht66f2690_i2c_ht24lc64\main.c" 1
  20  002B              	fcall __DELAY3 + ( 7 + __PBP__ * 2) -200000
  20  002B              	ENDIF
  20  002B              ;# 20 "d:\mike\holtek_c\project\ht66f2690_i2c_ht24lc64\main.c" 1
  20  002B              	IF (200000< ( 0404h + __PBP__ * 2)) AND (200000>( 7 + __PBP__ * 2))
  20  002B              ;# 20 "d:\mike\holtek_c\project\ht66f2690_i2c_ht24lc64\main.c" 1
  20  002B              	MOV A,(200000-( 4 + __PBP__ * 2))/4
  20  002B              ;# 20 "d:\mike\holtek_c\project\ht66f2690_i2c_ht24lc64\main.c" 1
  20  002B              	fcall __DELAYX3 + 3 -((200000-( 4 + __PBP__ * 2)) MOD 4) 
  20  002B              	ENDIF
  20  002B              ;# 20 "d:\mike\holtek_c\project\ht66f2690_i2c_ht24lc64\main.c" 1
  20  002B              	IF (200000< ( 040bh + __PBP__ * 2)) AND (200000> ( 0403h + __PBP__ * 2))
  20  002B              ;# 20 "d:\mike\holtek_c\project\ht66f2690_i2c_ht24lc64\main.c" 1
  20  002B              	MOV A,0 
  20  002B              ;# 20 "d:\mike\holtek_c\project\ht66f2690_i2c_ht24lc64\main.c" 1
  20  002B              	fcall __DELAYX6 + ( 040ah + __PBP__ * 2) -200000
  20  002B              	ENDIF
  20  002B              ;# 20 "d:\mike\holtek_c\project\ht66f2690_i2c_ht24lc64\main.c" 1
  20  002B              	IF (200000 >= ( 040bh + __PBP__ * 2)) AND ((((200000-( 9 + __PBP__ * 2))%0402h)/4+1)>256)
"File: main.c        Assembler  Version HGASM0202      Page 6

  20  002B              ;# 20 "d:\mike\holtek_c\project\ht66f2690_i2c_ht24lc64\main.c" 1
  20  002B              	MOV A,(200000-( 9 + __PBP__ * 2))/0402h
  20  002B              ;# 20 "d:\mike\holtek_c\project\ht66f2690_i2c_ht24lc64\main.c" 1
  20  002B              	MOV _builtin_holtek_delay_2,A
  20  002B              ;# 20 "d:\mike\holtek_c\project\ht66f2690_i2c_ht24lc64\main.c" 1
  20  002B              	MOV A,0
  20  002B              ;# 20 "d:\mike\holtek_c\project\ht66f2690_i2c_ht24lc64\main.c" 1
  20  002B              	fcall __DELAYY5 +5- (((200000-( 9 + __PBP__ * 2))%0402h)%6) 
  20  002B              	ENDIF
  20  002B              ;# 20 "d:\mike\holtek_c\project\ht66f2690_i2c_ht24lc64\main.c" 1
  20  002B              	IF (200000 >= ( 040bh + __PBP__ * 2)) AND ((((200000-( 9 + __PBP__ * 2))%0402h)/4+1)<=256)
  20  002B              ;# 20 "d:\mike\holtek_c\project\ht66f2690_i2c_ht24lc64\main.c" 1
  20  002B  0FC2        	MOV A,(200000-( 9 + __PBP__ * 2))/0402h
  20  002C              ;# 20 "d:\mike\holtek_c\project\ht66f2690_i2c_ht24lc64\main.c" 1
  20  002C  0080     E  	MOV _builtin_holtek_delay_2,A
  20  002D              ;# 20 "d:\mike\holtek_c\project\ht66f2690_i2c_ht24lc64\main.c" 1
  20  002D  0FEC        	MOV A,((200000-( 9 + __PBP__ * 2))%0402h)/4+1
  20  002E              ;# 20 "d:\mike\holtek_c\project\ht66f2690_i2c_ht24lc64\main.c" 1
  20  002E              	fcall __DELAYY3 +3-(((200000-( 9 + __PBP__ * 2))%0402h)%4) 
  20  0035              	ENDIF
  20  0035  2800     R  	jmp _L2
  20  0036  2800     R  	jmp $
  20  0037              _main endp
  20  0037              
  20  0037              @dummy endp
  20  0037              
  20  0037              #line 20 "d:\mike\holtek_c\project\ht66f2690_i2c_ht24lc64\main.c"
  20  0037              #pragma debug scope 1 1
  20  0037              #pragma debug struct_end
  20  0037              #pragma debug struct_end
  20  0037              #pragma debug union_end
  20  0037              #pragma debug union_end
  20  0037              #pragma debug variable 43 1 ___wdtc "__wdtc" 1
   7  0037              #line 7 "d:\mike\holtek_c\project\ht66f2690_i2c_ht24lc64\main.c"
   7  0000              @code .section at 0 'code'
   7  0000  1F0B        	clr bp
   7  0001  2800     R  	jmp _main_startup1
   7  0002              
   7  0002              extern _clockSetSystemSrc_2:byte
   7  0002              extern _clockSetSystemSrc:near
   7  0002              extern _I2C_init:near
   7  0002              extern _I2C_HT24LC64_read_2:byte
   7  0002              extern _I2C_HT24LC64_read:near
   7  0002              
   7  0002              ; 
   7  0002              ; Generated by holtek-gcc v3.19, Wed May 17 16:10:07 2023
   7  0002              ; Rebuild 718
   7  0002              ; end of file


        0 Errors, 0