"File: uartuse.c     Assembler  Version HGASM0202      Page 1


   1  0000              ; Generated by holtek-gcc v3.19, Wed Jul 05 14:46:46 2023
   2  0000              ; 
   3  0000              ; Configuration:
   4  0000              ;       with long instruction
   5  0000              ;       Multi-ROM, Multi-RAM
   6  0000              ;       bits_per_rom_unit:16
   7  0000              ;       with mp1
   8  0000              ;       with tbhp, address(0x9)
   9  0000              ;          Use tabrd-const
  10  0000              ;       
  11  0000              ; SFR address of long-instruction arch:
  12  0000              ;    mp0 = -1,1,0
  13  0000              ;    mp1 = 4,3,2
  14  0000              ;    mp2 = 14,13,12
  15  0000              ;    tbp = 9,7,8
  16  0000              ;    acc = 5
  17  0000              ;    pcl = 6
  18  0000              ;    status = 10
  19  0000              ;    bp = 11
  20  0000              ;    intc = 16
  21  0000              ;       
  22  0000              ;       
  23  0000              ; use 'tabrdc' instead of 'tabrd'
  24  0000              ;       
  25  0000              
  26  0000              #pragma translator "holtek-gcc 4.6.4" "3.19" "build 20130711"
  27  0000              ; Rebuild 718
  28  0000              
  29  0000              ir equ [2]
  30  0000              mp equ [3]
  31  0000              sbp equ [4]
  32  0000              acc equ [5]
  33  0000              bp equ [11]
  34  0000              tblp equ [7]
  35  0000              tbhp equ [9]
  36  0000              status equ [10]
  37  0000              c equ [10].0
  38  0000              ac equ [10].1
  39  0000              z equ [10].2
  40  0000              ov equ [10].3
  41  0000              cz equ [10].6
  42  0000              sc equ [10].7
  43  0000              intc equ [16]
  44  0000              mduwr0 equ [59h]
  45  0000              mduwr1 equ [5ah]
  46  0000              mduwr2 equ [5bh]
  47  0000              mduwr3 equ [5ch]
  48  0000              mduwr4 equ [5dh]
  49  0000              mduwr5 equ [5eh]
  50  0000              mduwrctrl equ [5fh]
  51  0000              
  52  0000              extern ra:byte
  53  0000              extern rb:byte
  54  0000              extern rc:byte
  55  0000              extern rd:byte
  56  0000              extern re:byte
  57  0000              extern rf:byte
  58  0000              extern rg:byte
  59  0000              extern rh:byte
"File: uartuse.ASM   Assembler  Version HGASM0202      Page 2

  60  0000              extern _Crom2Prom:near
  61  0000              extern _Crom2PromNext:near
  62  0000              
  63  0000              RAMBANK 0 @BITDATASEC, @BITDATASEC1
  64  0000              @HCCINIT	.section 'data'
  65  0000              @HCCINIT0	.section 'data'
  66  0000              @BITDATASEC	 .section 'data'
  67  0000              @BITDATASEC1	 .section 'data'
  68  0000              
  69  0000              #pragma debug scope 1 1
  70  0000              	extern __DELAY3:near
  71  0000              	extern __DELAYX3:near
  72  0000              	extern __DELAYX6:near
  73  0000              	extern __DELAYY5:near
  74  0000              	extern __DELAYY3:near
  75  0000              	extern _builtin_holtek_delay_2:byte
  76  0000              ___pas1 equ [334]
  77  0000              ___u0cr1 equ [273]
  78  0000              ___u0cr2 equ [274]
  79  0000              ___mfi5 equ [56]
  80  0000              ___intc3 equ [19]
  81  0000              ___intc0 equ [16]
  82  0000              ___brg0 equ [276]
  83  0000              ___brg2 equ [271]
  84  0000              ___pbs0 equ [335]
  85  0000              ___u2cr1 equ [268]
  86  0000              ___u2cr2 equ [269]
  87  0000              ___pds0 equ [339]
  88  0000              ___u1cr1 equ [278]
  89  0000              ___u1cr2 equ [279]
  90  0000              ___brg1 equ [281]
  91  0000              public _uart_init
  92  0000              #pragma debug scope 2 1

  13  0000              #line 13 "d:\mike\holtek_c\componets\common\uartuse.c"
  13  0000              _uart_init .section 'code'
  13  0000              _uart_init proc
  13  0000              public _uart_init_2
  13  0000  0003[           local _uart_init_2 db 3 dup(?)	; 2,1
            00
            ]
  13  0000  0080     E  	mov ra,a
  13  0001  0080     R  	mov _uart_init_2[2],a
  13  0002              #pragma debug variable 8 2 _uart_init_2+2 "UART_port"
  13  0002              #pragma debug variable 9 2 _uart_init_2+0 "baudrate"
  14  0002              #line 14 "d:\mike\holtek_c\componets\common\uartuse.c"
  14  0002  0700     E  	mov a,ra
  14  0003  0A10        	sub a,16
  14  0004  390A        	snz z
  14  0005  2800     R  	jmp _L2
  17  0006              #line 17 "d:\mike\holtek_c\componets\common\uartuse.c"
  17  0006  0FF0        	mov a,240
  17  0007  80CE 0001   	lmov [334],a
  19  0009              #line 19 "d:\mike\holtek_c\componets\common\uartuse.c"
  19  0009  0F80        	mov a,128
  19  000A  8091 0001   	lmov [273],a
  20  000C              #line 20 "d:\mike\holtek_c\componets\common\uartuse.c"
  20  000C  0FE4        	mov a,228
  20  000D  8092 0001   	lmov [274],a
  22  000F              #line 22 "d:\mike\holtek_c\componets\common\uartuse.c"
"File: uartuse.c     Assembler  Version HGASM0202      Page 3

  22  000F  3038        	set [56].0
  23  0010              #line 23 "d:\mike\holtek_c\componets\common\uartuse.c"
  23  0010  3193        	set [19].3
  24  0011              #line 24 "d:\mike\holtek_c\componets\common\uartuse.c"
  24  0011  3010        	set [16].0
  26  0012              #line 26 "d:\mike\holtek_c\componets\common\uartuse.c"
  26  0012  0700     R  	mov a,_uart_init_2[0]
  26  0013  0A80        	sub a,128
  26  0014  0700     R  	mov a,_uart_init_2[1]
  26  0015  0825        	sbc a,37
  26  0016  3B0A        	snz cz
  26  0017  2800     R  	jmp _L3
  28  0018              #line 28 "d:\mike\holtek_c\componets\common\uartuse.c"
  28  0018  0F67        	mov a,103
  28  0019  8094 0001   	lmov [276],a
  28  001B  2800     R  	jmp _L1
  28  001C              _L3:
  36  001C              #line 36 "d:\mike\holtek_c\componets\common\uartuse.c"
  36  001C  0700     R  	mov a,_uart_init_2[0]
  36  001D  0AC0        	sub a,192
  36  001E  0700     R  	mov a,_uart_init_2[1]
  36  001F  0812        	sbc a,18
  36  0020  3B0A        	snz cz
  36  0021  2800     R  	jmp _L1
  36  0022  2800     R  	jmp _L10
  36  0023              _L2:
  42  0023              #line 42 "d:\mike\holtek_c\componets\common\uartuse.c"
  42  0023  0700     R  	mov a,_uart_init_2[2]
  42  0024  0A30        	sub a,48
  42  0025  390A        	snz z
  42  0026  2800     R  	jmp _L6
  44  0027              #line 44 "d:\mike\holtek_c\componets\common\uartuse.c"
  44  0027  0F2C        	mov a,44
  44  0028  80CF 0001   	lmov [335],a
  46  002A              #line 46 "d:\mike\holtek_c\componets\common\uartuse.c"
  46  002A  0F80        	mov a,128
  46  002B  808C 0001   	lmov [268],a
  47  002D              #line 47 "d:\mike\holtek_c\componets\common\uartuse.c"
  47  002D  0FE4        	mov a,228
  47  002E  808D 0001   	lmov [269],a
  49  0030              #line 49 "d:\mike\holtek_c\componets\common\uartuse.c"
  49  0030  3138        	set [56].2
  50  0031              #line 50 "d:\mike\holtek_c\componets\common\uartuse.c"
  50  0031  3193        	set [19].3
  51  0032              #line 51 "d:\mike\holtek_c\componets\common\uartuse.c"
  51  0032  3010        	set [16].0
  53  0033              #line 53 "d:\mike\holtek_c\componets\common\uartuse.c"
  53  0033  0700     R  	mov a,_uart_init_2[0]
  53  0034  0A80        	sub a,128
  53  0035  0700     R  	mov a,_uart_init_2[1]
  53  0036  0825        	sbc a,37
  53  0037  3B0A        	snz cz
  53  0038  2800     R  	jmp _L7
  55  0039              #line 55 "d:\mike\holtek_c\componets\common\uartuse.c"
  55  0039  0F67        	mov a,103
  55  003A  808F 0001   	lmov [271],a
  55  003C  2800     R  	jmp _L1
  55  003D              _L7:
  63  003D              #line 63 "d:\mike\holtek_c\componets\common\uartuse.c"
  63  003D  0700     R  	mov a,_uart_init_2[0]
"File: uartuse.c     Assembler  Version HGASM0202      Page 4

  63  003E  0AC0        	sub a,192
  63  003F  0700     R  	mov a,_uart_init_2[1]
  63  0040  0812        	sbc a,18
  63  0041  3B0A        	snz cz
  63  0042  2800     R  	jmp _L1
  63  0043              _L10:
  65  0043              #line 65 "d:\mike\holtek_c\componets\common\uartuse.c"
  65  0043  0FCF        	mov a,207
  65  0044  808F 0001   	lmov [271],a
  65  0046  2800     R  	jmp _L1
  65  0047              _L6:
  70  0047              #line 70 "d:\mike\holtek_c\componets\common\uartuse.c"
  70  0047  0700     R  	mov a,_uart_init_2[2]
  70  0048  0A20        	sub a,32
  70  0049  390A        	snz z
  70  004A  2800     R  	jmp _L1
  72  004B              #line 72 "d:\mike\holtek_c\componets\common\uartuse.c"
  72  004B  0F28        	mov a,40
  72  004C  80D3 0001   	lmov [339],a
  74  004E              #line 74 "d:\mike\holtek_c\componets\common\uartuse.c"
  74  004E  0F80        	mov a,128
  74  004F  8096 0001   	lmov [278],a
  75  0051              #line 75 "d:\mike\holtek_c\componets\common\uartuse.c"
  75  0051  0FE4        	mov a,228
  75  0052  8097 0001   	lmov [279],a
  77  0054              #line 77 "d:\mike\holtek_c\componets\common\uartuse.c"
  77  0054  30B8        	set [56].1
  78  0055              #line 78 "d:\mike\holtek_c\componets\common\uartuse.c"
  78  0055  3193        	set [19].3
  79  0056              #line 79 "d:\mike\holtek_c\componets\common\uartuse.c"
  79  0056  3010        	set [16].0
  82  0057              #line 82 "d:\mike\holtek_c\componets\common\uartuse.c"
  82  0057  0700     R  	mov a,_uart_init_2[0]
  82  0058  0A80        	sub a,128
  82  0059  0700     R  	mov a,_uart_init_2[1]
  82  005A  0825        	sbc a,37
  82  005B  3B0A        	snz cz
  82  005C  2800     R  	jmp _L9
  84  005D              #line 84 "d:\mike\holtek_c\componets\common\uartuse.c"
  84  005D  0F67        	mov a,103
  84  005E  8099 0001   	lmov [281],a
  84  0060  2800     R  	jmp _L1
  84  0061              _L9:
  92  0061              #line 92 "d:\mike\holtek_c\componets\common\uartuse.c"
  92  0061  0700     R  	mov a,_uart_init_2[0]
  92  0062  0AC0        	sub a,192
  92  0063  0700     R  	mov a,_uart_init_2[1]
  92  0064  0812        	sbc a,18
  92  0065  3B0A        	snz cz
  92  0066  2800     R  	jmp _L1
  94  0067              #line 94 "d:\mike\holtek_c\componets\common\uartuse.c"
  94  0067  0FCF        	mov a,207
  94  0068  8099 0001   	lmov [281],a
  94  006A              _L1:
  94  006A  0003        	ret
  94  006B              _uart_init endp
  94  006B              #line 94 "d:\mike\holtek_c\componets\common\uartuse.c"
  94  006B              #pragma debug scope 1 1
  94  006B              ___txr_rxr1 equ [280]
  94  006B              ___u1sr equ [277]
"File: uartuse.c     Assembler  Version HGASM0202      Page 5

  94  006B              public _uartWrite
  94  006B              #pragma debug scope 3 1
 105  006B              #line 105 "d:\mike\holtek_c\componets\common\uartuse.c"
 105  0000              _uartWrite .section 'code'
 105  0000              _uartWrite proc
 105  0000              public _uartWrite_2
 105  0000  0003[           local _uartWrite_2 db 3 dup(?)	; 3,0
            00
            ]
 105  0003              #pragma debug pointer 42 8 3
 105  0003              #pragma debug pointer 42 8 3
 105  0003              #pragma debug variable 42 3 _uartWrite_2+0 "data"
 105  0003              #pragma debug variable 8 3 _uartWrite_2+2 "length"
 105  0000  0700     R  	mov a,_uartWrite_2[0]
 105  0001  0080     E  	mov rb,a
 105  0002  0700     R  	mov a,_uartWrite_2[1]
 105  0003  0080     E  	mov rc,a
 125  0004              #line 125 "d:\mike\holtek_c\componets\common\uartuse.c"
 125  0004  2800     R  	jmp _L13
 125  0005              _L16:
 127  0005              #line 127 "d:\mike\holtek_c\componets\common\uartuse.c"
 127  0005  0700     E  	mov a,rb
 127  0006  0083        	mov mp,a
 127  0007  0700     E  	mov a,rc
 127  0008  0084        	mov sbp,a
 127  0009              	fcall _Crom2Prom
 127  0010  8098 0001   	lmov [280],a
 127  0012              _L15:
 128  0012              #line 128 "d:\mike\holtek_c\componets\common\uartuse.c"
 128  0012  B815 0001   	lsnz [277].0
 128  0014  2800     R  	jmp _L15
 128  0015  1480     E  	inc rb
 128  0016  3D0A        	sz z
 128  0017  1480     E  	inc rc
 128  0018              _L13:
 125  0018              #line 125 "d:\mike\holtek_c\componets\common\uartuse.c"
 125  0018  1580     R  	dec _uartWrite_2[2]
 125  0019  1600     R  	siza _uartWrite_2[2]
 125  001A  2800     R  	jmp _L16
 125  001B  0003        	ret
 125  001C              _uartWrite endp
 125  001C              #line 125 "d:\mike\holtek_c\componets\common\uartuse.c"
 125  001C              #pragma debug scope 1 1
 125  001C              public _x
 125  0000              @HCCINIT	.section 'data'
   4  0000              #line 4 "d:\mike\holtek_c\componets\common\uartuse.c"
   4  0000              @HCCINIT_x .section 'data'
   4  0000              _x label byte
   4  0000              #pragma debug variable 11 1 _x "x"
   4  0000              	db 0
   4  0000              @ROMDATA_BASE .section inpage 'code'
   4  0000              	db 0
   4  0001              @HCCINIT_x .section 'data'
   4  0001              	db 0
   4  0001              @ROMDATA_BASE .section inpage 'code'
   4  0001              	db 0
   4  0002              @HCCINIT_x .section 'data'
   4  0002              #pragma debug struct_end
   4  0002              #pragma debug struct_end
   4  0002              #pragma debug union_end
"File: uartuse.c     Assembler  Version HGASM0202      Page 6

   4  0002              #pragma debug union_end
   4  0002              #pragma debug variable 44 1 ___intc0 "__intc0" 1
   4  0002              #pragma debug struct_end
   4  0002              #pragma debug struct_end
   4  0002              #pragma debug union_end
   4  0002              #pragma debug union_end
   4  0002              #pragma debug variable 46 1 ___intc3 "__intc3" 1
   4  0002              #pragma debug struct_end
   4  0002              #pragma debug struct_end
   4  0002              #pragma debug union_end
   4  0002              #pragma debug union_end
   4  0002              #pragma debug variable 48 1 ___mfi5 "__mfi5" 1
   4  0002              #pragma debug struct_end
   4  0002              #pragma debug struct_end
   4  0002              #pragma debug union_end
   4  0002              #pragma debug union_end
   4  0002              #pragma debug variable 50 1 ___u2cr1 "__u2cr1" 1
   4  0002              #pragma debug struct_end
   4  0002              #pragma debug struct_end
   4  0002              #pragma debug union_end
   4  0002              #pragma debug union_end
   4  0002              #pragma debug variable 52 1 ___u2cr2 "__u2cr2" 1
   4  0002              #pragma debug variable 8 1 ___brg2 "__brg2" 1
   4  0002              #pragma debug struct_end
   4  0002              #pragma debug struct_end
   4  0002              #pragma debug union_end
   4  0002              #pragma debug union_end
   4  0002              #pragma debug variable 54 1 ___u0cr1 "__u0cr1" 1
   4  0002              #pragma debug struct_end
   4  0002              #pragma debug struct_end
   4  0002              #pragma debug union_end
   4  0002              #pragma debug union_end
   4  0002              #pragma debug variable 56 1 ___u0cr2 "__u0cr2" 1
   4  0002              #pragma debug variable 8 1 ___brg0 "__brg0" 1
   4  0002              #pragma debug struct_end
   4  0002              #pragma debug struct_end
   4  0002              #pragma debug union_end
   4  0002              #pragma debug union_end
   4  0002              #pragma debug variable 58 1 ___u1sr "__u1sr" 1
   4  0002              #pragma debug struct_end
   4  0002              #pragma debug struct_end
   4  0002              #pragma debug union_end
   4  0002              #pragma debug union_end
   4  0002              #pragma debug variable 60 1 ___u1cr1 "__u1cr1" 1
   4  0002              #pragma debug struct_end
   4  0002              #pragma debug struct_end
   4  0002              #pragma debug union_end
   4  0002              #pragma debug union_end
   4  0002              #pragma debug variable 62 1 ___u1cr2 "__u1cr2" 1
   4  0002              #pragma debug variable 8 1 ___txr_rxr1 "__txr_rxr1" 1
   4  0002              #pragma debug variable 8 1 ___brg1 "__brg1" 1
   4  0002              #pragma debug struct_end
   4  0002              #pragma debug struct_end
   4  0002              #pragma debug union_end
   4  0002              #pragma debug union_end
   4  0002              #pragma debug variable 64 1 ___pas1 "__pas1" 1
   4  0002              #pragma debug struct_end
   4  0002              #pragma debug struct_end
   4  0002              #pragma debug union_end
   4  0002              #pragma debug union_end
"File: uartuse.c     Assembler  Version HGASM0202      Page 7

   4  0002              #pragma debug variable 66 1 ___pbs0 "__pbs0" 1
   4  0002              #pragma debug struct_end
   4  0002              #pragma debug struct_end
   4  0002              #pragma debug union_end
   4  0002              #pragma debug union_end
   4  0002              #pragma debug variable 68 1 ___pds0 "__pds0" 1
   4  0002              
   4  0002              ; 
   4  0002              ; Generated by holtek-gcc v3.19, Wed Jul 05 14:46:46 2023
   4  0002              ; Rebuild 718
   4  0002              ; end of file


        0 Errors, 0